#
# A fatal error has been detected by the Java Runtime Environment:
#
#  SIGSEGV (0xb) at pc=0x00007f3c359a8c1e, pid=9506, tid=0x00007f3bf47dc700
#
# JRE version: OpenJDK Runtime Environment (8.0_172-b11) (build 1.8.0_172-b11)
# Java VM: OpenJDK 64-Bit Server VM (25.172-b11 mixed mode linux-amd64 compressed oops)
# Problematic frame:
# J 4020 C1 org.codehaus.groovy.runtime.callsite.AbstractCallSite.call(Ljava/lang/Object;Ljava/lang/Object;Ljava/lang/Object;)Ljava/lang/Object; (42 bytes) @ 0x00007f3c359a8c1e [0x00007f3c359a8aa0+0x17e]
#
# Core dump written. Default location: /home/angeldat/Documents/_2018_05_27Ulsaventon/core or core.9506
#
# If you would like to submit a bug report, please visit:
#   http://bugreport.java.com/bugreport/crash.jsp
#

---------------  T H R E A D  ---------------

Current thread (0x00007f3c45c0c800):  JavaThread "http-nio-8080-exec-2" daemon [_thread_in_Java, id=9541, stack(0x00007f3bf46dc000,0x00007f3bf47dd000)]

siginfo: si_signo: 11 (SIGSEGV), si_code: 1 (SEGV_MAPERR), si_addr: 0x0000000000001fa8

Registers:
RAX=0x00000000f32986d0, RBX=0x0000000000000000, RCX=0x00007f3c347ff000, RDX=0x00000000f32986e4
RSP=0x00007f3bf47d47d0, RBP=0x00007f3bf47d48b0, RSI=0x00000001000112b8, RDI=0x0000000000000028
R8 =0x0000000000001fa0, R9 =0x00000000f0a35ce0, R10=0x00000000d1500b00, R11=0x00000000d4374410
R12=0x0000000000000000, R13=0x00000000d1500b00, R14=0x0000000100074140, R15=0x00007f3c45c0c800
RIP=0x00007f3c359a8c1e, EFLAGS=0x0000000000010206, CSGSFS=0x002b000000000033, ERR=0x0000000000000004
  TRAPNO=0x000000000000000e

Top of Stack: (sp=0x00007f3bf47d47d0)
0x00007f3bf47d47d0:   00007f3c32cd8230 00007f3c45c0c800
0x00007f3bf47d47e0:   0000000400000002 0000000000000000
0x00007f3bf47d47f0:   0000000000000000 7b7e2a6ae26b5600
0x00007f3bf47d4800:   00007f3bf47d48b0 00000000000000b9
0x00007f3bf47d4810:   0000000000000000 00007f3bbee54a86
0x00007f3bf47d4820:   00007f3bf47d48c8 00007f3c45c0c800
0x00007f3bf47d4830:   00007f3bf47d48b0 00007f3c35007e54
0x00007f3bf47d4840:   00007f3bf47d48b0 00007f3c35007e54
0x00007f3bf47d4850:   0000000000001fa0 00000000d1500b00
0x00007f3bf47d4860:   00000000d4374410 00000000f0a35ce0
0x00007f3bf47d4870:   00007f3bf47d4870 00007f3bbee54a86
0x00007f3bf47d4880:   00007f3bf47d48c8 00007f3bbee627e0
0x00007f3bf47d4890:   0000000000000000 00007f3bbee54ab0
0x00007f3bf47d48a0:   00007f3bf47d4850 00007f3bf47d48c8
0x00007f3bf47d48b0:   00007f3bf47d4910 00007f3c35007d80
0x00007f3bf47d48c0:   00000000f0a35688 0000000000001fa0
0x00007f3bf47d48d0:   00007f3bf47d48d0 00007f3bbee46769
0x00007f3bf47d48e0:   00007f3bf47d4930 00007f3bbee60648
0x00007f3bf47d48f0:   0000000000000000 00007f3bbee46770
0x00007f3bf47d4900:   00007f3bf47d48c8 00007f3bf47d4920
0x00007f3bf47d4910:   00007f3bf47d4978 00007f3c35007e54
0x00007f3bf47d4920:   0000000000001fa0 0000000000000000
0x00007f3bf47d4930:   00000000f0935528 00007f3bf47d4938
0x00007f3bf47d4940:   00007f3bf7007397 00007f3bf47d4990
0x00007f3bf47d4950:   00007f3bf615e458 0000000000000000
0x00007f3bf47d4960:   00007f3bf70073d8 00007f3bf47d4920
0x00007f3bf47d4970:   00007f3bf47d4990 00007f3bf47d49f0
0x00007f3bf47d4980:   00007f3c350004e7 0000000000000000
0x00007f3bf47d4990:   0000000000001fa0 00007f3bf70073d8
0x00007f3bf47d49a0:   00007f3bf47d4bd0 00007f3bf47d4a90
0x00007f3bf47d49b0:   00007f3c45c0c800 00007f3c45c0c800
0x00007f3bf47d49c0:   00007f3bf47d4a90 00007f3bf47d4bb8 

Instructions: (pc=0x00007f3c359a8c1e)
0x00007f3c359a8bfe:   f0 7f 34 3c 7f 00 00 c6 04 0a 00 48 8d 50 14 49
0x00007f3c359a8c0e:   83 f8 00 0f 84 47 00 00 00 8b 70 08 48 c1 e6 03
0x00007f3c359a8c1e:   41 8b 78 08 48 c1 e7 03 48 8b b6 e0 00 00 00 48
0x00007f3c359a8c2e:   3b fe 0f 84 28 00 00 00 8b 5e 0c 48 3b 34 1f 0f 

Register to memory mapping:

RAX=0x00000000f32986d0 is an oop
[Ljava.lang.Object; 
 - klass: 'java/lang/Object'[]
 - length: 2
RBX=0x0000000000000000 is an unknown value
RCX=0x00007f3c347ff000 is an unknown value
RDX=0x00000000f32986e4 is an unknown value
RSP=0x00007f3bf47d47d0 is pointing into the stack for thread: 0x00007f3c45c0c800
RBP=0x00007f3bf47d48b0 is pointing into the stack for thread: 0x00007f3c45c0c800
RSI=0x00000001000112b8 is pointing into metadata
RDI=0x0000000000000028 is an unknown value
R8 =0x0000000000001fa0 is an unknown value
R9 =0x00000000f0a35ce0 is an oop
org.codehaus.groovy.runtime.callsite.AbstractCallSite 
 - klass: 'org/codehaus/groovy/runtime/callsite/AbstractCallSite'
R10=0x00000000d1500b00 is an oop
java.lang.Class 
 - klass: 'java/lang/Class'
R11=0x00000000d4374410 is an oop
java.lang.Class 
 - klass: 'java/lang/Class'
R12=0x0000000000000000 is an unknown value
R13=0x00000000d1500b00 is an oop
java.lang.Class 
 - klass: 'java/lang/Class'
R14=0x0000000100074140 is pointing into metadata
R15=0x00007f3c45c0c800 is a thread


Stack: [0x00007f3bf46dc000,0x00007f3bf47dd000],  sp=0x00007f3bf47d47d0,  free space=993k
Native frames: (J=compiled Java code, j=interpreted, Vv=VM code, C=native code)
J 4020 C1 org.codehaus.groovy.runtime.callsite.AbstractCallSite.call(Ljava/lang/Object;Ljava/lang/Object;Ljava/lang/Object;)Ljava/lang/Object; (42 bytes) @ 0x00007f3c359a8c1e [0x00007f3c359a8aa0+0x17e]
j  mx.edu.ulsaoaxaca.aventon.Chofer$$EQuMLHPk.executeQuery(Ljava/lang/CharSequence;)Ljava/util/List;+14
j  mx.edu.ulsaoaxaca.aventon.Chofer$$DQuMLHPk.executeQuery(Lmx/edu/ulsaoaxaca/aventon/Chofer;Ljava/lang/CharSequence;)Ljava/util/List;+1
j  mx.edu.ulsaoaxaca.aventon.Chofer.executeQuery(Ljava/lang/CharSequence;)Ljava/util/List;+23
v  ~StubRoutines::call_stub
V  [libjvm.so+0x68121b]
V  [libjvm.so+0x96fe25]
V  [libjvm.so+0x971805]
V  [libjvm.so+0x6cdb31]  JVM_InvokeMethod+0x111
J 2007  sun.reflect.NativeMethodAccessorImpl.invoke0(Ljava/lang/reflect/Method;Ljava/lang/Object;[Ljava/lang/Object;)Ljava/lang/Object; (0 bytes) @ 0x00007f3c35591dad [0x00007f3c35591cc0+0xed]
J 2006 C1 sun.reflect.NativeMethodAccessorImpl.invoke(Ljava/lang/Object;[Ljava/lang/Object;)Ljava/lang/Object; (104 bytes) @ 0x00007f3c35592454 [0x00007f3c355920e0+0x374]
J 786 C1 sun.reflect.DelegatingMethodAccessorImpl.invoke(Ljava/lang/Object;[Ljava/lang/Object;)Ljava/lang/Object; (10 bytes) @ 0x00007f3c35390fc4 [0x00007f3c35390f80+0x44]
J 785 C1 java.lang.reflect.Method.invoke(Ljava/lang/Object;[Ljava/lang/Object;)Ljava/lang/Object; (62 bytes) @ 0x00007f3c35390bd4 [0x00007f3c35390ae0+0xf4]
J 1911 C1 org.springsource.loaded.ri.ReflectiveInterceptor.jlrMethodInvoke(Ljava/lang/reflect/Method;Ljava/lang/Object;[Ljava/lang/Object;)Ljava/lang/Object; (2214 bytes) @ 0x00007f3c3555ab14 [0x00007f3c355594e0+0x1634]
J 3666 C1 org.codehaus.groovy.reflection.CachedMethod.invoke(Ljava/lang/Object;[Ljava/lang/Object;)Ljava/lang/Object; (70 bytes) @ 0x00007f3c35578874 [0x00007f3c35578840+0x34]
J 1984 C1 groovy.lang.MetaMethod.doMethodInvoke(Ljava/lang/Object;[Ljava/lang/Object;)Ljava/lang/Object; (22 bytes) @ 0x00007f3c35585914 [0x00007f3c355858a0+0x74]
J 4521 C1 org.codehaus.groovy.runtime.metaclass.MethodMetaProperty$GetBeanMethodMetaProperty.getProperty(Ljava/lang/Object;)Ljava/lang/Object; (12 bytes) @ 0x00007f3c35aa9dcc [0x00007f3c35aa9d80+0x4c]
J 10836 C1 org.codehaus.groovy.runtime.callsite.GetEffectivePogoPropertySite.getProperty(Ljava/lang/Object;)Ljava/lang/Object; (15 bytes) @ 0x00007f3c366fee44 [0x00007f3c366fee00+0x44]
J 3667 C1 org.codehaus.groovy.runtime.callsite.AbstractCallSite.callGetProperty(Ljava/lang/Object;)Ljava/lang/Object; (12 bytes) @ 0x00007f3c355090a4 [0x00007f3c35509040+0x64]
j  home_angeldat_Documents__2018_05_27Ulsaventon_grails_app_views_usuarios_perfil_gsp$_run_closure2.doCall()Ljava/lang/Object;+189
v  ~StubRoutines::call_stub
V  [libjvm.so+0x68121b]
V  [libjvm.so+0x96fe25]
V  [libjvm.so+0x971805]
V  [libjvm.so+0x6cdb31]  JVM_InvokeMethod+0x111
J 2007  sun.reflect.NativeMethodAccessorImpl.invoke0(Ljava/lang/reflect/Method;Ljava/lang/Object;[Ljava/lang/Object;)Ljava/lang/Object; (0 bytes) @ 0x00007f3c35591dad [0x00007f3c35591cc0+0xed]
J 2006 C1 sun.reflect.NativeMethodAccessorImpl.invoke(Ljava/lang/Object;[Ljava/lang/Object;)Ljava/lang/Object; (104 bytes) @ 0x00007f3c35592454 [0x00007f3c355920e0+0x374]
J 786 C1 sun.reflect.DelegatingMethodAccessorImpl.invoke(Ljava/lang/Object;[Ljava/lang/Object;)Ljava/lang/Object; (10 bytes) @ 0x00007f3c35390fc4 [0x00007f3c35390f80+0x44]
J 785 C1 java.lang.reflect.Method.invoke(Ljava/lang/Object;[Ljava/lang/Object;)Ljava/lang/Object; (62 bytes) @ 0x00007f3c35390bd4 [0x00007f3c35390ae0+0xf4]
J 1911 C1 org.springsource.loaded.ri.ReflectiveInterceptor.jlrMethodInvoke(Ljava/lang/reflect/Method;Ljava/lang/Object;[Ljava/lang/Object;)Ljava/lang/Object; (2214 bytes) @ 0x00007f3c3555ac64 [0x00007f3c355594e0+0x1784]
J 3666 C1 org.codehaus.groovy.reflection.CachedMethod.invoke(Ljava/lang/Object;[Ljava/lang/Object;)Ljava/lang/Object; (70 bytes) @ 0x00007f3c35578874 [0x00007f3c35578840+0x34]
J 1984 C1 groovy.lang.MetaMethod.doMethodInvoke(Ljava/lang/Object;[Ljava/lang/Object;)Ljava/lang/Object; (22 bytes) @ 0x00007f3c35585914 [0x00007f3c355858a0+0x74]
J 3629 C1 org.codehaus.groovy.runtime.metaclass.ClosureMetaClass.invokeMethod(Ljava/lang/Class;Ljava/lang/Object;Ljava/lang/String;[Ljava/lang/Object;ZZ)Ljava/lang/Object; (872 bytes) @ 0x00007f3c358cfbfc [0x00007f3c358cea20+0x11dc]
J 1888 C1 groovy.lang.MetaClassImpl.invokeMethod(Ljava/lang/Object;Ljava/lang/String;[Ljava/lang/Object;)Ljava/lang/Object; (14 bytes) @ 0x00007f3c3554a75c [0x00007f3c3554a700+0x5c]
J 4088 C1 groovy.lang.Closure.call([Ljava/lang/Object;)Ljava/lang/Object; (30 bytes) @ 0x00007f3c359cc03c [0x00007f3c359cbfc0+0x7c]
J 9109 C1 groovy.lang.Closure.call()Ljava/lang/Object; (10 bytes) @ 0x00007f3c3633c00c [0x00007f3c3633bfc0+0x4c]
J 10256 C1 org.grails.taglib.TagBodyClosure.captureClosureOutput(Ljava/lang/Object;Z)Ljava/lang/Object; (214 bytes) @ 0x00007f3c3658af84 [0x00007f3c3658a980+0x604]
J 10255 C1 org.grails.taglib.TagBodyClosure.call()Ljava/lang/Object; (7 bytes) @ 0x00007f3c36589c84 [0x00007f3c36589c40+0x44]
J 10362 C1 org.grails.plugins.web.taglib.SitemeshTagLib.captureTagContent(Lorg/grails/buffer/GrailsPrintWriter;Ljava/lang/String;Ljava/util/Map;Ljava/lang/Object;Z)Ljava/lang/Object; (402 bytes) @ 0x00007f3c365d22dc [0x00007f3c365d2100+0x1dc]
j  org.grails.plugins.web.taglib.SitemeshTagLib.captureTagContent(Lorg/grails/buffer/GrailsPrintWriter;Ljava/lang/String;Ljava/util/Map;Ljava/lang/Object;)Ljava/lang/Object;+25
j  org.grails.plugins.web.taglib.SitemeshTagLib$_closure3.doCall(Ljava/util/Map;Ljava/lang/Object;)Ljava/lang/Object;+37
j  sun.reflect.GeneratedMethodAccessor341.invoke(Ljava/lang/Object;[Ljava/lang/Object;)Ljava/lang/Object;+48
J 786 C1 sun.reflect.DelegatingMethodAccessorImpl.invoke(Ljava/lang/Object;[Ljava/lang/Object;)Ljava/lang/Object; (10 bytes) @ 0x00007f3c35390fc4 [0x00007f3c35390f80+0x44]
J 785 C1 java.lang.reflect.Method.invoke(Ljava/lang/Object;[Ljava/lang/Object;)Ljava/lang/Object; (62 bytes) @ 0x00007f3c35390bd4 [0x00007f3c35390ae0+0xf4]
J 1911 C1 org.springsource.loaded.ri.ReflectiveInterceptor.jlrMethodInvoke(Ljava/lang/reflect/Method;Ljava/lang/Object;[Ljava/lang/Object;)Ljava/lang/Object; (2214 bytes) @ 0x00007f3c3555ac64 [0x00007f3c355594e0+0x1784]
J 3666 C1 org.codehaus.groovy.reflection.CachedMethod.invoke(Ljava/lang/Object;[Ljava/lang/Object;)Ljava/lang/Object; (70 bytes) @ 0x00007f3c35578874 [0x00007f3c35578840+0x34]
J 1984 C1 groovy.lang.MetaMethod.doMethodInvoke(Ljava/lang/Object;[Ljava/lang/Object;)Ljava/lang/Object; (22 bytes) @ 0x00007f3c35585914 [0x00007f3c355858a0+0x74]
J 3629 C1 org.codehaus.groovy.runtime.metaclass.ClosureMetaClass.invokeMethod(Ljava/lang/Class;Ljava/lang/Object;Ljava/lang/String;[Ljava/lang/Object;ZZ)Ljava/lang/Object; (872 bytes) @ 0x00007f3c358cfbfc [0x00007f3c358cea20+0x11dc]
J 1888 C1 groovy.lang.MetaClassImpl.invokeMethod(Ljava/lang/Object;Ljava/lang/String;[Ljava/lang/Object;)Ljava/lang/Object; (14 bytes) @ 0x00007f3c3554a75c [0x00007f3c3554a700+0x5c]
J 4088 C1 groovy.lang.Closure.call([Ljava/lang/Object;)Ljava/lang/Object; (30 bytes) @ 0x00007f3c359cc03c [0x00007f3c359cbfc0+0x7c]
J 9419 C1 org.grails.gsp.GroovyPage.invokeTagLibClosure(Ljava/lang/String;Ljava/lang/String;Lgroovy/lang/Closure;Ljava/util/Map;Lgroovy/lang/Closure;ZLjava/util/Map;)V (239 bytes) @ 0x00007f3c363db1ec [0x00007f3c363daba0+0x64c]
J 8992 C1 org.grails.gsp.GroovyPage.invokeTag(Ljava/lang/String;Ljava/lang/String;ILjava/util/Map;I)V (791 bytes) @ 0x00007f3c36307ed4 [0x00007f3c363074c0+0xa14]
J 10398 C1 org.grails.gsp.GroovyPage$invokeTag$4.callCurrent(Lgroovy/lang/GroovyObject;[Ljava/lang/Object;)Ljava/lang/Object; (59 bytes) @ 0x00007f3c365e97f4 [0x00007f3c365e9580+0x274]
J 4064 C1 org.codehaus.groovy.runtime.callsite.AbstractCallSite.callCurrent(Lgroovy/lang/GroovyObject;[Ljava/lang/Object;)Ljava/lang/Object; (7 bytes) @ 0x00007f3c359c0ff4 [0x00007f3c359c0f80+0x74]
j  home_angeldat_Documents__2018_05_27Ulsaventon_grails_app_views_usuarios_perfil_gsp.run()Ljava/lang/Object;+207
j  org.grails.gsp.GroovyPageWritable.doWriteTo(Lorg/grails/taglib/encoder/OutputContext;Ljava/io/Writer;)Ljava/io/Writer;+373
j  org.grails.gsp.GroovyPageWritable.writeTo(Ljava/io/Writer;)Ljava/io/Writer;+13
j  org.grails.web.servlet.view.GroovyPageView.renderTemplate(Ljava/util/Map;Lorg/grails/web/servlet/mvc/GrailsWebRequest;Ljavax/servlet/http/HttpServletRequest;Ljavax/servlet/http/HttpServletResponse;)V+64
j  org.grails.web.servlet.view.AbstractGrailsView.renderWithinGrailsWebRequest(Ljava/util/Map;Ljavax/servlet/http/HttpServletRequest;Ljavax/servlet/http/HttpServletResponse;)V+54
j  org.grails.web.servlet.view.AbstractGrailsView.renderMergedOutputModel(Ljava/util/Map;Ljavax/servlet/http/HttpServletRequest;Ljavax/servlet/http/HttpServletResponse;)V+10
j  org.springframework.web.servlet.view.AbstractView.render(Ljava/util/Map;Ljavax/servlet/http/HttpServletRequest;Ljavax/servlet/http/HttpServletResponse;)V+88
j  org.grails.web.sitemesh.GrailsLayoutView.renderInnerView(Ljava/util/Map;Lorg/grails/web/servlet/mvc/GrailsWebRequest;Ljavax/servlet/http/HttpServletRequest;Ljavax/servlet/http/HttpServletResponse;Lorg/grails/web/sitemesh/GrailsContentBufferingResponse;)V+30
j  org.grails.web.sitemesh.GrailsLayoutView.obtainContent(Ljava/util/Map;Lorg/grails/web/servlet/mvc/GrailsWebRequest;Ljavax/servlet/http/HttpServletRequest;Ljavax/servlet/http/HttpServletResponse;)Lcom/opensymphony/sitemesh/Content;+86
j  org.grails.web.sitemesh.GrailsLayoutView.renderTemplate(Ljava/util/Map;Lorg/grails/web/servlet/mvc/GrailsWebRequest;Ljavax/servlet/http/HttpServletRequest;Ljavax/servlet/http/HttpServletResponse;)V+47
j  org.grails.web.servlet.view.AbstractGrailsView.renderWithinGrailsWebRequest(Ljava/util/Map;Ljavax/servlet/http/HttpServletRequest;Ljavax/servlet/http/HttpServletResponse;)V+54
j  org.grails.web.servlet.view.AbstractGrailsView.renderMergedOutputModel(Ljava/util/Map;Ljavax/servlet/http/HttpServletRequest;Ljavax/servlet/http/HttpServletResponse;)V+10
j  org.springframework.web.servlet.view.AbstractView.render(Ljava/util/Map;Ljavax/servlet/http/HttpServletRequest;Ljavax/servlet/http/HttpServletResponse;)V+88
j  org.springframework.web.servlet.DispatcherServlet.render(Lorg/springframework/web/servlet/ModelAndView;Ljavax/servlet/http/HttpServletRequest;Ljavax/servlet/http/HttpServletResponse;)V+246
j  org.springframework.web.servlet.DispatcherServlet.processDispatchResult(Ljavax/servlet/http/HttpServletRequest;Ljavax/servlet/http/HttpServletResponse;Lorg/springframework/web/servlet/HandlerExecutionChain;Lorg/springframework/web/servlet/ModelAndView;Ljava/lang/Exception;)V+99
j  org.springframework.web.servlet.DispatcherServlet.doDispatch(Ljavax/servlet/http/HttpServletRequest;Ljavax/servlet/http/HttpServletResponse;)V+424
j  org.springframework.web.servlet.DispatcherServlet.doService(Ljavax/servlet/http/HttpServletRequest;Ljavax/servlet/http/HttpServletResponse;)V+307
j  org.springframework.web.servlet.FrameworkServlet.processRequest(Ljavax/servlet/http/HttpServletRequest;Ljavax/servlet/http/HttpServletResponse;)V+71
j  org.springframework.web.servlet.FrameworkServlet.doGet(Ljavax/servlet/http/HttpServletRequest;Ljavax/servlet/http/HttpServletResponse;)V+3
j  javax.servlet.http.HttpServlet.service(Ljavax/servlet/http/HttpServletRequest;Ljavax/servlet/http/HttpServletResponse;)V+35
j  org.springframework.web.servlet.FrameworkServlet.service(Ljavax/servlet/http/HttpServletRequest;Ljavax/servlet/http/HttpServletResponse;)V+33
j  javax.servlet.http.HttpServlet.service(Ljavax/servlet/ServletRequest;Ljavax/servlet/ServletResponse;)V+31
J 8330 C1 org.apache.catalina.core.ApplicationFilterChain.internalDoFilter(Ljavax/servlet/ServletRequest;Ljavax/servlet/ServletResponse;)V (388 bytes) @ 0x00007f3c36199fd4 [0x00007f3c36199dc0+0x214]
J 8327 C1 org.apache.catalina.core.ApplicationFilterChain.doFilter(Ljavax/servlet/ServletRequest;Ljavax/servlet/ServletResponse;)V (105 bytes) @ 0x00007f3c361992f4 [0x00007f3c361992c0+0x34]
j  org.apache.tomcat.websocket.server.WsFilter.doFilter(Ljavax/servlet/ServletRequest;Ljavax/servlet/ServletResponse;Ljavax/servlet/FilterChain;)V+21
J 8330 C1 org.apache.catalina.core.ApplicationFilterChain.internalDoFilter(Ljavax/servlet/ServletRequest;Ljavax/servlet/ServletResponse;)V (388 bytes) @ 0x00007f3c3619a244 [0x00007f3c36199dc0+0x484]
J 8327 C1 org.apache.catalina.core.ApplicationFilterChain.doFilter(Ljavax/servlet/ServletRequest;Ljavax/servlet/ServletResponse;)V (105 bytes) @ 0x00007f3c361992f4 [0x00007f3c361992c0+0x34]
j  org.springframework.boot.web.filter.ApplicationContextHeaderFilter.doFilterInternal(Ljavax/servlet/http/HttpServletRequest;Ljavax/servlet/http/HttpServletResponse;Ljavax/servlet/FilterChain;)V+20
J 8794 C1 org.springframework.web.filter.OncePerRequestFilter.doFilter(Ljavax/servlet/ServletRequest;Ljavax/servlet/ServletResponse;Ljavax/servlet/FilterChain;)V (139 bytes) @ 0x00007f3c36283e04 [0x00007f3c36283b80+0x284]
J 8330 C1 org.apache.catalina.core.ApplicationFilterChain.internalDoFilter(Ljavax/servlet/ServletRequest;Ljavax/servlet/ServletResponse;)V (388 bytes) @ 0x00007f3c3619a244 [0x00007f3c36199dc0+0x484]
J 8327 C1 org.apache.catalina.core.ApplicationFilterChain.doFilter(Ljavax/servlet/ServletRequest;Ljavax/servlet/ServletResponse;)V (105 bytes) @ 0x00007f3c361992f4 [0x00007f3c361992c0+0x34]
J 10204 C1 org.springframework.boot.actuate.trace.WebRequestTraceFilter.doFilterInternal(Ljavax/servlet/http/HttpServletRequest;Ljavax/servlet/http/HttpServletResponse;Ljavax/servlet/FilterChain;)V (168 bytes) @ 0x00007f3c36571014 [0x00007f3c36570f40+0xd4]
J 8794 C1 org.springframework.web.filter.OncePerRequestFilter.doFilter(Ljavax/servlet/ServletRequest;Ljavax/servlet/ServletResponse;Ljavax/servlet/FilterChain;)V (139 bytes) @ 0x00007f3c36283e04 [0x00007f3c36283b80+0x284]
J 8330 C1 org.apache.catalina.core.ApplicationFilterChain.internalDoFilter(Ljavax/servlet/ServletRequest;Ljavax/servlet/ServletResponse;)V (388 bytes) @ 0x00007f3c3619a244 [0x00007f3c36199dc0+0x484]
J 8327 C1 org.apache.catalina.core.ApplicationFilterChain.doFilter(Ljavax/servlet/ServletRequest;Ljavax/servlet/ServletResponse;)V (105 bytes) @ 0x00007f3c361992f4 [0x00007f3c361992c0+0x34]
J 9841 C1 org.springframework.security.web.FilterChainProxy$VirtualFilterChain.doFilter(Ljavax/servlet/ServletRequest;Ljavax/servlet/ServletResponse;)V (198 bytes) @ 0x00007f3c364b972c [0x00007f3c364b8d60+0x9cc]
j  org.springframework.security.web.access.intercept.FilterSecurityInterceptor.invoke(Lorg/springframework/security/web/FilterInvocation;)V+87
j  org.springframework.security.web.access.intercept.FilterSecurityInterceptor.doFilter(Ljavax/servlet/ServletRequest;Ljavax/servlet/ServletResponse;Ljavax/servlet/FilterChain;)V+15
J 9841 C1 org.springframework.security.web.FilterChainProxy$VirtualFilterChain.doFilter(Ljavax/servlet/ServletRequest;Ljavax/servlet/ServletResponse;)V (198 bytes) @ 0x00007f3c364b96cc [0x00007f3c364b8d60+0x96c]
j  org.springframework.security.web.access.ExceptionTranslationFilter.doFilter(Ljavax/servlet/ServletRequest;Ljavax/servlet/ServletResponse;Ljavax/servlet/FilterChain;)V+17
j  grails.plugin.springsecurity.web.UpdateRequestContextHolderExceptionTranslationFilter.doFilter(Ljavax/servlet/ServletRequest;Ljavax/servlet/ServletResponse;Ljavax/servlet/FilterChain;)V+161
J 9841 C1 org.springframework.security.web.FilterChainProxy$VirtualFilterChain.doFilter(Ljavax/servlet/ServletRequest;Ljavax/servlet/ServletResponse;)V (198 bytes) @ 0x00007f3c364b96cc [0x00007f3c364b8d60+0x96c]
j  grails.plugin.springsecurity.web.filter.GrailsAnonymousAuthenticationFilter.doFilter(Ljavax/servlet/ServletRequest;Ljavax/servlet/ServletResponse;Ljavax/servlet/FilterChain;)V+18
J 9841 C1 org.springframework.security.web.FilterChainProxy$VirtualFilterChain.doFilter(Ljavax/servlet/ServletRequest;Ljavax/servlet/ServletResponse;)V (198 bytes) @ 0x00007f3c364b96cc [0x00007f3c364b8d60+0x96c]
j  org.springframework.security.web.authentication.rememberme.RememberMeAuthenticationFilter.doFilter(Ljavax/servlet/ServletRequest;Ljavax/servlet/ServletResponse;Ljavax/servlet/FilterChain;)V+332
J 9841 C1 org.springframework.security.web.FilterChainProxy$VirtualFilterChain.doFilter(Ljavax/servlet/ServletRequest;Ljavax/servlet/ServletResponse;)V (198 bytes) @ 0x00007f3c364b96cc [0x00007f3c364b8d60+0x96c]
...<more frames>...


---------------  P R O C E S S  ---------------

Java Threads: ( => current thread )
  0x00007f3c44017000 JavaThread "DestroyJavaVM" [_thread_blocked, id=9508, stack(0x00007f3c4b0ea000,0x00007f3c4b1ea000)]
  0x00007f3c45a30800 JavaThread "Thread-6" daemon [_thread_blocked, id=9556, stack(0x00007f3bbf6f7000,0x00007f3bbf7f8000)]
  0x00007f3c455ed800 JavaThread "Thread-8" [_thread_blocked, id=9555, stack(0x00007f3bbf7f8000,0x00007f3bbf8f9000)]
  0x00007f3c45c52800 JavaThread "Thread-7" daemon [_thread_in_native, id=9554, stack(0x00007f3bbf8f9000,0x00007f3bbf9fa000)]
  0x00007f3c45c3e000 JavaThread "http-nio-8080-AsyncTimeout" daemon [_thread_blocked, id=9553, stack(0x00007f3bbf9fa000,0x00007f3bbfafb000)]
  0x00007f3c45c3c000 JavaThread "http-nio-8080-Acceptor-0" daemon [_thread_in_native, id=9552, stack(0x00007f3bbfafb000,0x00007f3bbfbfc000)]
  0x00007f3c45c3a000 JavaThread "http-nio-8080-ClientPoller-1" daemon [_thread_in_native, id=9551, stack(0x00007f3bbfbfc000,0x00007f3bbfcfd000)]
  0x00007f3c45c2c000 JavaThread "http-nio-8080-ClientPoller-0" daemon [_thread_in_native, id=9550, stack(0x00007f3bbfcfd000,0x00007f3bbfdfe000)]
  0x00007f3c45c1c000 JavaThread "http-nio-8080-exec-10" daemon [_thread_blocked, id=9549, stack(0x00007f3bbfdfe000,0x00007f3bbfeff000)]
  0x00007f3c45c1a000 JavaThread "http-nio-8080-exec-9" daemon [_thread_blocked, id=9548, stack(0x00007f3bbfeff000,0x00007f3bc0000000)]
  0x00007f3c45c18000 JavaThread "http-nio-8080-exec-8" daemon [_thread_blocked, id=9547, stack(0x00007f3bf40d6000,0x00007f3bf41d7000)]
  0x00007f3c45c16000 JavaThread "http-nio-8080-exec-7" daemon [_thread_blocked, id=9546, stack(0x00007f3bf41d7000,0x00007f3bf42d8000)]
  0x00007f3c45c14000 JavaThread "http-nio-8080-exec-6" daemon [_thread_blocked, id=9545, stack(0x00007f3bf42d8000,0x00007f3bf43d9000)]
  0x00007f3c45c12000 JavaThread "http-nio-8080-exec-5" daemon [_thread_blocked, id=9544, stack(0x00007f3bf43d9000,0x00007f3bf44da000)]
  0x00007f3c45c10000 JavaThread "http-nio-8080-exec-4" daemon [_thread_blocked, id=9543, stack(0x00007f3bf44da000,0x00007f3bf45db000)]
  0x00007f3c45c0e800 JavaThread "http-nio-8080-exec-3" daemon [_thread_blocked, id=9542, stack(0x00007f3bf45db000,0x00007f3bf46dc000)]
=>0x00007f3c45c0c800 JavaThread "http-nio-8080-exec-2" daemon [_thread_in_Java, id=9541, stack(0x00007f3bf46dc000,0x00007f3bf47dd000)]
  0x00007f3c45c0b000 JavaThread "http-nio-8080-exec-1" daemon [_thread_blocked, id=9540, stack(0x00007f3bf47dd000,0x00007f3bf48de000)]
  0x00007f3c45c08800 JavaThread "NioBlockingSelector.BlockPoller-1" daemon [_thread_in_native, id=9539, stack(0x00007f3bf48de000,0x00007f3bf49df000)]
  0x00007f3c45457800 JavaThread "container-0" [_thread_blocked, id=9538, stack(0x00007f3bf4fdf000,0x00007f3bf50e0000)]
  0x00007f3c45455800 JavaThread "ContainerBackgroundProcessor[StandardEngine[Tomcat]]" daemon [_thread_blocked, id=9537, stack(0x00007f3bf50e0000,0x00007f3bf51e1000)]
  0x00007f3c45760800 JavaThread "Tomcat JDBC Pool Cleaner[414493378:1528266609710]" daemon [_thread_blocked, id=9532, stack(0x00007f3c30026000,0x00007f3c30127000)]
  0x00007f3c4482d000 JavaThread "FileSystemWatcher: files=#67 cl=sun.misc.Launcher$AppClassLoader@18b4aac2" daemon [_thread_blocked, id=9527, stack(0x00007f3c3073f000,0x00007f3c30840000)]
  0x00007f3c4479b800 JavaThread "Service Thread" daemon [_thread_blocked, id=9525, stack(0x00007f3c30954000,0x00007f3c30a55000)]
  0x00007f3c4478a800 JavaThread "C1 CompilerThread2" daemon [_thread_blocked, id=9524, stack(0x00007f3c30a56000,0x00007f3c30b56000)]
  0x00007f3c44788000 JavaThread "C2 CompilerThread1" daemon [_thread_blocked, id=9523, stack(0x00007f3c30b57000,0x00007f3c30c57000)]
  0x00007f3c44792800 JavaThread "C2 CompilerThread0" daemon [_thread_blocked, id=9522, stack(0x00007f3c30c58000,0x00007f3c30d58000)]
  0x00007f3c4418b000 JavaThread "Signal Dispatcher" daemon [_thread_blocked, id=9521, stack(0x00007f3c3117d000,0x00007f3c3127e000)]
  0x00007f3c44157800 JavaThread "Finalizer" daemon [_thread_blocked, id=9520, stack(0x00007f3c3141a000,0x00007f3c3151b000)]
  0x00007f3c44153000 JavaThread "Reference Handler" daemon [_thread_blocked, id=9519, stack(0x00007f3c3151b000,0x00007f3c3161c000)]

Other Threads:
  0x00007f3c4414b000 VMThread [stack: 0x00007f3c3161d000,0x00007f3c3171d000] [id=9518]
  0x00007f3c4479e000 WatcherThread [stack: 0x00007f3c30854000,0x00007f3c30954000] [id=9526]

VM state:not at safepoint (normal execution)

VM Mutex/Monitor currently owned by a thread: None

Heap:
 PSYoungGen      total 212992K, used 68236K [0x00000000f0000000, 0x0000000100000000, 0x0000000100000000)
  eden space 160768K, 32% used [0x00000000f0000000,0x00000000f329bb08,0x00000000f9d00000)
  from space 52224K, 31% used [0x00000000fcd00000,0x00000000fdd07678,0x0000000100000000)
  to   space 49152K, 0% used [0x00000000f9d00000,0x00000000f9d00000,0x00000000fcd00000)
 ParOldGen       total 524288K, used 131946K [0x00000000d0000000, 0x00000000f0000000, 0x00000000f0000000)
  object space 524288K, 25% used [0x00000000d0000000,0x00000000d80da988,0x00000000f0000000)
 Metaspace       used 75478K, capacity 80356K, committed 80600K, reserved 1118208K
  class space    used 9692K, capacity 11215K, committed 11264K, reserved 1048576K

Card table byte_map: [0x00007f3c34e7f000,0x00007f3c35000000] byte_map_base: 0x00007f3c347ff000

Marking Bits: (ParMarkBitMap*) 0x00007f3c4a3d9140
 Begin Bits: [0x00007f3c3317b000, 0x00007f3c33d7b000)
 End Bits:   [0x00007f3c33d7b000, 0x00007f3c3497b000)

Polling page: 0x00007f3c4b21d000

CodeCache: size=245760Kb used=26218Kb max_used=26218Kb free=219541Kb
 bounds [0x00007f3c35000000, 0x00007f3c369a0000, 0x00007f3c44000000]
 total_blobs=12569 nmethods=11775 adapters=707
 compilation: enabled

Compilation events (10 events):
Event: 325.516 Thread 0x00007f3c4478a800 11943   !   1       org.springsource.loaded.ri.ReloadedTypeInvoker::createJavaMethod (138 bytes)
Event: 325.518 Thread 0x00007f3c4478a800 nmethod 11943 0x00007f3c36998810 code [0x00007f3c36998a80, 0x00007f3c369993b8]
Event: 325.518 Thread 0x00007f3c4478a800 11945       1       sl.org.objectweb.asm.Type::getReturnType (18 bytes)
Event: 325.518 Thread 0x00007f3c4478a800 nmethod 11945 0x00007f3c3699a090 code [0x00007f3c3699a220, 0x00007f3c3699a468]
Event: 325.518 Thread 0x00007f3c4478a800 11946       1       org.springsource.loaded.Utils::slashedNamesToClasses (32 bytes)
Event: 325.518 Thread 0x00007f3c4478a800 nmethod 11946 0x00007f3c3699a5d0 code [0x00007f3c3699a760, 0x00007f3c3699aa18]
Event: 325.518 Thread 0x00007f3c4478a800 11947   !   1       org.springsource.loaded.jvm.JVM::newMethod (112 bytes)
Event: 325.520 Thread 0x00007f3c4478a800 nmethod 11947 0x00007f3c3699ac10 code [0x00007f3c3699ae20, 0x00007f3c3699b858]
Event: 325.520 Thread 0x00007f3c4478a800 11948   !   1       sun.reflect.GeneratedConstructorAccessor141::newInstance (281 bytes)
Event: 325.521 Thread 0x00007f3c4478a800 nmethod 11948 0x00007f3c3699c550 code [0x00007f3c3699c7a0, 0x00007f3c3699d4c8]

GC Heap History (10 events):
Event: 262.338 GC heap before
{Heap before GC invocations=49 (full 3):
 PSYoungGen      total 203776K, used 157340K [0x00000000f0000000, 0x0000000100000000, 0x0000000100000000)
  eden space 145920K, 99% used [0x00000000f0000000,0x00000000f8e0e4c0,0x00000000f8e80000)
  from space 57856K, 20% used [0x00000000f8e80000,0x00000000f9a18c68,0x00000000fc700000)
  to   space 56832K, 0% used [0x00000000fc880000,0x00000000fc880000,0x0000000100000000)
 ParOldGen       total 524288K, used 125148K [0x00000000d0000000, 0x00000000f0000000, 0x00000000f0000000)
  object space 524288K, 23% used [0x00000000d0000000,0x00000000d7a371b0,0x00000000f0000000)
 Metaspace       used 73682K, capacity 78206K, committed 78552K, reserved 1116160K
  class space    used 9462K, capacity 10905K, committed 11008K, reserved 1048576K
Event: 262.352 GC heap after
Heap after GC invocations=49 (full 3):
 PSYoungGen      total 206336K, used 10714K [0x00000000f0000000, 0x0000000100000000, 0x0000000100000000)
  eden space 149504K, 0% used [0x00000000f0000000,0x00000000f0000000,0x00000000f9200000)
  from space 56832K, 18% used [0x00000000fc880000,0x00000000fd2f68a8,0x0000000100000000)
  to   space 55808K, 0% used [0x00000000f9200000,0x00000000f9200000,0x00000000fc880000)
 ParOldGen       total 524288K, used 126466K [0x00000000d0000000, 0x00000000f0000000, 0x00000000f0000000)
  object space 524288K, 24% used [0x00000000d0000000,0x00000000d7b80868,0x00000000f0000000)
 Metaspace       used 73682K, capacity 78206K, committed 78552K, reserved 1116160K
  class space    used 9462K, capacity 10905K, committed 11008K, reserved 1048576K
}
Event: 269.642 GC heap before
{Heap before GC invocations=50 (full 3):
 PSYoungGen      total 206336K, used 160031K [0x00000000f0000000, 0x0000000100000000, 0x0000000100000000)
  eden space 149504K, 99% used [0x00000000f0000000,0x00000000f91d1600,0x00000000f9200000)
  from space 56832K, 18% used [0x00000000fc880000,0x00000000fd2f68a8,0x0000000100000000)
  to   space 55808K, 0% used [0x00000000f9200000,0x00000000f9200000,0x00000000fc880000)
 ParOldGen       total 524288K, used 126466K [0x00000000d0000000, 0x00000000f0000000, 0x00000000f0000000)
  object space 524288K, 24% used [0x00000000d0000000,0x00000000d7b80868,0x00000000f0000000)
 Metaspace       used 73711K, capacity 78294K, committed 78552K, reserved 1116160K
  class space    used 9464K, capacity 10909K, committed 11008K, reserved 1048576K
Event: 269.665 GC heap after
Heap after GC invocations=50 (full 3):
 PSYoungGen      total 205312K, used 9474K [0x00000000f0000000, 0x0000000100000000, 0x0000000100000000)
  eden space 149504K, 0% used [0x00000000f0000000,0x00000000f0000000,0x00000000f9200000)
  from space 55808K, 16% used [0x00000000f9200000,0x00000000f9b40928,0x00000000fc880000)
  to   space 54272K, 0% used [0x00000000fcb00000,0x00000000fcb00000,0x0000000100000000)
 ParOldGen       total 524288K, used 129614K [0x00000000d0000000, 0x00000000f0000000, 0x00000000f0000000)
  object space 524288K, 24% used [0x00000000d0000000,0x00000000d7e93970,0x00000000f0000000)
 Metaspace       used 73711K, capacity 78294K, committed 78552K, reserved 1116160K
  class space    used 9464K, capacity 10909K, committed 11008K, reserved 1048576K
}
Event: 285.999 GC heap before
{Heap before GC invocations=51 (full 3):
 PSYoungGen      total 205312K, used 158003K [0x00000000f0000000, 0x0000000100000000, 0x0000000100000000)
  eden space 149504K, 99% used [0x00000000f0000000,0x00000000f910c3d0,0x00000000f9200000)
  from space 55808K, 16% used [0x00000000f9200000,0x00000000f9b40928,0x00000000fc880000)
  to   space 54272K, 0% used [0x00000000fcb00000,0x00000000fcb00000,0x0000000100000000)
 ParOldGen       total 524288K, used 129614K [0x00000000d0000000, 0x00000000f0000000, 0x00000000f0000000)
  object space 524288K, 24% used [0x00000000d0000000,0x00000000d7e93970,0x00000000f0000000)
 Metaspace       used 73727K, capacity 78330K, committed 78552K, reserved 1116160K
  class space    used 9467K, capacity 10915K, committed 11008K, reserved 1048576K
Event: 286.010 GC heap after
Heap after GC invocations=51 (full 3):
 PSYoungGen      total 208896K, used 8029K [0x00000000f0000000, 0x0000000100000000, 0x0000000100000000)
  eden space 154624K, 0% used [0x00000000f0000000,0x00000000f0000000,0x00000000f9700000)
  from space 54272K, 14% used [0x00000000fcb00000,0x00000000fd2d7760,0x0000000100000000)
  to   space 53248K, 0% used [0x00000000f9700000,0x00000000f9700000,0x00000000fcb00000)
 ParOldGen       total 524288K, used 130193K [0x00000000d0000000, 0x00000000f0000000, 0x00000000f0000000)
  object space 524288K, 24% used [0x00000000d0000000,0x00000000d7f246b8,0x00000000f0000000)
 Metaspace       used 73727K, capacity 78330K, committed 78552K, reserved 1116160K
  class space    used 9467K, capacity 10915K, committed 11008K, reserved 1048576K
}
Event: 297.025 GC heap before
{Heap before GC invocations=52 (full 3):
 PSYoungGen      total 208896K, used 162653K [0x00000000f0000000, 0x0000000100000000, 0x0000000100000000)
  eden space 154624K, 100% used [0x00000000f0000000,0x00000000f9700000,0x00000000f9700000)
  from space 54272K, 14% used [0x00000000fcb00000,0x00000000fd2d7760,0x0000000100000000)
  to   space 53248K, 0% used [0x00000000f9700000,0x00000000f9700000,0x00000000fcb00000)
 ParOldGen       total 524288K, used 130193K [0x00000000d0000000, 0x00000000f0000000, 0x00000000f0000000)
  object space 524288K, 24% used [0x00000000d0000000,0x00000000d7f246b8,0x00000000f0000000)
 Metaspace       used 74108K, capacity 78880K, committed 79192K, reserved 1118208K
  class space    used 9538K, capacity 11022K, committed 11136K, reserved 1048576K
Event: 297.036 GC heap after
Heap after GC invocations=52 (full 3):
 PSYoungGen      total 207872K, used 7953K [0x00000000f0000000, 0x0000000100000000, 0x0000000100000000)
  eden space 154624K, 0% used [0x00000000f0000000,0x00000000f0000000,0x00000000f9700000)
  from space 53248K, 14% used [0x00000000f9700000,0x00000000f9ec4500,0x00000000fcb00000)
  to   space 52224K, 0% used [0x00000000fcd00000,0x00000000fcd00000,0x0000000100000000)
 ParOldGen       total 524288K, used 130233K [0x00000000d0000000, 0x00000000f0000000, 0x00000000f0000000)
  object space 524288K, 24% used [0x00000000d0000000,0x00000000d7f2e6b8,0x00000000f0000000)
 Metaspace       used 74108K, capacity 78880K, committed 79192K, reserved 1118208K
  class space    used 9538K, capacity 11022K, committed 11136K, reserved 1048576K
}
Event: 323.176 GC heap before
{Heap before GC invocations=53 (full 3):
 PSYoungGen      total 207872K, used 162577K [0x00000000f0000000, 0x0000000100000000, 0x0000000100000000)
  eden space 154624K, 100% used [0x00000000f0000000,0x00000000f9700000,0x00000000f9700000)
  from space 53248K, 14% used [0x00000000f9700000,0x00000000f9ec4500,0x00000000fcb00000)
  to   space 52224K, 0% used [0x00000000fcd00000,0x00000000fcd00000,0x0000000100000000)
 ParOldGen       total 524288K, used 130233K [0x00000000d0000000, 0x00000000f0000000, 0x00000000f0000000)
  object space 524288K, 24% used [0x00000000d0000000,0x00000000d7f2e6b8,0x00000000f0000000)
 Metaspace       used 75062K, capacity 79854K, committed 80088K, reserved 1118208K
  class space    used 9646K, capacity 11139K, committed 11264K, reserved 1048576K
Event: 323.194 GC heap after
Heap after GC invocations=53 (full 3):
 PSYoungGen      total 212992K, used 16413K [0x00000000f0000000, 0x0000000100000000, 0x0000000100000000)
  eden space 160768K, 0% used [0x00000000f0000000,0x00000000f0000000,0x00000000f9d00000)
  from space 52224K, 31% used [0x00000000fcd00000,0x00000000fdd07678,0x0000000100000000)
  to   space 49152K, 0% used [0x00000000f9d00000,0x00000000f9d00000,0x00000000fcd00000)
 ParOldGen       total 524288K, used 131946K [0x00000000d0000000, 0x00000000f0000000, 0x00000000f0000000)
  object space 524288K, 25% used [0x00000000d0000000,0x00000000d80da988,0x00000000f0000000)
 Metaspace       used 75062K, capacity 79854K, committed 80088K, reserved 1118208K
  class space    used 9646K, capacity 11139K, committed 11264K, reserved 1048576K
}

Deoptimization events (0 events):
No events

Classes redefined (0 events):
No events

Internal exceptions (10 events):
Event: 325.521 Thread 0x00007f3c45c0c800 Exception <a 'java/lang/ArrayIndexOutOfBoundsException'> (0x00000000f324d4d8) thrown at [/build/java8-openjdk/src/jdk8u-jdk8u172-b11/hotspot/src/share/vm/runtime/sharedRuntime.cpp, line 605]
Event: 325.521 Thread 0x00007f3c45c0c800 Exception <a 'java/lang/ArrayIndexOutOfBoundsException'> (0x00000000f3251248) thrown at [/build/java8-openjdk/src/jdk8u-jdk8u172-b11/hotspot/src/share/vm/runtime/sharedRuntime.cpp, line 605]
Event: 325.521 Thread 0x00007f3c45c0c800 Exception <a 'java/lang/ArrayIndexOutOfBoundsException'> (0x00000000f3253f80) thrown at [/build/java8-openjdk/src/jdk8u-jdk8u172-b11/hotspot/src/share/vm/runtime/sharedRuntime.cpp, line 605]
Event: 325.521 Thread 0x00007f3c45c0c800 Exception <a 'java/lang/ArrayIndexOutOfBoundsException'> (0x00000000f3259240) thrown at [/build/java8-openjdk/src/jdk8u-jdk8u172-b11/hotspot/src/share/vm/runtime/sharedRuntime.cpp, line 605]
Event: 325.521 Thread 0x00007f3c45c0c800 Exception <a 'java/lang/ArrayIndexOutOfBoundsException'> (0x00000000f325e9f8) thrown at [/build/java8-openjdk/src/jdk8u-jdk8u172-b11/hotspot/src/share/vm/runtime/sharedRuntime.cpp, line 605]
Event: 325.521 Thread 0x00007f3c45c0c800 Exception <a 'java/lang/ArrayIndexOutOfBoundsException'> (0x00000000f3263690) thrown at [/build/java8-openjdk/src/jdk8u-jdk8u172-b11/hotspot/src/share/vm/runtime/sharedRuntime.cpp, line 605]
Event: 325.521 Thread 0x00007f3c45c0c800 Exception <a 'java/lang/ArrayIndexOutOfBoundsException'> (0x00000000f326a1d0) thrown at [/build/java8-openjdk/src/jdk8u-jdk8u172-b11/hotspot/src/share/vm/runtime/sharedRuntime.cpp, line 605]
Event: 325.521 Thread 0x00007f3c45c0c800 Exception <a 'java/lang/ArrayIndexOutOfBoundsException'> (0x00000000f326f210) thrown at [/build/java8-openjdk/src/jdk8u-jdk8u172-b11/hotspot/src/share/vm/runtime/sharedRuntime.cpp, line 605]
Event: 325.521 Thread 0x00007f3c45c0c800 Exception <a 'java/lang/ArrayIndexOutOfBoundsException'> (0x00000000f3272ee8) thrown at [/build/java8-openjdk/src/jdk8u-jdk8u172-b11/hotspot/src/share/vm/runtime/sharedRuntime.cpp, line 605]
Event: 325.521 Thread 0x00007f3c45c0c800 Exception <a 'java/lang/ArrayIndexOutOfBoundsException'> (0x00000000f3274f20) thrown at [/build/java8-openjdk/src/jdk8u-jdk8u172-b11/hotspot/src/share/vm/runtime/sharedRuntime.cpp, line 605]

Events (10 events):
Event: 325.515 loading class mx/edu/ulsaoaxaca/aventon/ChoferBeanInfo
Event: 325.515 loading class mx/edu/ulsaoaxaca/aventon/ChoferBeanInfo done
Event: 325.515 loading class mx/edu/ulsaoaxaca/aventon/ChoferBeanInfo
Event: 325.515 loading class mx/edu/ulsaoaxaca/aventon/ChoferBeanInfo done
Event: 325.515 loading class mx/edu/ulsaoaxaca/aventon/ChoferCustomizer
Event: 325.515 loading class mx/edu/ulsaoaxaca/aventon/ChoferCustomizer done
Event: 325.515 loading class mx/edu/ulsaoaxaca/aventon/ChoferCustomizer
Event: 325.515 loading class mx/edu/ulsaoaxaca/aventon/ChoferCustomizer done
Event: 325.515 loading class mx/edu/ulsaoaxaca/aventon/ChoferCustomizer
Event: 325.515 loading class mx/edu/ulsaoaxaca/aventon/ChoferCustomizer done


Dynamic libraries:
d0000000-100b00000 rw-p 00000000 00:00 0 
100b00000-140000000 ---p 00000000 00:00 0 
55b61fd50000-55b61fd51000 r-xp 00000000 08:04 5374950                    /usr/lib/jvm/java-8-openjdk/jre/bin/java
55b61ff50000-55b61ff51000 r--p 00000000 08:04 5374950                    /usr/lib/jvm/java-8-openjdk/jre/bin/java
55b61ff51000-55b61ff52000 rw-p 00001000 08:04 5374950                    /usr/lib/jvm/java-8-openjdk/jre/bin/java
55b621e25000-55b621e46000 rw-p 00000000 00:00 0                          [heap]
7f3bac000000-7f3bac27d000 rw-p 00000000 00:00 0 
7f3bac27d000-7f3bb0000000 ---p 00000000 00:00 0 
7f3bb4000000-7f3bb40ac000 rw-p 00000000 00:00 0 
7f3bb40ac000-7f3bb8000000 ---p 00000000 00:00 0 
7f3bb8000000-7f3bb803e000 rw-p 00000000 00:00 0 
7f3bb803e000-7f3bbc000000 ---p 00000000 00:00 0 
7f3bbecf7000-7f3bbeeb7000 rw-p 00000000 00:00 0 
7f3bbeeb7000-7f3bbeef7000 ---p 00000000 00:00 0 
7f3bbeef7000-7f3bbf0f7000 rw-p 00000000 00:00 0 
7f3bbf0f7000-7f3bbf2f7000 rw-p 00000000 00:00 0 
7f3bbf2f7000-7f3bbf4f7000 rw-p 00000000 00:00 0 
7f3bbf4f7000-7f3bbf6f7000 rw-p 00000000 00:00 0 
7f3bbf6f7000-7f3bbf6fa000 ---p 00000000 00:00 0 
7f3bbf6fa000-7f3bbf7f8000 rw-p 00000000 00:00 0 
7f3bbf7f8000-7f3bbf7fb000 ---p 00000000 00:00 0 
7f3bbf7fb000-7f3bbf8f9000 rw-p 00000000 00:00 0 
7f3bbf8f9000-7f3bbf8fc000 ---p 00000000 00:00 0 
7f3bbf8fc000-7f3bbf9fa000 rw-p 00000000 00:00 0 
7f3bbf9fa000-7f3bbf9fd000 ---p 00000000 00:00 0 
7f3bbf9fd000-7f3bbfafb000 rw-p 00000000 00:00 0 
7f3bbfafb000-7f3bbfafe000 ---p 00000000 00:00 0 
7f3bbfafe000-7f3bbfbfc000 rw-p 00000000 00:00 0 
7f3bbfbfc000-7f3bbfbff000 ---p 00000000 00:00 0 
7f3bbfbff000-7f3bbfcfd000 rw-p 00000000 00:00 0 
7f3bbfcfd000-7f3bbfd00000 ---p 00000000 00:00 0 
7f3bbfd00000-7f3bbfdfe000 rw-p 00000000 00:00 0 
7f3bbfdfe000-7f3bbfe01000 ---p 00000000 00:00 0 
7f3bbfe01000-7f3bbfeff000 rw-p 00000000 00:00 0 
7f3bbfeff000-7f3bbff02000 ---p 00000000 00:00 0 
7f3bbff02000-7f3bc0000000 rw-p 00000000 00:00 0 
7f3bc0000000-7f3bc01c6000 rw-p 00000000 00:00 0 
7f3bc01c6000-7f3bc4000000 ---p 00000000 00:00 0 
7f3bc4000000-7f3bc403f000 rw-p 00000000 00:00 0 
7f3bc403f000-7f3bc8000000 ---p 00000000 00:00 0 
7f3bc8000000-7f3bc8038000 rw-p 00000000 00:00 0 
7f3bc8038000-7f3bcc000000 ---p 00000000 00:00 0 
7f3bcc000000-7f3bcc508000 rw-p 00000000 00:00 0 
7f3bcc508000-7f3bd0000000 ---p 00000000 00:00 0 
7f3bd0000000-7f3bd006c000 rw-p 00000000 00:00 0 
7f3bd006c000-7f3bd4000000 ---p 00000000 00:00 0 
7f3bd4000000-7f3bd41af000 rw-p 00000000 00:00 0 
7f3bd41af000-7f3bd8000000 ---p 00000000 00:00 0 
7f3bd8000000-7f3bd8021000 rw-p 00000000 00:00 0 
7f3bd8021000-7f3bdc000000 ---p 00000000 00:00 0 
7f3bdc000000-7f3bdc066000 rw-p 00000000 00:00 0 
7f3bdc066000-7f3be0000000 ---p 00000000 00:00 0 
7f3be0000000-7f3be0021000 rw-p 00000000 00:00 0 
7f3be0021000-7f3be4000000 ---p 00000000 00:00 0 
7f3be4000000-7f3be4021000 rw-p 00000000 00:00 0 
7f3be4021000-7f3be8000000 ---p 00000000 00:00 0 
7f3be8000000-7f3be802f000 rw-p 00000000 00:00 0 
7f3be802f000-7f3bec000000 ---p 00000000 00:00 0 
7f3bec000000-7f3bec08f000 rw-p 00000000 00:00 0 
7f3bec08f000-7f3bf0000000 ---p 00000000 00:00 0 
7f3bf0000000-7f3bf01b2000 rw-p 00000000 00:00 0 
7f3bf01b2000-7f3bf4000000 ---p 00000000 00:00 0 
7f3bf40d6000-7f3bf40d9000 ---p 00000000 00:00 0 
7f3bf40d9000-7f3bf41d7000 rw-p 00000000 00:00 0 
7f3bf41d7000-7f3bf41da000 ---p 00000000 00:00 0 
7f3bf41da000-7f3bf42d8000 rw-p 00000000 00:00 0 
7f3bf42d8000-7f3bf42db000 ---p 00000000 00:00 0 
7f3bf42db000-7f3bf43d9000 rw-p 00000000 00:00 0 
7f3bf43d9000-7f3bf43dc000 ---p 00000000 00:00 0 
7f3bf43dc000-7f3bf44da000 rw-p 00000000 00:00 0 
7f3bf44da000-7f3bf44dd000 ---p 00000000 00:00 0 
7f3bf44dd000-7f3bf45db000 rw-p 00000000 00:00 0 
7f3bf45db000-7f3bf45de000 ---p 00000000 00:00 0 
7f3bf45de000-7f3bf46dc000 rw-p 00000000 00:00 0 
7f3bf46dc000-7f3bf46df000 ---p 00000000 00:00 0 
7f3bf46df000-7f3bf47dd000 rw-p 00000000 00:00 0 
7f3bf47dd000-7f3bf47e0000 ---p 00000000 00:00 0 
7f3bf47e0000-7f3bf48de000 rw-p 00000000 00:00 0 
7f3bf48de000-7f3bf48e1000 ---p 00000000 00:00 0 
7f3bf48e1000-7f3bf4bdf000 rw-p 00000000 00:00 0 
7f3bf4bdf000-7f3bf4ddf000 rw-p 00000000 00:00 0 
7f3bf4ddf000-7f3bf4fdf000 rw-p 00000000 00:00 0 
7f3bf4fdf000-7f3bf4fe2000 ---p 00000000 00:00 0 
7f3bf4fe2000-7f3bf50e0000 rw-p 00000000 00:00 0 
7f3bf50e0000-7f3bf50e3000 ---p 00000000 00:00 0 
7f3bf50e3000-7f3bf53e1000 rw-p 00000000 00:00 0 
7f3bf53e1000-7f3bf53e4000 ---p 00000000 00:00 0 
7f3bf53e4000-7f3bf56e2000 rw-p 00000000 00:00 0 
7f3bf56e2000-7f3bf58e2000 rw-p 00000000 00:00 0 
7f3bf58e2000-7f3bf5ae2000 rw-p 00000000 00:00 0 
7f3bf5ae2000-7f3bf5ce2000 rw-p 00000000 00:00 0 
7f3bf5ce2000-7f3bf5ee2000 rw-p 00000000 00:00 0 
7f3bf5ee2000-7f3bf60e2000 rw-p 00000000 00:00 0 
7f3bf60e2000-7f3bf62e2000 rw-p 00000000 00:00 0 
7f3bf62e2000-7f3bf64e2000 rw-p 00000000 00:00 0 
7f3bf64e2000-7f3bf66e2000 rw-p 00000000 00:00 0 
7f3bf66e2000-7f3bf68d8000 rw-p 00000000 00:00 0 
7f3bf68d8000-7f3bf68e2000 ---p 00000000 00:00 0 
7f3bf68e2000-7f3bf6ae2000 rw-p 00000000 00:00 0 
7f3bf6ae2000-7f3bf6ce2000 rw-p 00000000 00:00 0 
7f3bf6ce2000-7f3bf6ee2000 rw-p 00000000 00:00 0 
7f3bf6ee2000-7f3bf70e2000 rw-p 00000000 00:00 0 
7f3bf70e2000-7f3bf70f3000 r-xp 00000000 08:04 5374905                    /usr/lib/jvm/java-8-openjdk/jre/lib/amd64/libnio.so
7f3bf70f3000-7f3bf72f3000 ---p 00011000 08:04 5374905                    /usr/lib/jvm/java-8-openjdk/jre/lib/amd64/libnio.so
7f3bf72f3000-7f3bf72f4000 r--p 00011000 08:04 5374905                    /usr/lib/jvm/java-8-openjdk/jre/lib/amd64/libnio.so
7f3bf72f4000-7f3bf72f5000 rw-p 00012000 08:04 5374905                    /usr/lib/jvm/java-8-openjdk/jre/lib/amd64/libnio.so
7f3bf72f5000-7f3bf74f5000 rw-p 00000000 00:00 0 
7f3bf74f5000-7f3bf76f5000 rw-p 00000000 00:00 0 
7f3bf76f5000-7f3bf76f8000 ---p 00000000 00:00 0 
7f3bf76f8000-7f3bf79f6000 rw-p 00000000 00:00 0 
7f3bf79f6000-7f3bf79fe000 r-xp 00000000 08:04 5374917                    /usr/lib/jvm/java-8-openjdk/jre/lib/amd64/libmanagement.so
7f3bf79fe000-7f3bf7bfe000 ---p 00008000 08:04 5374917                    /usr/lib/jvm/java-8-openjdk/jre/lib/amd64/libmanagement.so
7f3bf7bfe000-7f3bf7bff000 r--p 00008000 08:04 5374917                    /usr/lib/jvm/java-8-openjdk/jre/lib/amd64/libmanagement.so
7f3bf7bff000-7f3bf7c00000 rw-p 00009000 08:04 5374917                    /usr/lib/jvm/java-8-openjdk/jre/lib/amd64/libmanagement.so
7f3bf7c00000-7f3bf7e00000 rw-p 00000000 00:00 0 
7f3bf7e00000-7f3bf8000000 rw-p 00000000 00:00 0 
7f3bf8000000-7f3bf8021000 rw-p 00000000 00:00 0 
7f3bf8021000-7f3bfc000000 ---p 00000000 00:00 0 
7f3bfc000000-7f3bfc049000 rw-p 00000000 00:00 0 
7f3bfc049000-7f3c00000000 ---p 00000000 00:00 0 
7f3c00000000-7f3c00da4000 rw-p 00000000 00:00 0 
7f3c00da4000-7f3c04000000 ---p 00000000 00:00 0 
7f3c04000000-7f3c04021000 rw-p 00000000 00:00 0 
7f3c04021000-7f3c08000000 ---p 00000000 00:00 0 
7f3c08000000-7f3c08076000 rw-p 00000000 00:00 0 
7f3c08076000-7f3c0c000000 ---p 00000000 00:00 0 
7f3c0c000000-7f3c0c021000 rw-p 00000000 00:00 0 
7f3c0c021000-7f3c10000000 ---p 00000000 00:00 0 
7f3c10000000-7f3c10021000 rw-p 00000000 00:00 0 
7f3c10021000-7f3c14000000 ---p 00000000 00:00 0 
7f3c14000000-7f3c14021000 rw-p 00000000 00:00 0 
7f3c14021000-7f3c18000000 ---p 00000000 00:00 0 
7f3c18000000-7f3c1805a000 rw-p 00000000 00:00 0 
7f3c1805a000-7f3c1c000000 ---p 00000000 00:00 0 
7f3c1c000000-7f3c1c021000 rw-p 00000000 00:00 0 
7f3c1c021000-7f3c20000000 ---p 00000000 00:00 0 
7f3c20000000-7f3c2002e000 rw-p 00000000 00:00 0 
7f3c2002e000-7f3c24000000 ---p 00000000 00:00 0 
7f3c24000000-7f3c24021000 rw-p 00000000 00:00 0 
7f3c24021000-7f3c28000000 ---p 00000000 00:00 0 
7f3c28000000-7f3c28046000 rw-p 00000000 00:00 0 
7f3c28046000-7f3c2c000000 ---p 00000000 00:00 0 
7f3c2c000000-7f3c2c03c000 rw-p 00000000 00:00 0 
7f3c2c03c000-7f3c30000000 ---p 00000000 00:00 0 
7f3c30012000-7f3c3001c000 r--s 00116000 08:04 5374879                    /usr/lib/jvm/java-8-openjdk/jre/lib/ext/localedata.jar
7f3c3001c000-7f3c30021000 r--s 002f9000 08:04 5374306                    /usr/lib/jvm/java-8-openjdk/jre/lib/charsets.jar
7f3c30021000-7f3c30026000 r--s 0009d000 08:04 5374361                    /usr/lib/jvm/java-8-openjdk/jre/lib/jsse.jar
7f3c30026000-7f3c30029000 ---p 00000000 00:00 0 
7f3c30029000-7f3c30327000 rw-p 00000000 00:00 0 
7f3c30327000-7f3c30527000 rw-p 00000000 00:00 0 
7f3c30527000-7f3c3053e000 r-xp 00000000 08:04 5374927                    /usr/lib/jvm/java-8-openjdk/jre/lib/amd64/libnet.so
7f3c3053e000-7f3c3073d000 ---p 00017000 08:04 5374927                    /usr/lib/jvm/java-8-openjdk/jre/lib/amd64/libnet.so
7f3c3073d000-7f3c3073e000 r--p 00016000 08:04 5374927                    /usr/lib/jvm/java-8-openjdk/jre/lib/amd64/libnet.so
7f3c3073e000-7f3c3073f000 rw-p 00017000 08:04 5374927                    /usr/lib/jvm/java-8-openjdk/jre/lib/amd64/libnet.so
7f3c3073f000-7f3c30742000 ---p 00000000 00:00 0 
7f3c30742000-7f3c30840000 rw-p 00000000 00:00 0 
7f3c30840000-7f3c30853000 r--s 00346000 08:04 5374390                    /usr/lib/jvm/java-8-openjdk/jre/lib/resources.jar
7f3c30853000-7f3c30854000 ---p 00000000 00:00 0 
7f3c30854000-7f3c30954000 rw-p 00000000 00:00 0 
7f3c30954000-7f3c30957000 ---p 00000000 00:00 0 
7f3c30957000-7f3c30a55000 rw-p 00000000 00:00 0 
7f3c30a55000-7f3c30a56000 ---p 00000000 00:00 0 
7f3c30a56000-7f3c30a59000 ---p 00000000 00:00 0 
7f3c30a59000-7f3c30b56000 rw-p 00000000 00:00 0 
7f3c30b56000-7f3c30b57000 ---p 00000000 00:00 0 
7f3c30b57000-7f3c30b5a000 ---p 00000000 00:00 0 
7f3c30b5a000-7f3c30c57000 rw-p 00000000 00:00 0 
7f3c30c57000-7f3c30c58000 ---p 00000000 00:00 0 
7f3c30c58000-7f3c30c5b000 ---p 00000000 00:00 0 
7f3c30c5b000-7f3c30d58000 rw-p 00000000 00:00 0 
7f3c30d58000-7f3c30d5f000 r--s 00065000 08:04 923521                     /home/angeldat/.gradle/caches/modules-2/files-2.1/org.springframework/springloaded/1.2.8.RELEASE/b60bac05b0451cdc1863bfec617f39aa0dcaaa43/springloaded-1.2.8.RELEASE.jar
7f3c30d5f000-7f3c30d98000 r--s 00382000 08:04 8389602                    /home/angeldat/.gradle/caches/modules-2/files-2.1/com.google.javascript/closure-compiler-unshaded/v20160713/7df7b683e16c93f65361a15356283599ba012c78/closure-compiler-unshaded-v20160713.jar
7f3c30d98000-7f3c30da5000 r--s 00109000 08:04 8258486                    /home/angeldat/.gradle/caches/modules-2/files-2.1/org.mozilla/rhino/1.7R4/e982f2136574b9a423186fbaeaaa98dc3e5a5288/rhino-1.7R4.jar
7f3c30da5000-7f3c30db2000 r--s 00083000 08:04 8519781                    /home/angeldat/.gradle/caches/modules-2/files-2.1/commons-collections/commons-collections/3.2.2/8ad72fe39fa8c91eaaf12aadb21e0c3661fe26d5/commons-collections-3.2.2.jar
7f3c30db2000-7f3c30db9000 r--s 0003f000 08:04 8520623                    /home/angeldat/.gradle/caches/modules-2/files-2.1/commons-codec/commons-codec/1.10/4b95f4897fa13f2cd904aee711aeafc0c5295cd8/commons-codec-1.10.jar
7f3c30db9000-7f3c30dbd000 r--s 0000c000 08:04 8519725                    /home/angeldat/.gradle/caches/modules-2/files-2.1/javax.validation/validation-api/1.1.0.Final/8613ae82954779d518631e05daa73a6a954817d5/validation-api-1.1.0.Final.jar
7f3c30dbd000-7f3c30dc0000 r--s 00029000 08:04 8519763                    /home/angeldat/.gradle/caches/modules-2/files-2.1/commons-validator/commons-validator/1.5.1/86d05a46e8f064b300657f751b5a98c62807e2a0/commons-validator-1.5.1.jar
7f3c30dc0000-7f3c30dc6000 r--s 00027000 08:04 8520621                    /home/angeldat/.gradle/caches/modules-2/files-2.1/opensymphony/sitemesh/2.4/fa84c82cce30a9a632c08dd2277d63993d972cf5/sitemesh-2.4.jar
7f3c30dc6000-7f3c30dc8000 r--s 00007000 08:04 1727889                    /home/angeldat/.gradle/caches/modules-2/files-2.1/org.grails/grails-web-taglib/3.3.1/ca323146797a4ff2bb4f630890f4c400a0860395/grails-web-taglib-3.3.1.jar
7f3c30dc8000-7f3c30dcb000 r--s 00015000 08:04 1727887                    /home/angeldat/.gradle/caches/modules-2/files-2.1/org.grails/grails-taglib/3.3.1/772e8b5f992f6602cab07c7a58ab2924f97eed02/grails-taglib-3.3.1.jar
7f3c30dcb000-7f3c30dce000 r--s 0001d000 08:04 8005669                    /home/angeldat/.gradle/caches/modules-2/files-2.1/org.codehaus.groovy/groovy-json/2.4.15/f6f6890181821246398cd44ba1fdf74f55717697/groovy-json-2.4.15.jar
7f3c30dce000-7f3c30dd2000 r--s 00042000 08:04 1848804                    /home/angeldat/.gradle/caches/modules-2/files-2.1/com.fasterxml.jackson.core/jackson-core/2.8.11/876ead1db19f0c9e79c9789273a3ef8c6fd6c29b/jackson-core-2.8.11.jar
7f3c30dd2000-7f3c30dd5000 r--s 0000b000 08:04 8520613                    /home/angeldat/.gradle/caches/modules-2/files-2.1/com.fasterxml.jackson.core/jackson-annotations/2.8.0/45b426f7796b741035581a176744d91090e2e6fb/jackson-annotations-2.8.0.jar
7f3c30dd5000-7f3c30dd6000 r--s 00005000 08:04 1848802                    /home/angeldat/.gradle/caches/modules-2/files-2.1/org.grails/grails-codecs/3.3.5/bb53358f64ca12133716c228c4d73e35ad8fdfa2/grails-codecs-3.3.5.jar
7f3c30dd6000-7f3c30ddf000 r--s 0002d000 08:04 7996360                    /home/angeldat/.gradle/caches/modules-2/files-2.1/xml-apis/xml-apis/1.4.01/3789d9fada2d3d458c4ba2de349d48780f381ee3/xml-apis-1.4.01.jar
7f3c30ddf000-7f3c30de1000 r--s 00008000 08:04 8127417                    /home/angeldat/.gradle/caches/modules-2/files-2.1/javax.el/javax.el-api/2.2.4/1287562cc3f0ff5439ded6f2949e73ce1c0edaab/javax.el-api-2.2.4.jar
7f3c30de1000-7f3c30df2000 r--s 000a1000 08:04 6694096                    /home/angeldat/.gradle/caches/modules-2/files-2.1/org.hibernate/hibernate-validator/5.3.6.Final/4c730be8bf55a8e9a61e79a2f2c079abf48b718/hibernate-validator-5.3.6.Final.jar
7f3c30df2000-7f3c30dfa000 r--s 0005f000 08:04 7086883                    /home/angeldat/.gradle/caches/modules-2/files-2.1/org.grails/grails-datastore-gorm-hibernate-core/6.1.9.RELEASE/2e6cbb775454d058418ad721eb2da8de705ac68e/grails-datastore-gorm-hibernate-core-6.1.9.RELEASE.jar
7f3c30dfa000-7f3c30e0c000 r--s 000b9000 08:04 6694131                    /home/angeldat/.gradle/caches/modules-2/files-2.1/org.springframework/spring-web/4.3.16.RELEASE/9321f7c56e8c4561c92aa62f48a0cefe0a667315/spring-web-4.3.16.RELEASE.jar
7f3c30e0c000-7f3c30e11000 r--s 00026000 08:04 7738196                    /home/angeldat/.gradle/caches/modules-2/files-2.1/org.grails/scaffolding-core/1.1.1/c79e9bd310896f3afbba331170c54fa2ce7f9a5d/scaffolding-core-1.1.1.jar
7f3c30e11000-7f3c30e14000 r--s 00013000 08:04 7086887                    /home/angeldat/.gradle/caches/modules-2/files-2.1/org.grails/grails-datastore-gorm-validation/6.1.9.RELEASE/c1685a5eb890339816c3e256bd43367b1149cdef/grails-datastore-gorm-validation-6.1.9.RELEASE.jar
7f3c30e14000-7f3c30e16000 r--s 00014000 08:04 8520609                    /home/angeldat/.gradle/caches/modules-2/files-2.1/org.apache.tomcat.embed/tomcat-embed-logging-log4j/8.5.2/53bdd1eebc7393713261d178ac096a742423f940/tomcat-embed-logging-log4j-8.5.2.jar
7f3c30e16000-7f3c30e27000 r--s 000d1000 08:04 7086881                    /home/angeldat/.gradle/caches/modules-2/files-2.1/org.grails/grails-datastore-gorm/6.1.9.RELEASE/10aa03cbea4784b3b6b49d876796c987732b2ab1/grails-datastore-gorm-6.1.9.RELEASE.jar
7f3c30e27000-7f3c30e2a000 r--s 00012000 08:04 7221307                    /home/angeldat/.gradle/caches/modules-2/files-2.1/org.codehaus.groovy/groovy-sql/2.4.15/591ed2582868cb47fcac04eb50923faf52bfd231/groovy-sql-2.4.15.jar
7f3c30e2a000-7f3c30e34000 r--s 00060000 08:04 8136165                    /home/angeldat/.gradle/caches/modules-2/files-2.1/org.springframework/spring-jdbc/4.3.16.RELEASE/cf5cd0a29f58cdcd572a97b3becdb7a9ba970363/spring-jdbc-4.3.16.RELEASE.jar
7f3c30e34000-7f3c30e36000 r--s 00006000 08:04 1325223                    /home/angeldat/.gradle/caches/modules-2/files-2.1/org.grails/grails-plugin-domain-class/3.3.5/874a96c80b6ab4ebb34f61cfc4fb17edaf6a9640/grails-plugin-domain-class-3.3.5.jar
7f3c30e36000-7f3c30e37000 r--s 00004000 08:04 1848800                    /home/angeldat/.gradle/caches/modules-2/files-2.1/org.grails/grails-plugin-validation/3.3.5/96a80c98395abaa28f6d5151b8c1139cf8181b72/grails-plugin-validation-3.3.5.jar
7f3c30e37000-7f3c30e39000 r--s 00009000 08:04 1848798                    /home/angeldat/.gradle/caches/modules-2/files-2.1/org.grails/grails-plugin-mimetypes/3.3.5/86d6387a8b9f64f93e6a6301e9aeb20d5d1e3825/grails-plugin-mimetypes-3.3.5.jar
7f3c30e39000-7f3c30e3b000 r--s 0000b000 08:04 1727877                    /home/angeldat/.gradle/caches/modules-2/files-2.1/org.grails/grails-web-sitemesh/3.3.1/d639808f26ff1e16e32cb86129fd847961575abe/grails-web-sitemesh-3.3.1.jar
7f3c30e3b000-7f3c30e3d000 r--s 00011000 08:04 1727875                    /home/angeldat/.gradle/caches/modules-2/files-2.1/org.grails/grails-web-gsp/3.3.1/5670ed8376f739528fdb21de0514d2cc22c5a276/grails-web-gsp-3.3.1.jar
7f3c30e3d000-7f3c30e3e000 r--s 00005000 08:04 1848796                    /home/angeldat/.gradle/caches/modules-2/files-2.1/org.grails/grails-web-mvc/3.3.5/5b2728e2706a397fd60273e4f5b65a790346925c/grails-web-mvc-3.3.5.jar
7f3c30e3e000-7f3c30e41000 r--s 0002a000 08:04 1848794                    /home/angeldat/.gradle/caches/modules-2/files-2.1/org.grails/grails-web-url-mappings/3.3.5/3fac37aef348f80c302e89958258432a928011fb/grails-web-url-mappings-3.3.5.jar
7f3c30e41000-7f3c30e44000 r--s 00014000 08:04 1848792                    /home/angeldat/.gradle/caches/modules-2/files-2.1/org.grails/grails-web-databinding/3.3.5/7f2613bfa271bf5489b33112363daaa238b75fee/grails-web-databinding-3.3.5.jar
7f3c30e44000-7f3c30e49000 r--s 00029000 08:04 1848790                    /home/angeldat/.gradle/caches/modules-2/files-2.1/org.springframework/spring-context-support/4.3.16.RELEASE/20e29ea325ce57dedde799f02d5771a697c87e93/spring-context-support-4.3.16.RELEASE.jar
7f3c30e49000-7f3c30e5a000 r--s 000d0000 08:04 1848788                    /home/angeldat/.gradle/caches/modules-2/files-2.1/org.springframework/spring-webmvc/4.3.16.RELEASE/2a171b1d701e450860bd5544a87a727048639a45/spring-webmvc-4.3.16.RELEASE.jar
7f3c30e5a000-7f3c30e5d000 r--s 00027000 08:04 1727863                    /home/angeldat/.gradle/caches/modules-2/files-2.1/org.grails/grails-gsp/3.3.1/88115473871aeb898b590958ef2ba8a9cbd7dbb0/grails-gsp-3.3.1.jar
7f3c30e5d000-7f3c30e61000 r--s 00029000 08:04 1848786                    /home/angeldat/.gradle/caches/modules-2/files-2.1/org.grails/grails-encoder/3.3.5/57ef39d4d0b15f869e2adf36cf2e78802fa49071/grails-encoder-3.3.5.jar
7f3c30e61000-7f3c30e64000 r--s 0000f000 08:04 1848784                    /home/angeldat/.gradle/caches/modules-2/files-2.1/org.grails/grails-databinding/3.3.5/c987cba7ec80819f37173f7abc04453c629ac3cf/grails-databinding-3.3.5.jar
7f3c30e64000-7f3c30e66000 r--s 00002000 08:04 2895321                    /home/angeldat/.gradle/caches/modules-2/files-2.1/org.apache.tomcat/tomcat-annotations-api/8.5.29/5505a72b5e7d6c2324d3f104cdd613a5770b4601/tomcat-annotations-api-8.5.29.jar
7f3c30e66000-7f3c30e78000 r--s 0011f000 08:04 1848782                    /home/angeldat/.gradle/caches/modules-2/files-2.1/com.fasterxml.jackson.core/jackson-databind/2.8.11.1/341edc63fdd8b44e17b2c36abbc9b451d8fd05a5/jackson-databind-2.8.11.1.jar
7f3c30e78000-7f3c30e79000 r--s 00003000 08:04 8519717                    /home/angeldat/.gradle/caches/modules-2/files-2.1/javax.transaction/jta/1.1/2ca09f0b36ca7d71b762e14ea2ff09d5eac57558/jta-1.1.jar
7f3c30e79000-7f3c30e7f000 r--s 0003d000 08:04 7209936                    /home/angeldat/.gradle/caches/modules-2/files-2.1/org.yaml/snakeyaml/1.17/7a27ea250c5130b2922b86dea63cbb1cc10a660c/snakeyaml-1.17.jar
7f3c30e7f000-7f3c30e82000 r--s 00016000 08:04 8266230                    /home/angeldat/.gradle/caches/modules-2/files-2.1/org.codehaus.groovy/groovy-templates/2.4.15/b5cbe971f2950452c1d431ea0135dd8de2d5f58e/groovy-templates-2.4.15.jar
7f3c30e82000-7f3c30e86000 r--s 00031000 08:04 8136097                    /home/angeldat/.gradle/caches/modules-2/files-2.1/org.codehaus.groovy/groovy-xml/2.4.15/40865f59469e6b0808c9c304bd17038997220c72/groovy-xml-2.4.15.jar
7f3c30e86000-7f3c30e8f000 r--s 00054000 08:04 1848778                    /home/angeldat/.gradle/caches/modules-2/files-2.1/org.springframework/spring-aop/4.3.16.RELEASE/2c74e87bbf99e7cb6903046e19345a04f843d817/spring-aop-4.3.16.RELEASE.jar
7f3c30e8f000-7f3c30e91000 r--s 0000e000 08:04 6947778                    /home/angeldat/.gradle/caches/modules-2/files-2.1/commons-logging/commons-logging/1.2/4bfc12adfe4842bf07b657f0369c4cb522955686/commons-logging-1.2.jar
7f3c30e91000-7f3c30e9c000 r--s 0006a000 08:04 8520577                    /home/angeldat/.gradle/caches/modules-2/files-2.1/ch.qos.logback/logback-core/1.1.11/88b8df40340eed549fb07e2613879bf6b006704d/logback-core-1.1.11.jar
7f3c30e9c000-7f3c30ea1000 r--s 0003e000 08:04 1848780                    /home/angeldat/.gradle/caches/modules-2/files-2.1/org.springframework/spring-expression/4.3.16.RELEASE/f69b403faa1dd97df212217aece1ad3497dfdf2c/spring-expression-4.3.16.RELEASE.jar
7f3c30ea1000-7f3c30ea3000 r--s 00000000 08:04 8520573                    /home/angeldat/.gradle/caches/modules-2/files-2.1/aopalliance/aopalliance/1.0/235ba8b489512805ac13a8f9ea77a1ca5ebe3e8/aopalliance-1.0.jar
7f3c30ea3000-7f3c30ea7000 r--s 00049000 08:04 6958617                    /home/angeldat/.gradle/caches/modules-2/files-2.1/com.bertramlabs.plugins/asset-pipeline-core/2.14.8/4e1c17bbfb623fc66df7e5577a0be11973749cd7/asset-pipeline-core-2.14.8.jar
7f3c30ea7000-7f3c30ea9000 r--s 0000b000 08:04 1848776                    /home/angeldat/.gradle/caches/modules-2/files-2.1/org.apache.tomcat/tomcat-juli/8.5.29/61b2514e169d96c7f5c2e1a9cf6901b493fb2301/tomcat-juli-8.5.29.jar
7f3c30ea9000-7f3c30eab000 r--s 00007000 08:04 6947792                    /home/angeldat/.gradle/caches/modules-2/files-2.1/javax.el/el-api/2.1.2-b03/1ac087d9d1a632d2ff82fa1e8b6610aca025ff2a/el-api-2.1.2-b03.jar
7f3c30eab000-7f3c30ead000 r--s 0001f000 08:04 1592640                    /home/angeldat/.gradle/caches/modules-2/files-2.1/org.grails/grails-web-jsp/3.3.1/e45c3adb5f6fc6c7761227457d09114ec41c55fe/grails-web-jsp-3.3.1.jar
7f3c30ead000-7f3c30eae000 r--s 00004000 08:04 1848774                    /home/angeldat/.gradle/caches/modules-2/files-2.1/org.grails/grails-plugin-codecs/3.3.5/17d86b4a21b9146e3e3b4bd8f9bccf0d7a7e2fbe/grails-plugin-codecs-3.3.5.jar
7f3c30eae000-7f3c30eb3000 r--s 00041000 08:04 8389652                    /home/angeldat/.gradle/caches/modules-2/files-2.1/commons-lang/commons-lang/2.6/ce1edb914c94ebc388f086c6827e8bdeec71ac2/commons-lang-2.6.jar
7f3c30eb3000-7f3c30eb5000 r--s 0000b000 08:04 1592636                    /home/angeldat/.gradle/caches/modules-2/files-2.1/org.grails/grails-web-gsp-taglib/3.3.1/28e0c0776c9f5c6109b79a89860161db3369fe81/grails-web-gsp-taglib-3.3.1.jar
7f3c30eb5000-7f3c30eb8000 r--s 00010000 08:04 7078847                    /home/angeldat/.gradle/caches/modules-2/files-2.1/org.hibernate.common/hibernate-commons-annotations/5.0.1.Final/71e1cff3fcb20d3b3af4f3363c3ddb24d33c6879/hibernate-commons-annotations-5.0.1.Final.jar
7f3c30eb8000-7f3c30ebd000 r--s 00048000 08:04 6947776                    /home/angeldat/.gradle/caches/modules-2/files-2.1/dom4j/dom4j/1.6.1/5d3ccc056b6f056dbf0dddfdf43894b9065a8f94/dom4j-1.6.1.jar
7f3c30ebd000-7f3c30ebf000 r--s 0000e000 08:04 7612501                    /home/angeldat/.gradle/caches/modules-2/files-2.1/com.fasterxml/classmate/1.3.4/3d5f48f10bbe4eb7bd862f10c0583be2e0053c6/classmate-1.3.4.jar
7f3c30ebf000-7f3c30ec2000 r--s 0002b000 08:04 6685673                    /home/angeldat/.gradle/caches/modules-2/files-2.1/org.jboss/jandex/2.0.3.Final/bfc4d6257dbff7a33a357f0de116be6ff951d849/jandex-2.0.3.Final.jar
7f3c30ec2000-7f3c30ec3000 r--s 00003000 08:04 6425904                    /home/angeldat/.gradle/caches/modules-2/files-2.1/org.apache.geronimo.specs/geronimo-jta_1.1_spec/1.1.1/aabab3165b8ea936b9360abbf448459c0d04a5a4/geronimo-jta_1.1_spec-1.1.1.jar
7f3c30ec3000-7f3c30ec8000 r--s 00068000 08:04 7866986                    /home/angeldat/.gradle/caches/modules-2/files-2.1/antlr/antlr/2.7.7/83cd2cd674a217ade95a4bb83a8a14f351f48bd0/antlr-2.7.7.jar
7f3c30ec8000-7f3c30eca000 r--s 0000f000 08:04 7087150                    /home/angeldat/.gradle/caches/modules-2/files-2.1/org.jboss.logging/jboss-logging/3.3.2.Final/3789d00e859632e6c6206adc0c71625559e6e3b0/jboss-logging-3.3.2.Final.jar
7f3c30eca000-7f3c30ed4000 r--s 0006b000 08:04 6313569                    /home/angeldat/.gradle/caches/modules-2/files-2.1/org.springframework/spring-orm/4.3.16.RELEASE/9cbd490a3839d5f3d91731bf15593383ca0544f5/spring-orm-4.3.16.RELEASE.jar
7f3c30ed4000-7f3c30ed8000 r--s 00039000 08:04 6958609                    /home/angeldat/.gradle/caches/modules-2/files-2.1/org.grails/grails-datastore-gorm-hibernate5/6.1.9.RELEASE/274a7467d54e74a7420eb667fed35ab034a3328c/grails-datastore-gorm-hibernate5-6.1.9.RELEASE.jar
7f3c30ed8000-7f3c30edb000 r--s 00012000 08:04 6958607                    /home/angeldat/.gradle/caches/modules-2/files-2.1/org.grails/grails-datastore-gorm-support/6.1.9.RELEASE/fc05459427731c62210c061610346a45ea8dd1df/grails-datastore-gorm-support-6.1.9.RELEASE.jar
7f3c30edb000-7f3c30edc000 r--s 00002000 08:04 6958592                    /home/angeldat/.gradle/caches/modules-2/files-2.1/org.grails/grails-datastore-web/6.1.9.RELEASE/3c33ef78b5d5787896ac305bc153354b3ffb5dab/grails-datastore-web-6.1.9.RELEASE.jar
7f3c30edc000-7f3c30ede000 r--s 00003000 08:04 3014677                    /home/angeldat/.gradle/caches/modules-2/files-2.1/org.grails/grails-events-compat/3.3.2/1250482ac83841a19c75b150777a2d2c28592d33/grails-events-compat-3.3.2.jar
7f3c30ede000-7f3c30edf000 r--s 00007000 08:04 3014675                    /home/angeldat/.gradle/caches/modules-2/files-2.1/org.grails/grails-events-transform/3.3.2/645c93ccb03ea27a23d6ac25265b01e5a63b9525/grails-events-transform-3.3.2.jar
7f3c30edf000-7f3c30ee1000 r--s 0000b000 08:04 3014673                    /home/angeldat/.gradle/caches/modules-2/files-2.1/org.grails/grails-events/3.3.2/a4c70fc8c391d8060d715ea68bfe4ff87761fd02/grails-events-3.3.2.jar
7f3c30ee1000-7f3c30ee3000 r--s 0001f000 08:04 1592634                    /home/angeldat/.gradle/caches/modules-2/files-2.1/org.grails.plugins/fields/2.2.5/cdad4a9faa86560d4ff2c0bda6f2e981bdc2ce2d/fields-2.2.5.jar
7f3c30ee3000-7f3c30ee6000 r--s 0000e000 08:04 3014669                    /home/angeldat/.gradle/caches/modules-2/files-2.1/org.grails/grails-async/3.3.2/df2d4d6d96161b1105298a951c6fff31dd52e1e9/grails-async-3.3.2.jar
7f3c30ee6000-7f3c30ef0000 r--s 000aa000 08:04 6425912                    /home/angeldat/.gradle/caches/modules-2/files-2.1/org.javassist/javassist/3.21.0-GA/598244f595db5c5fb713731eddbb1c91a58d959b/javassist-3.21.0-GA.jar
7f3c30ef0000-7f3c30ef3000 r--s 00016000 08:04 1848772                    /home/angeldat/.gradle/caches/modules-2/files-2.1/org.grails/grails-validation/3.3.5/d98e5f0fe2b7df929f68fa336332ac8b6f03834c/grails-validation-3.3.5.jar
7f3c30ef3000-7f3c30ef7000 r--s 0001e000 08:04 3014665                    /home/angeldat/.gradle/caches/modules-2/files-2.1/org.grails.plugins/converters/3.3.1/afc1ea5fa7d7d52e83017856fa5a651d38145048/converters-3.3.1.jar
7f3c30ef7000-7f3c30ef9000 r--s 00005000 08:04 1848770                    /home/angeldat/.gradle/caches/modules-2/files-2.1/org.grails/grails-plugin-datasource/3.3.5/ce6dfd15744d82206480a2b0e3d2f4d071669e56/grails-plugin-datasource-3.3.5.jar
7f3c30ef9000-7f3c30efc000 r--s 00019000 08:04 1848768                    /home/angeldat/.gradle/caches/modules-2/files-2.1/org.grails/grails-plugin-controllers/3.3.5/654e1420497c21506596f63655901174df47c6de/grails-plugin-controllers-3.3.5.jar
7f3c30efc000-7f3c30efd000 r--s 00005000 08:04 1848766                    /home/angeldat/.gradle/caches/modules-2/files-2.1/org.grails/grails-web/3.3.5/db0eb1e480accfe0cc1205a51aba0baad1f39588/grails-web-3.3.5.jar
7f3c30efd000-7f3c30f01000 r--s 00028000 08:04 1848764                    /home/angeldat/.gradle/caches/modules-2/files-2.1/org.grails/grails-web-common/3.3.5/148d0719ca6a20897ad1ad57951af3b62fbf252/grails-web-common-3.3.5.jar
7f3c30f01000-7f3c30f06000 r--s 0003a000 08:04 1848762                    /home/angeldat/.gradle/caches/modules-2/files-2.1/org.apache.tomcat.embed/tomcat-embed-websocket/8.5.29/37786f4ca8a1597a91a0f437e659a76d1fcc5bf1/tomcat-embed-websocket-8.5.29.jar
7f3c30f06000-7f3c30f0a000 r--s 00037000 08:04 1848760                    /home/angeldat/.gradle/caches/modules-2/files-2.1/org.apache.tomcat.embed/tomcat-embed-el/8.5.29/893fb2c87ec1aa248a7911d76c0c06b3fca6bc9b/tomcat-embed-el-8.5.29.jar
7f3c30f0a000-7f3c30f34000 r--s 002cc000 08:04 1590657                    /home/angeldat/.gradle/caches/modules-2/files-2.1/org.apache.tomcat.embed/tomcat-embed-core/8.5.29/51eac5adde4bc019261b787cb99e5548206908e6/tomcat-embed-core-8.5.29.jar
7f3c30f34000-7f3c30f44000 r--s 00079000 08:04 1848758                    /home/angeldat/.gradle/caches/modules-2/files-2.1/org.springframework.boot/spring-boot-actuator/1.5.12.RELEASE/991a88f9cf6ec8009a8698afd557c8d8bf61beaa/spring-boot-actuator-1.5.12.RELEASE.jar
7f3c30f44000-7f3c30f45000 r--s 00000000 08:04 1848756                    /home/angeldat/.gradle/caches/modules-2/files-2.1/org.springframework.boot/spring-boot-starter/1.5.12.RELEASE/e4f0748fa765a0416638920058289f6db6ee0e36/spring-boot-starter-1.5.12.RELEASE.jar
7f3c30f45000-7f3c30f49000 r--s 00040000 08:04 8520529                    /home/angeldat/.gradle/caches/modules-2/files-2.1/xalan/serializer/2.7.2/24247f3bb052ee068971393bdb83e04512bb1c3c/serializer-2.7.2.jar
7f3c30f49000-7f3c30f57000 r--s 00081000 08:04 7086875                    /home/angeldat/.gradle/caches/modules-2/files-2.1/org.grails/grails-datastore-core/6.1.9.RELEASE/9e23bf7bd0bdbcb1f3077cef552f4b86dfa7a015/grails-datastore-core-6.1.9.RELEASE.jar
7f3c30f57000-7f3c30f58000 r--s 00009000 08:04 1848754                    /home/angeldat/.gradle/caches/modules-2/files-2.1/org.grails/grails-spring/3.3.5/e02606d3c5442b947ea0b154e9355fca11f804ed/grails-spring-3.3.5.jar
7f3c30f58000-7f3c30f5c000 r--s 0003a000 08:04 6175249                    /home/angeldat/.gradle/caches/modules-2/files-2.1/org.grails/grails-bootstrap/3.3.5/ec64a0726351ee07d688a347e5f6e6b7bf0bf1f4/grails-bootstrap-3.3.5.jar
7f3c30f5c000-7f3c30f75000 r--s 000fe000 08:04 6953518                    /home/angeldat/.gradle/caches/modules-2/files-2.1/org.springframework/spring-context/4.3.16.RELEASE/b56bbfb12b8c388443589fc5d4f2f0f1774dc44d/spring-context-4.3.16.RELEASE.jar
7f3c30f75000-7f3c30f83000 r--s 000ad000 08:04 7740528                    /home/angeldat/.gradle/caches/modules-2/files-2.1/org.springframework/spring-beans/4.3.16.RELEASE/2a0cb663069001e0b210d509f7b1904888557e63/spring-beans-4.3.16.RELEASE.jar
7f3c30f83000-7f3c30f8b000 r--s 0003a000 08:04 8397829                    /home/angeldat/.gradle/caches/modules-2/files-2.1/org.springframework/spring-tx/4.3.16.RELEASE/459e1741827ea59775c4e322d5964714065bed42/spring-tx-4.3.16.RELEASE.jar
7f3c30f8b000-7f3c30fa2000 r--s 000fe000 08:04 8266236                    /home/angeldat/.gradle/caches/modules-2/files-2.1/org.springframework/spring-core/4.3.16.RELEASE/fe3f4186562c0dfa70a09510f886cc11a483ddde/spring-core-4.3.16.RELEASE.jar
7f3c30fa2000-7f3c30fa6000 r--s 00019000 08:04 8519711                    /home/angeldat/.gradle/caches/modules-2/files-2.1/com.googlecode.concurrentlinkedhashmap/concurrentlinkedhashmap-lru/1.4.2/2eaf3d3c9746d526ff7e5b93931d482c3887e6ac/concurrentlinkedhashmap-lru-1.4.2.jar
7f3c30fa6000-7f3c30fab000 r--s 00017000 08:04 7734200                    /home/angeldat/.gradle/caches/modules-2/files-2.1/org.hibernate.javax.persistence/hibernate-jpa-2.1-api/1.0.0.Final/5e731d961297e5a07290bfaf3db1fbc8bbbf405a/hibernate-jpa-2.1-api-1.0.0.Final.jar
7f3c30fab000-7f3c30fad000 r--s 00009000 08:04 7209934                    /home/angeldat/.gradle/caches/modules-2/files-2.1/org.slf4j/slf4j-api/1.7.25/da76ca59f6a57ee3102f8f9bd9cee742973efa8a/slf4j-api-1.7.25.jar
7f3c30fad000-7f3c30ffa000 r--s 0042b000 08:04 6175243                    /home/angeldat/.gradle/caches/modules-2/files-2.1/org.codehaus.groovy/groovy/2.4.15/74b7e0b99526c569e3a59cb84dbcc6204d601ee6/groovy-2.4.15.jar
7f3c30ffa000-7f3c3100a000 r--s 00096000 08:04 7481564                    /home/angeldat/.gradle/caches/modules-2/files-2.1/org.springframework.boot/spring-boot/1.5.12.RELEASE/bc41c1da2bbb4eaebfc5b464b0a993ca8ef83156/spring-boot-1.5.12.RELEASE.jar
7f3c3100a000-7f3c3100c000 r--s 00004000 08:04 7996358                    /home/angeldat/.gradle/caches/modules-2/files-2.1/org.slf4j/log4j-over-slf4j/1.7.25/a87bb47468f47ee7aabbd54f93e133d4215769c3/log4j-over-slf4j-1.7.25.jar
7f3c3100c000-7f3c31013000 r--s 00045000 08:04 8520523                    /home/angeldat/.gradle/caches/modules-2/files-2.1/ch.qos.logback/logback-classic/1.1.11/ccedfbacef4a6515d2983e3f89ed753d5d4fb665/logback-classic-1.1.11.jar
7f3c31013000-7f3c3101e000 r--s 00054000 08:04 8527345                    /home/angeldat/.gradle/caches/modules-2/files-2.1/org.springframework.security/spring-security-web/4.2.5.RELEASE/66c07732d421568c8e4ab3f3693b6f87c13c4efd/spring-security-web-4.2.5.RELEASE.jar
7f3c3101e000-7f3c3102a000 r--s 00056000 08:04 8136707                    /home/angeldat/.gradle/caches/modules-2/files-2.1/org.springframework.security/spring-security-core/4.2.5.RELEASE/37dde461931879627d8ca312dc2b698dc1e9d329/spring-security-core-4.2.5.RELEASE.jar
7f3c3102a000-7f3c31101000 r--s 007a9000 08:04 8520517                    /home/angeldat/.gradle/caches/modules-2/files-2.1/net.sf.ehcache/ehcache/2.10.4/9022b1eedfafa11039597b1c1918c1abe414df93/ehcache-2.10.4.jar
7f3c31101000-7f3c31111000 r--s 001c7000 08:04 1848750                    /home/angeldat/.gradle/caches/modules-2/files-2.1/com.h2database/h2/1.4.197/bb391050048ca8ae3e32451b5a3714ecd3596a46/h2-1.4.197.jar
7f3c31111000-7f3c3117d000 r--s 0050a000 08:04 6685665                    /home/angeldat/.gradle/caches/modules-2/files-2.1/org.hibernate/hibernate-core/5.1.5.Final/28366d161d448e82370e5bbd871eb2835ba0fb7b/hibernate-core-5.1.5.Final.jar
7f3c3117d000-7f3c31180000 ---p 00000000 00:00 0 
7f3c31180000-7f3c3127e000 rw-p 00000000 00:00 0 
7f3c3127e000-7f3c3141a000 r--p 00000000 08:04 4464818                    /usr/lib/locale/locale-archive
7f3c3141a000-7f3c3141d000 ---p 00000000 00:00 0 
7f3c3141d000-7f3c3151b000 rw-p 00000000 00:00 0 
7f3c3151b000-7f3c3151e000 ---p 00000000 00:00 0 
7f3c3151e000-7f3c3161c000 rw-p 00000000 00:00 0 
7f3c3161c000-7f3c3161d000 ---p 00000000 00:00 0 
7f3c3161d000-7f3c3262c000 rw-p 00000000 00:00 0 
7f3c3262c000-7f3c327fb000 r--s 03c31000 08:04 5374378                    /usr/lib/jvm/java-8-openjdk/jre/lib/rt.jar
7f3c327fb000-7f3c3497b000 rw-p 00000000 00:00 0 
7f3c3497b000-7f3c3497c000 ---p 00000000 00:00 0 
7f3c3497c000-7f3c34a7c000 rw-p 00000000 00:00 0 
7f3c34a7c000-7f3c34a7d000 ---p 00000000 00:00 0 
7f3c34a7d000-7f3c34b7d000 rw-p 00000000 00:00 0 
7f3c34b7d000-7f3c34b7e000 ---p 00000000 00:00 0 
7f3c34b7e000-7f3c34c7e000 rw-p 00000000 00:00 0 
7f3c34c7e000-7f3c34c7f000 ---p 00000000 00:00 0 
7f3c34c7f000-7f3c35000000 rw-p 00000000 00:00 0 
7f3c35000000-7f3c369a0000 rwxp 00000000 00:00 0 
7f3c369a0000-7f3c44000000 ---p 00000000 00:00 0 
7f3c44000000-7f3c45c59000 rw-p 00000000 00:00 0 
7f3c45c59000-7f3c48000000 ---p 00000000 00:00 0 
7f3c48000000-7f3c48002000 r--s 00000000 08:04 7078869                    /home/angeldat/.gradle/caches/modules-2/files-2.1/org.slf4j/jul-to-slf4j/1.7.25/af5364cd6679bfffb114f0dec8a157aaa283b76/jul-to-slf4j-1.7.25.jar
7f3c48002000-7f3c48004000 r--s 00003000 08:04 6304116                    /home/angeldat/.gradle/caches/modules-2/files-2.1/org.slf4j/jcl-over-slf4j/1.7.25/f8c32b13ff142a513eeb5b6330b1588dcb2c0461/jcl-over-slf4j-1.7.25.jar
7f3c48004000-7f3c48006000 r--s 0001e000 08:04 6446695                    /home/angeldat/.gradle/caches/modules-2/files-2.1/com.bertramlabs.plugins/asset-pipeline-grails/2.14.8/b7a8bc6c1a6d7c499cd1a001d6d886365062b9e7/asset-pipeline-grails-2.14.8.jar
7f3c48006000-7f3c48009000 r--s 00022000 08:04 1848752                    /home/angeldat/.gradle/caches/modules-2/files-2.1/org.apache.tomcat/tomcat-jdbc/8.5.29/5fc2bee83633735b31831b7fffa13040100b5eae/tomcat-jdbc-8.5.29.jar
7f3c48009000-7f3c4800c000 r--s 00018000 08:04 8520509                    /home/angeldat/.gradle/caches/modules-2/files-2.1/org.glassfish.web/el-impl/2.1.2-b03/6bab1211b6e6b191fdbf06067bd05d2f75a62ac0/el-impl-2.1.2-b03.jar
7f3c4800c000-7f3c48011000 r--s 0004b000 08:04 1592614                    /home/angeldat/.gradle/caches/modules-2/files-2.1/org.grails.plugins/gsp/3.3.1/7b40598abe73d8535b2dd4503467d5c0c415b7b5/gsp-3.3.1.jar
7f3c48011000-7f3c48012000 r--s 00006000 08:04 6958535                    /home/angeldat/.gradle/caches/modules-2/files-2.1/org.grails.plugins/hibernate5/6.1.9/3ad17a7ecdc78dd76624439ded9fb92c675dbc38/hibernate5-6.1.9.jar
7f3c48012000-7f3c48013000 r--s 00001000 08:04 2897956                    /home/angeldat/.gradle/caches/modules-2/files-2.1/org.grails.plugins/events/3.3.2/c43aed0886464bc62b8ef2c4963ea1bedeb19e6/events-3.3.2.jar
7f3c48013000-7f3c48015000 r--s 00006000 08:04 2897954                    /home/angeldat/.gradle/caches/modules-2/files-2.1/org.grails.plugins/scaffolding/3.4.1/3794a2154aa473fd2281e1e36de398815a63e740/scaffolding-3.4.1.jar
7f3c48015000-7f3c48018000 r--s 0000c000 08:04 2897952                    /home/angeldat/.gradle/caches/modules-2/files-2.1/org.grails.plugins/async/3.3.2/849be6dcabfba176078915404451c4b4479c6d49/async-3.3.2.jar
7f3c48018000-7f3c4801a000 r--s 00011000 08:04 8520499                    /home/angeldat/.gradle/caches/modules-2/files-2.1/org.grails.plugins/cache/4.0.0/72be24e2f8b3e5407048f5cc5186dcd32e8de841/cache-4.0.0.jar
7f3c4801a000-7f3c4801c000 r--s 00004000 08:04 1848746                    /home/angeldat/.gradle/caches/modules-2/files-2.1/org.grails/grails-plugin-url-mappings/3.3.5/5356c136fe22fea698ee60968abc88cf58cf0fbf/grails-plugin-url-mappings-3.3.5.jar
7f3c4801c000-7f3c4802a000 r--s 000b0000 08:04 1848729                    /home/angeldat/.gradle/caches/modules-2/files-2.1/org.grails/grails-core/3.3.5/8044ecc48da9a8427953ffb1b7fe0a169b5b75eb/grails-core-3.3.5.jar
7f3c4802a000-7f3c48107000 rw-p 00000000 00:00 0 
7f3c48107000-7f3c48460000 ---p 00000000 00:00 0 
7f3c48460000-7f3c48468000 r-xp 00000000 08:04 5374909                    /usr/lib/jvm/java-8-openjdk/jre/lib/amd64/libzip.so
7f3c48468000-7f3c48667000 ---p 00008000 08:04 5374909                    /usr/lib/jvm/java-8-openjdk/jre/lib/amd64/libzip.so
7f3c48667000-7f3c48668000 r--p 00007000 08:04 5374909                    /usr/lib/jvm/java-8-openjdk/jre/lib/amd64/libzip.so
7f3c48668000-7f3c48669000 rw-p 00008000 08:04 5374909                    /usr/lib/jvm/java-8-openjdk/jre/lib/amd64/libzip.so
7f3c48669000-7f3c48674000 r-xp 00000000 08:04 4457234                    /usr/lib/libnss_files-2.27.so
7f3c48674000-7f3c48873000 ---p 0000b000 08:04 4457234                    /usr/lib/libnss_files-2.27.so
7f3c48873000-7f3c48874000 r--p 0000a000 08:04 4457234                    /usr/lib/libnss_files-2.27.so
7f3c48874000-7f3c48875000 rw-p 0000b000 08:04 4457234                    /usr/lib/libnss_files-2.27.so
7f3c48875000-7f3c4887b000 rw-p 00000000 00:00 0 
7f3c4887b000-7f3c48885000 r-xp 00000000 08:04 5374939                    /usr/lib/jvm/java-8-openjdk/jre/lib/amd64/libinstrument.so
7f3c48885000-7f3c48a84000 ---p 0000a000 08:04 5374939                    /usr/lib/jvm/java-8-openjdk/jre/lib/amd64/libinstrument.so
7f3c48a84000-7f3c48a85000 r--p 00009000 08:04 5374939                    /usr/lib/jvm/java-8-openjdk/jre/lib/amd64/libinstrument.so
7f3c48a85000-7f3c48a86000 rw-p 0000a000 08:04 5374939                    /usr/lib/jvm/java-8-openjdk/jre/lib/amd64/libinstrument.so
7f3c48a86000-7f3c48ab4000 r-xp 00000000 08:04 5374908                    /usr/lib/jvm/java-8-openjdk/jre/lib/amd64/libjava.so
7f3c48ab4000-7f3c48cb3000 ---p 0002e000 08:04 5374908                    /usr/lib/jvm/java-8-openjdk/jre/lib/amd64/libjava.so
7f3c48cb3000-7f3c48cb4000 r--p 0002d000 08:04 5374908                    /usr/lib/jvm/java-8-openjdk/jre/lib/amd64/libjava.so
7f3c48cb4000-7f3c48cb6000 rw-p 0002e000 08:04 5374908                    /usr/lib/jvm/java-8-openjdk/jre/lib/amd64/libjava.so
7f3c48cb6000-7f3c48cc3000 r-xp 00000000 08:04 5374935                    /usr/lib/jvm/java-8-openjdk/jre/lib/amd64/libverify.so
7f3c48cc3000-7f3c48ec2000 ---p 0000d000 08:04 5374935                    /usr/lib/jvm/java-8-openjdk/jre/lib/amd64/libverify.so
7f3c48ec2000-7f3c48ec4000 r--p 0000c000 08:04 5374935                    /usr/lib/jvm/java-8-openjdk/jre/lib/amd64/libverify.so
7f3c48ec4000-7f3c48ec5000 rw-p 0000e000 08:04 5374935                    /usr/lib/jvm/java-8-openjdk/jre/lib/amd64/libverify.so
7f3c48ec5000-7f3c48ecc000 r-xp 00000000 08:04 4457082                    /usr/lib/librt-2.27.so
7f3c48ecc000-7f3c490cb000 ---p 00007000 08:04 4457082                    /usr/lib/librt-2.27.so
7f3c490cb000-7f3c490cc000 r--p 00006000 08:04 4457082                    /usr/lib/librt-2.27.so
7f3c490cc000-7f3c490cd000 rw-p 00007000 08:04 4457082                    /usr/lib/librt-2.27.so
7f3c490cd000-7f3c49260000 r-xp 00000000 08:04 4456934                    /usr/lib/libm-2.27.so
7f3c49260000-7f3c49460000 ---p 00193000 08:04 4456934                    /usr/lib/libm-2.27.so
7f3c49460000-7f3c49461000 r--p 00193000 08:04 4456934                    /usr/lib/libm-2.27.so
7f3c49461000-7f3c49462000 rw-p 00194000 08:04 4456934                    /usr/lib/libm-2.27.so
7f3c49462000-7f3c4a109000 r-xp 00000000 08:04 5374940                    /usr/lib/jvm/java-8-openjdk/jre/lib/amd64/server/libjvm.so
7f3c4a109000-7f3c4a308000 ---p 00ca7000 08:04 5374940                    /usr/lib/jvm/java-8-openjdk/jre/lib/amd64/server/libjvm.so
7f3c4a308000-7f3c4a39d000 r--p 00ca6000 08:04 5374940                    /usr/lib/jvm/java-8-openjdk/jre/lib/amd64/server/libjvm.so
7f3c4a39d000-7f3c4a3c5000 rw-p 00d3b000 08:04 5374940                    /usr/lib/jvm/java-8-openjdk/jre/lib/amd64/server/libjvm.so
7f3c4a3c5000-7f3c4a3f6000 rw-p 00000000 00:00 0 
7f3c4a3f6000-7f3c4a5a9000 r-xp 00000000 08:04 4457992                    /usr/lib/libc-2.27.so
7f3c4a5a9000-7f3c4a7a8000 ---p 001b3000 08:04 4457992                    /usr/lib/libc-2.27.so
7f3c4a7a8000-7f3c4a7ac000 r--p 001b2000 08:04 4457992                    /usr/lib/libc-2.27.so
7f3c4a7ac000-7f3c4a7ae000 rw-p 001b6000 08:04 4457992                    /usr/lib/libc-2.27.so
7f3c4a7ae000-7f3c4a7b2000 rw-p 00000000 00:00 0 
7f3c4a7b2000-7f3c4a7b5000 r-xp 00000000 08:04 4457023                    /usr/lib/libdl-2.27.so
7f3c4a7b5000-7f3c4a9b4000 ---p 00003000 08:04 4457023                    /usr/lib/libdl-2.27.so
7f3c4a9b4000-7f3c4a9b5000 r--p 00002000 08:04 4457023                    /usr/lib/libdl-2.27.so
7f3c4a9b5000-7f3c4a9b6000 rw-p 00003000 08:04 4457023                    /usr/lib/libdl-2.27.so
7f3c4a9b6000-7f3c4a9c4000 r-xp 00000000 08:04 5374943                    /usr/lib/jvm/java-8-openjdk/jre/lib/amd64/jli/libjli.so
7f3c4a9c4000-7f3c4abc3000 ---p 0000e000 08:04 5374943                    /usr/lib/jvm/java-8-openjdk/jre/lib/amd64/jli/libjli.so
7f3c4abc3000-7f3c4abc4000 r--p 0000d000 08:04 5374943                    /usr/lib/jvm/java-8-openjdk/jre/lib/amd64/jli/libjli.so
7f3c4abc4000-7f3c4abc5000 rw-p 0000e000 08:04 5374943                    /usr/lib/jvm/java-8-openjdk/jre/lib/amd64/jli/libjli.so
7f3c4abc5000-7f3c4abdb000 r-xp 00000000 08:04 4462489                    /usr/lib/libz.so.1.2.11
7f3c4abdb000-7f3c4adda000 ---p 00016000 08:04 4462489                    /usr/lib/libz.so.1.2.11
7f3c4adda000-7f3c4addb000 r--p 00015000 08:04 4462489                    /usr/lib/libz.so.1.2.11
7f3c4addb000-7f3c4addc000 rw-p 00016000 08:04 4462489                    /usr/lib/libz.so.1.2.11
7f3c4addc000-7f3c4adf5000 r-xp 00000000 08:04 4458056                    /usr/lib/libpthread-2.27.so
7f3c4adf5000-7f3c4aff4000 ---p 00019000 08:04 4458056                    /usr/lib/libpthread-2.27.so
7f3c4aff4000-7f3c4aff5000 r--p 00018000 08:04 4458056                    /usr/lib/libpthread-2.27.so
7f3c4aff5000-7f3c4aff6000 rw-p 00019000 08:04 4458056                    /usr/lib/libpthread-2.27.so
7f3c4aff6000-7f3c4affa000 rw-p 00000000 00:00 0 
7f3c4affa000-7f3c4b01f000 r-xp 00000000 08:04 4457993                    /usr/lib/ld-2.27.so
7f3c4b01f000-7f3c4b020000 r--s 00008000 08:04 1848748                    /home/angeldat/.gradle/caches/modules-2/files-2.1/org.grails/grails-plugin-interceptors/3.3.5/418b6584c2c9ab486ddf8820da7ae2c1efed2cfb/grails-plugin-interceptors-3.3.5.jar
7f3c4b020000-7f3c4b040000 r--s 000e6000 08:04 1848727                    /home/angeldat/.gradle/caches/modules-2/files-2.1/org.springframework.boot/spring-boot-autoconfigure/1.5.12.RELEASE/932ab2609793ebc00576cbae77085bb83e5c9008/spring-boot-autoconfigure-1.5.12.RELEASE.jar
7f3c4b040000-7f3c4b0e9000 rw-p 00000000 00:00 0 
7f3c4b0e9000-7f3c4b0ea000 ---p 00000000 00:00 0 
7f3c4b0ea000-7f3c4b0ed000 ---p 00000000 00:00 0 
7f3c4b0ed000-7f3c4b1ee000 rw-p 00000000 00:00 0 
7f3c4b1ee000-7f3c4b1f0000 r--s 00003000 08:04 1848743                    /home/angeldat/.gradle/caches/modules-2/files-2.1/org.grails/grails-plugin-services/3.3.5/5cbba2e186c8ca351fe30eef52b525fd7c68f4f8/grails-plugin-services-3.3.5.jar
7f3c4b1f0000-7f3c4b1f1000 r--s 00003000 08:04 1848741                    /home/angeldat/.gradle/caches/modules-2/files-2.1/org.grails/grails-plugin-i18n/3.3.5/5c35bb21615ea91332f9abce3f64a34daec6c182/grails-plugin-i18n-3.3.5.jar
7f3c4b1f1000-7f3c4b1f2000 r--s 00004000 08:04 1848739                    /home/angeldat/.gradle/caches/modules-2/files-2.1/org.grails/grails-plugin-databinding/3.3.5/91a4ae7fbd038eb5fbee5b3d6f2ae6291c562d34/grails-plugin-databinding-3.3.5.jar
7f3c4b1f2000-7f3c4b1f6000 r--s 00031000 08:04 1848737                    /home/angeldat/.gradle/caches/modules-2/files-2.1/org.grails/grails-plugin-rest/3.3.5/225fd803f4047cf880ec8c16227f38fa0e53d630/grails-plugin-rest-3.3.5.jar
7f3c4b1f6000-7f3c4b1f7000 r--s 00000000 08:04 1848735                    /home/angeldat/.gradle/caches/modules-2/files-2.1/org.grails/grails-logging/3.3.5/cd27aad74b27447d2aebe1a85b4fbc89af2d3c3d/grails-logging-3.3.5.jar
7f3c4b1f7000-7f3c4b1f8000 r--s 00001000 08:04 7480941                    /home/angeldat/.gradle/caches/modules-2/files-2.1/org.grails/grails-web-boot/3.3.5/96b9ec5a3904970ecb1dd5d2d783bb54e46339f/grails-web-boot-3.3.5.jar
7f3c4b1f8000-7f3c4b1f9000 r--s 00000000 08:04 1848733                    /home/angeldat/.gradle/caches/modules-2/files-2.1/org.springframework.boot/spring-boot-starter-tomcat/1.5.12.RELEASE/a4e81f071d2b5a9c9fb5a219b361b683a8eb3d91/spring-boot-starter-tomcat-1.5.12.RELEASE.jar
7f3c4b1f9000-7f3c4b1fa000 r--s 00000000 08:04 1848731                    /home/angeldat/.gradle/caches/modules-2/files-2.1/org.springframework.boot/spring-boot-starter-actuator/1.5.12.RELEASE/492b2762b659ff66970bda22802d06e1b4ce9f5b/spring-boot-starter-actuator-1.5.12.RELEASE.jar
7f3c4b1fa000-7f3c4b1fb000 r--s 00000000 08:04 1848725                    /home/angeldat/.gradle/caches/modules-2/files-2.1/org.springframework.boot/spring-boot-starter-logging/1.5.12.RELEASE/88b9a16ff87f0a7faec7848e9a5626ffbbac588f/spring-boot-starter-logging-1.5.12.RELEASE.jar
7f3c4b1fb000-7f3c4b205000 r--s 00079000 08:04 6308610                    /home/angeldat/.gradle/caches/modules-2/files-2.1/org.grails.plugins/spring-security-core/3.2.1/787fbf150eed167b226be8cc3d7c84d0370a5eaa/spring-security-core-3.2.1.jar
7f3c4b205000-7f3c4b214000 rw-p 00000000 00:00 0 
7f3c4b214000-7f3c4b21c000 rw-s 00000000 00:27 215                        /tmp/hsperfdata_angeldat/9506
7f3c4b21c000-7f3c4b21d000 rw-p 00000000 00:00 0 
7f3c4b21d000-7f3c4b21e000 r--p 00000000 00:00 0 
7f3c4b21e000-7f3c4b21f000 r--p 00024000 08:04 4457993                    /usr/lib/ld-2.27.so
7f3c4b21f000-7f3c4b220000 rw-p 00025000 08:04 4457993                    /usr/lib/ld-2.27.so
7f3c4b220000-7f3c4b221000 rw-p 00000000 00:00 0 
7ffd16fe5000-7ffd1700c000 rw-p 00000000 00:00 0                          [stack]
7ffd1714a000-7ffd1714d000 r--p 00000000 00:00 0                          [vvar]
7ffd1714d000-7ffd1714f000 r-xp 00000000 00:00 0                          [vdso]
ffffffffff600000-ffffffffff601000 r-xp 00000000 00:00 0                  [vsyscall]

VM Arguments:
jvm_args: -Dendpoints.shutdown.enabled=true -Denv=development -Dfull.stacktrace=false -Dgrails.env=development -Dgrails.full.stacktrace=false -Dinfo.app.grailsVersion=3.3.5 -Dinfo.app.name=_2018_05_27Ulsaventon -Dinfo.app.version=0.1 -Djdk.reflect.allowGetCallerClass=true -Drun.active=true -Dspring.output.ansi.enabled=always -Dspring.profiles.active -Dspringloaded=inclusions=grails.plugins..*;synchronize=true;allowSplitPackages=true;cacheDir=/home/angeldat/Documents/_2018_05_27Ulsaventon/build/springloaded -Dverbose=false -XX:+TieredCompilation -XX:TieredStopAtLevel=1 -XX:CICompilerCount=3 -javaagent:/home/angeldat/.gradle/caches/modules-2/files-2.1/org.springframework/springloaded/1.2.8.RELEASE/b60bac05b0451cdc1863bfec617f39aa0dcaaa43/springloaded-1.2.8.RELEASE.jar -Xverify:none -Xms768m -Xmx768m -Dfile.encoding=UTF-8 -Duser.country=US -Duser.language=en -Duser.variant 
java_command: _2018_05_27ulsaventon.Application
java_class_path (initial): /home/angeldat/Documents/_2018_05_27Ulsaventon/src/main/resources:/home/angeldat/Documents/_2018_05_27Ulsaventon/grails-app/views:/home/angeldat/Documents/_2018_05_27Ulsaventon/grails-app/i18n:/home/angeldat/Documents/_2018_05_27Ulsaventon/grails-app/conf:/home/angeldat/Documents/_2018_05_27Ulsaventon/build/classes/main:/home/angeldat/Documents/_2018_05_27Ulsaventon/build/resources/main:/home/angeldat/Documents/_2018_05_27Ulsaventon/gsp-classes:/home/angeldat/.gradle/caches/modules-2/files-2.1/org.grails.plugins/spring-security-core/3.2.1/787fbf150eed167b226be8cc3d7c84d0370a5eaa/spring-security-core-3.2.1.jar:/home/angeldat/.gradle/caches/modules-2/files-2.1/org.springframework.boot/spring-boot-starter-logging/1.5.12.RELEASE/88b9a16ff87f0a7faec7848e9a5626ffbbac588f/spring-boot-starter-logging-1.5.12.RELEASE.jar:/home/angeldat/.gradle/caches/modules-2/files-2.1/org.springframework.boot/spring-boot-autoconfigure/1.5.12.RELEASE/932ab2609793ebc00576cbae77085bb83e5c9008/spring-boot-autoconfigure-1.5.12.RELEASE.jar:/home/angeldat/.gradle/caches/modules-2/files-2.1/org.grails/grails-core/3.3.5/8044ecc48da9a8427953ffb1b7fe0a169b5b75eb/grails-core-3.3.5.jar:/home/angeldat/.gradle/caches/modules-2/files-2.1/org.springframework.boot/spring-boot-starter-actuator/1.5.12.RELEASE/492b2762b659ff66970bda22802d06e1b4ce9f5b/spring-boot-starter-actuator-1.5.12.RELEASE.jar:/home/angeldat/.gradle/caches/modules-2/files-2.1/org.springframework.boot/spring-boot-starter-tomcat/1.5.12.RELEASE/a4e81f071d2b5a9c9fb5a219b361b683a8eb3d91/spring-boot-starter-tomcat-1.5.12.RELEASE.jar:/home/angeldat/.gradle/caches/modules-2/files-2.1/org.grails/grails-web-boot/3.3.5/96b9ec5a3904970ecb1dd5d2d783bb54e46339f/grails-web-boot-3.3.5.jar:/home/angeldat/.gradle/caches/modules-2/files-2.1/org.grails/grails-logging/3.3.5/cd27aad74b27447d2aebe1a85b4fbc89af2d3c3d/grails-logging-3.3.5.jar:/home/angeldat/.gradle/caches/modules-2/files-2.1/org.grails/grails-plugin-rest/3.3.5/225fd803f
Launcher Type: SUN_STANDARD

Environment Variables:
PATH=/usr/local/bin:/usr/bin:/bin:/usr/local/sbin:/usr/lib/jvm/default/bin:/usr/bin/site_perl:/usr/bin/vendor_perl:/usr/bin/core_perl
SHELL=/bin/bash
DISPLAY=:0.0

Signal Handlers:
SIGSEGV: [libjvm.so+0xaac6c0], sa_mask[0]=11111111011111111101111111111110, sa_flags=SA_RESTART|SA_SIGINFO
SIGBUS: [libjvm.so+0xaac6c0], sa_mask[0]=11111111011111111101111111111110, sa_flags=SA_RESTART|SA_SIGINFO
SIGFPE: [libjvm.so+0x8e2e80], sa_mask[0]=11111111011111111101111111111110, sa_flags=SA_RESTART|SA_SIGINFO
SIGPIPE: [libjvm.so+0x8e2e80], sa_mask[0]=11111111011111111101111111111110, sa_flags=SA_RESTART|SA_SIGINFO
SIGXFSZ: [libjvm.so+0x8e2e80], sa_mask[0]=11111111011111111101111111111110, sa_flags=SA_RESTART|SA_SIGINFO
SIGILL: [libjvm.so+0x8e2e80], sa_mask[0]=11111111011111111101111111111110, sa_flags=SA_RESTART|SA_SIGINFO
SIGUSR1: SIG_DFL, sa_mask[0]=00000000000000000000000000000000, sa_flags=none
SIGUSR2: [libjvm.so+0x8e2d30], sa_mask[0]=00100000000000000000000000000000, sa_flags=SA_RESTART|SA_SIGINFO
SIGHUP: [libjvm.so+0x8e31e0], sa_mask[0]=11111111011111111101111111111110, sa_flags=SA_RESTART|SA_SIGINFO
SIGINT: [libjvm.so+0x8e31e0], sa_mask[0]=11111111011111111101111111111110, sa_flags=SA_RESTART|SA_SIGINFO
SIGTERM: [libjvm.so+0x8e31e0], sa_mask[0]=11111111011111111101111111111110, sa_flags=SA_RESTART|SA_SIGINFO
SIGQUIT: [libjvm.so+0x8e31e0], sa_mask[0]=11111111011111111101111111111110, sa_flags=SA_RESTART|SA_SIGINFO


---------------  S Y S T E M  ---------------

OS:DISTRIB_ID=ManjaroLinux
DISTRIB_RELEASE=17.1.10
DISTRIB_CODENAME=Hakoila
DISTRIB_DESCRIPTION="Manjaro Linux"

uname:Linux 4.14.47-1-MANJARO #1 SMP PREEMPT Thu May 31 06:19:52 UTC 2018 x86_64
libc:glibc 2.27 NPTL 2.27 
rlimit: STACK 8192k, CORE infinity, NPROC 15314, NOFILE 4096, AS infinity
load average:2.41 2.20 1.87

/proc/meminfo:
MemTotal:        3934168 kB
MemFree:          122640 kB
MemAvailable:     761432 kB
Buffers:          289632 kB
Cached:           680548 kB
SwapCached:        16892 kB
Active:          2611852 kB
Inactive:         935340 kB
Active(anon):    2148224 kB
Inactive(anon):   596236 kB
Active(file):     463628 kB
Inactive(file):   339104 kB
Unevictable:         400 kB
Mlocked:             400 kB
SwapTotal:       2097148 kB
SwapFree:        1471772 kB
Dirty:              3832 kB
Writeback:             0 kB
AnonPages:       2573200 kB
Mapped:           321896 kB
Shmem:            185272 kB
Slab:             138380 kB
SReclaimable:      81032 kB
SUnreclaim:        57348 kB
KernelStack:       10592 kB
PageTables:        46152 kB
NFS_Unstable:          0 kB
Bounce:                0 kB
WritebackTmp:          0 kB
CommitLimit:     4064232 kB
Committed_AS:    9194992 kB
VmallocTotal:   34359738367 kB
VmallocUsed:           0 kB
VmallocChunk:          0 kB
HardwareCorrupted:     0 kB
AnonHugePages:    694272 kB
ShmemHugePages:        0 kB
ShmemPmdMapped:        0 kB
HugePages_Total:       0
HugePages_Free:        0
HugePages_Rsvd:        0
HugePages_Surp:        0
Hugepagesize:       2048 kB
DirectMap4k:      270908 kB
DirectMap2M:     3815424 kB


CPU:total 4 (initial active 4) (2 cores per cpu, 2 threads per core) family 6 model 42 stepping 7, cmov, cx8, fxsr, mmx, sse, sse2, sse3, ssse3, sse4.1, sse4.2, popcnt, avx, aes, clmul, ht, tsc, tscinvbit

/proc/cpuinfo:
processor	: 0
vendor_id	: GenuineIntel
cpu family	: 6
model		: 42
model name	: Intel(R) Core(TM) i5-2410M CPU @ 2.30GHz
stepping	: 7
microcode	: 0x2d
cpu MHz		: 1509.977
cache size	: 3072 KB
physical id	: 0
siblings	: 4
core id		: 0
cpu cores	: 2
apicid		: 0
initial apicid	: 0
fpu		: yes
fpu_exception	: yes
cpuid level	: 13
wp		: yes
flags		: fpu vme de pse tsc msr pae mce cx8 apic sep mtrr pge mca cmov pat pse36 clflush dts acpi mmx fxsr sse sse2 ss ht tm pbe syscall nx rdtscp lm constant_tsc arch_perfmon pebs bts nopl xtopology nonstop_tsc cpuid aperfmperf pni pclmulqdq dtes64 monitor ds_cpl vmx est tm2 ssse3 cx16 xtpr pdcm pcid sse4_1 sse4_2 x2apic popcnt tsc_deadline_timer aes xsave avx lahf_lm epb pti ibrs ibpb stibp tpr_shadow vnmi flexpriority ept vpid xsaveopt dtherm ida arat pln pts
bugs		: cpu_meltdown spectre_v1 spectre_v2 spec_store_bypass
bogomips	: 4591.98
clflush size	: 64
cache_alignment	: 64
address sizes	: 36 bits physical, 48 bits virtual
power management:

processor	: 1
vendor_id	: GenuineIntel
cpu family	: 6
model		: 42
model name	: Intel(R) Core(TM) i5-2410M CPU @ 2.30GHz
stepping	: 7
microcode	: 0x2d
cpu MHz		: 1510.129
cache size	: 3072 KB
physical id	: 0
siblings	: 4
core id		: 0
cpu cores	: 2
apicid		: 1
initial apicid	: 1
fpu		: yes
fpu_exception	: yes
cpuid level	: 13
wp		: yes
flags		: fpu vme de pse tsc msr pae mce cx8 apic sep mtrr pge mca cmov pat pse36 clflush dts acpi mmx fxsr sse sse2 ss ht tm pbe syscall nx rdtscp lm constant_tsc arch_perfmon pebs bts nopl xtopology nonstop_tsc cpuid aperfmperf pni pclmulqdq dtes64 monitor ds_cpl vmx est tm2 ssse3 cx16 xtpr pdcm pcid sse4_1 sse4_2 x2apic popcnt tsc_deadline_timer aes xsave avx lahf_lm epb pti ibrs ibpb stibp tpr_shadow vnmi flexpriority ept vpid xsaveopt dtherm ida arat pln pts
bugs		: cpu_meltdown spectre_v1 spectre_v2 spec_store_bypass
bogomips	: 4591.98
clflush size	: 64
cache_alignment	: 64
address sizes	: 36 bits physical, 48 bits virtual
power management:

processor	: 2
vendor_id	: GenuineIntel
cpu family	: 6
model		: 42
model name	: Intel(R) Core(TM) i5-2410M CPU @ 2.30GHz
stepping	: 7
microcode	: 0x2d
cpu MHz		: 2011.257
cache size	: 3072 KB
physical id	: 0
siblings	: 4
core id		: 1
cpu cores	: 2
apicid		: 2
initial apicid	: 2
fpu		: yes
fpu_exception	: yes
cpuid level	: 13
wp		: yes
flags		: fpu vme de pse tsc msr pae mce cx8 apic sep mtrr pge mca cmov pat pse36 clflush dts acpi mmx fxsr sse sse2 ss ht tm pbe syscall nx rdtscp lm constant_tsc arch_perfmon pebs bts nopl xtopology nonstop_tsc cpuid aperfmperf pni pclmulqdq dtes64 monitor ds_cpl vmx est tm2 ssse3 cx16 xtpr pdcm pcid sse4_1 sse4_2 x2apic popcnt tsc_deadline_timer aes xsave avx lahf_lm epb pti ibrs ibpb stibp tpr_shadow vnmi flexpriority ept vpid xsaveopt dtherm ida arat pln pts
bugs		: cpu_meltdown spectre_v1 spectre_v2 spec_store_bypass
bogomips	: 4591.98
clflush size	: 64
cache_alignment	: 64
address sizes	: 36 bits physical, 48 bits virtual
power management:

processor	: 3
vendor_id	: GenuineIntel
cpu family	: 6
model		: 42
model name	: Intel(R) Core(TM) i5-2410M CPU @ 2.30GHz
stepping	: 7
microcode	: 0x2d
cpu MHz		: 1456.022
cache size	: 3072 KB
physical id	: 0
siblings	: 4
core id		: 1
cpu cores	: 2
apicid		: 3
initial apicid	: 3
fpu		: yes
fpu_exception	: yes
cpuid level	: 13
wp		: yes
flags		: fpu vme de pse tsc msr pae mce cx8 apic sep mtrr pge mca cmov pat pse36 clflush dts acpi mmx fxsr sse sse2 ss ht tm pbe syscall nx rdtscp lm constant_tsc arch_perfmon pebs bts nopl xtopology nonstop_tsc cpuid aperfmperf pni pclmulqdq dtes64 monitor ds_cpl vmx est tm2 ssse3 cx16 xtpr pdcm pcid sse4_1 sse4_2 x2apic popcnt tsc_deadline_timer aes xsave avx lahf_lm epb pti ibrs ibpb stibp tpr_shadow vnmi flexpriority ept vpid xsaveopt dtherm ida arat pln pts
bugs		: cpu_meltdown spectre_v1 spectre_v2 spec_store_bypass
bogomips	: 4591.98
clflush size	: 64
cache_alignment	: 64
address sizes	: 36 bits physical, 48 bits virtual
power management:



Memory: 4k page, physical 3934168k(122640k free), swap 2097148k(1471772k free)

vm_info: OpenJDK 64-Bit Server VM (25.172-b11) for linux-amd64 JRE (1.8.0_172-b11), built on Apr 26 2018 02:09:23 by "builduser" with gcc 7.3.1 20180406

time: Fri Jun  8 01:35:18 2018
elapsed time: 325 seconds (0d 0h 5m 25s)

