#
# A fatal error has been detected by the Java Runtime Environment:
#
#  SIGSEGV (0xb) at pc=0x00007f980901bf74, pid=8739, tid=0x00007f97c0ee1700
#
# JRE version: OpenJDK Runtime Environment (8.0_172-b11) (build 1.8.0_172-b11)
# Java VM: OpenJDK 64-Bit Server VM (25.172-b11 mixed mode linux-amd64 compressed oops)
# Problematic frame:
# j  mx.edu.ulsaoaxaca.aventon.Chofer_$$_jvstb56_7.addTo(Ljava/lang/String;Ljava/lang/Object;)Lmx/edu/ulsaoaxaca/aventon/Chofer;+18
#
# Core dump written. Default location: /home/angeldat/Documents/_2018_05_27Ulsaventon/core or core.8739
#
# If you would like to submit a bug report, please visit:
#   http://bugreport.java.com/bugreport/crash.jsp
#

---------------  T H R E A D  ---------------

Current thread (0x00007f981962a000):  JavaThread "http-nio-8080-exec-8" daemon [_thread_in_Java, id=8795, stack(0x00007f97c0de1000,0x00007f97c0ee2000)]

siginfo: si_signo: 11 (SIGSEGV), si_code: 1 (SEGV_MAPERR), si_addr: 0x0000000000001fa8

Registers:
RAX=0x0000000000001fa0, RBX=0x0000000000000000, RCX=0x0000000000000000, RDX=0x00000000f7ca1a08
RSP=0x00007f97c0ed9790, RBP=0x00007f97c0ed9810, RSI=0xfffffffffffffff8, RDI=0x00007f981962a000
R8 =0x0000000000000000, R9 =0x0000000000000010, R10=0x00007f981f18e680, R11=0x0000000000000004
R12=0x0000000000000000, R13=0x00007f97c2632708, R14=0x00007f97c0ed9838, R15=0x00007f981962a000
RIP=0x00007f980901bf74, EFLAGS=0x0000000000010206, CSGSFS=0x002b000000000033, ERR=0x0000000000000004
  TRAPNO=0x000000000000000e

Top of Stack: (sp=0x00007f97c0ed9790)
0x00007f97c0ed9790:   0000000000001fa0 0000000000000000
0x00007f97c0ed97a0:   00000000f7ca1a08 00000000f7ca1a08
0x00007f97c0ed97b0:   00000000d3f2efd0 00000000d3f2f098
0x00007f97c0ed97c0:   00007f97c2632718 00000000180a5cb0
0x00007f97c0ed97d0:   00007f97c0ed97d0 00007f97c2632702
0x00007f97c0ed97e0:   00007f97c0ed9838 00007f97c2639fc0
0x00007f97c0ed97f0:   0000000000000000 00007f97c2632718
0x00007f97c0ed9800:   0000000000000000 00007f97c0ed9828
0x00007f97c0ed9810:   00007f97c0ed9890 00007f98090004e7
0x00007f97c0ed9820:   00000000d3f189d8 00000000f7a71c38
0x00007f97c0ed9830:   0000000000001fa0 00007f97c2632718
0x00007f97c0ed9840:   00007f97c0ed9a70 00007f97c0ed9930
0x00007f97c0ed9850:   00007f981962a000 00007f981962a000
0x00007f97c0ed9860:   00007f97c0ed9930 00007f97c0ed9a58
0x00007f97c0ed9870:   00007f970000000c 00007f97c2632718
0x00007f97c0ed9880:   00007f9809013340 00007f97c0ed9a78
0x00007f97c0ed9890:   00007f97c0ed99b0 00007f981e88821b
0x00007f97c0ed98a0:   0000000000000001 00007f981962a000
0x00007f97c0ed98b0:   000000010006f3a8 00007f97c0ed98c0
0x00007f97c0ed98c0:   00007f97c0ed98f0 00007f980000000c
0x00007f97c0ed98d0:   00007f980000000c 00007f9809013340
0x00007f97c0ed98e0:   00007f9819a20530 00007f97c0ed9a50
0x00007f97c0ed98f0:   00007f981962a000 00007f9819a204b0
0x00007f97c0ed9900:   00007f9819a204f0 00007f9819a20548
0x00007f97c0ed9910:   00007f9819a205d8 00000000000000d8
0x00007f97c0ed9920:   00007f97c0eda450 00007f981962a000
0x00007f97c0ed9930:   00007f981962a000 00007f978c0032e0
0x00007f97c0ed9940:   00007f97c2632718 00000000f7a71c38
0x00007f97c0ed9950:   00007f97c0ed9ce0 00007f98096789f7
0x00007f97c0ed9960:   0000000000000000 00007f97c0ed9a50
0x00007f97c0ed9970:   00007f97c0ed9990 ee719831817e9700
0x00007f97c0ed9980:   0000000000000001 00007f97c0ed9a50 

Instructions: (pc=0x00007f980901bf74)
0x00007f980901bf54:   8b 4c 24 08 48 8b 54 24 10 48 63 c9 3b 4a 0c 8b
0x00007f980901bf64:   d9 0f 83 35 6f ff ff 48 85 c0 0f 84 32 01 00 00
0x00007f980901bf74:   8b 58 08 48 c1 e3 03 8b 42 08 48 c1 e0 03 48 8b
0x00007f980901bf84:   80 e0 00 00 00 48 8d 54 8a 10 48 8b 4d e0 48 85 

Register to memory mapping:

RAX=0x0000000000001fa0 is an unknown value
RBX=0x0000000000000000 is an unknown value
RCX=0x0000000000000000 is an unknown value
RDX=0x00000000f7ca1a08 is an oop
[Ljava.lang.Object; 
 - klass: 'java/lang/Object'[]
 - length: 2
RSP=0x00007f97c0ed9790 is pointing into the stack for thread: 0x00007f981962a000
RBP=0x00007f97c0ed9810 is pointing into the stack for thread: 0x00007f981962a000
RSI=0xfffffffffffffff8 is an unknown value
RDI=0x00007f981962a000 is a thread
R8 =0x0000000000000000 is an unknown value
R9 =0x0000000000000010 is an unknown value
R10=0x00007f981f18e680: <offset 0xf87680> in /usr/lib/jvm/java-8-openjdk/jre/lib/amd64/server/libjvm.so at 0x00007f981e207000
R11=0x0000000000000004 is an unknown value
R12=0x0000000000000000 is an unknown value
R13=0x00007f97c2632708 is pointing into metadata
R14=0x00007f97c0ed9838 is pointing into the stack for thread: 0x00007f981962a000
R15=0x00007f981962a000 is a thread


Stack: [0x00007f97c0de1000,0x00007f97c0ee2000],  sp=0x00007f97c0ed9790,  free space=993k
Native frames: (J=compiled Java code, j=interpreted, Vv=VM code, C=native code)
j  mx.edu.ulsaoaxaca.aventon.Chofer_$$_jvstb56_7.addTo(Ljava/lang/String;Ljava/lang/Object;)Lmx/edu/ulsaoaxaca/aventon/Chofer;+18
v  ~StubRoutines::call_stub
V  [libjvm.so+0x68121b]
V  [libjvm.so+0x96fe25]
V  [libjvm.so+0x971805]
V  [libjvm.so+0x6cdb31]  JVM_InvokeMethod+0x111
J 2417  sun.reflect.NativeMethodAccessorImpl.invoke0(Ljava/lang/reflect/Method;Ljava/lang/Object;[Ljava/lang/Object;)Ljava/lang/Object; (0 bytes) @ 0x00007f9809678a6d [0x00007f9809678980+0xed]
J 2416 C1 sun.reflect.NativeMethodAccessorImpl.invoke(Ljava/lang/Object;[Ljava/lang/Object;)Ljava/lang/Object; (104 bytes) @ 0x00007f9809679114 [0x00007f9809678da0+0x374]
J 791 C1 sun.reflect.DelegatingMethodAccessorImpl.invoke(Ljava/lang/Object;[Ljava/lang/Object;)Ljava/lang/Object; (10 bytes) @ 0x00007f9809395f04 [0x00007f9809395ec0+0x44]
J 790 C1 java.lang.reflect.Method.invoke(Ljava/lang/Object;[Ljava/lang/Object;)Ljava/lang/Object; (62 bytes) @ 0x00007f9809395b14 [0x00007f9809395a20+0xf4]
J 1913 C1 org.springsource.loaded.ri.ReflectiveInterceptor.jlrMethodInvoke(Ljava/lang/reflect/Method;Ljava/lang/Object;[Ljava/lang/Object;)Ljava/lang/Object; (2214 bytes) @ 0x00007f980955ebd4 [0x00007f980955d5a0+0x1634]
J 3684 C1 org.codehaus.groovy.reflection.CachedMethod.invoke(Ljava/lang/Object;[Ljava/lang/Object;)Ljava/lang/Object; (70 bytes) @ 0x00007f98094d9d74 [0x00007f98094d9d40+0x34]
J 3157 C1 groovy.lang.MetaMethod.doMethodInvoke(Ljava/lang/Object;[Ljava/lang/Object;)Ljava/lang/Object; (22 bytes) @ 0x00007f980981fc54 [0x00007f980981fbe0+0x74]
J 4547 C1 org.codehaus.groovy.runtime.metaclass.MethodMetaProperty$GetBeanMethodMetaProperty.getProperty(Ljava/lang/Object;)Ljava/lang/Object; (12 bytes) @ 0x00007f9809ada14c [0x00007f9809ada100+0x4c]
j  org.codehaus.groovy.runtime.callsite.GetEffectivePogoPropertySite.getProperty(Ljava/lang/Object;)Ljava/lang/Object;+5
J 9578 C1 org.codehaus.groovy.runtime.callsite.GetEffectivePogoPropertySite.callGetProperty(Ljava/lang/Object;)Ljava/lang/Object; (56 bytes) @ 0x00007f980a41ce84 [0x00007f980a41cc20+0x264]
j  home_angeldat_Documents__2018_05_27Ulsaventon_grails_app_views_usuarios_perfil_gsp$_run_closure2.doCall()Ljava/lang/Object;+189
v  ~StubRoutines::call_stub
V  [libjvm.so+0x68121b]
V  [libjvm.so+0x96fe25]
V  [libjvm.so+0x971805]
V  [libjvm.so+0x6cdb31]  JVM_InvokeMethod+0x111
J 2417  sun.reflect.NativeMethodAccessorImpl.invoke0(Ljava/lang/reflect/Method;Ljava/lang/Object;[Ljava/lang/Object;)Ljava/lang/Object; (0 bytes) @ 0x00007f9809678a6d [0x00007f9809678980+0xed]
J 2416 C1 sun.reflect.NativeMethodAccessorImpl.invoke(Ljava/lang/Object;[Ljava/lang/Object;)Ljava/lang/Object; (104 bytes) @ 0x00007f9809679114 [0x00007f9809678da0+0x374]
J 791 C1 sun.reflect.DelegatingMethodAccessorImpl.invoke(Ljava/lang/Object;[Ljava/lang/Object;)Ljava/lang/Object; (10 bytes) @ 0x00007f9809395f04 [0x00007f9809395ec0+0x44]
J 790 C1 java.lang.reflect.Method.invoke(Ljava/lang/Object;[Ljava/lang/Object;)Ljava/lang/Object; (62 bytes) @ 0x00007f9809395b14 [0x00007f9809395a20+0xf4]
J 1913 C1 org.springsource.loaded.ri.ReflectiveInterceptor.jlrMethodInvoke(Ljava/lang/reflect/Method;Ljava/lang/Object;[Ljava/lang/Object;)Ljava/lang/Object; (2214 bytes) @ 0x00007f980955ed24 [0x00007f980955d5a0+0x1784]
J 3684 C1 org.codehaus.groovy.reflection.CachedMethod.invoke(Ljava/lang/Object;[Ljava/lang/Object;)Ljava/lang/Object; (70 bytes) @ 0x00007f98094d9d74 [0x00007f98094d9d40+0x34]
J 3157 C1 groovy.lang.MetaMethod.doMethodInvoke(Ljava/lang/Object;[Ljava/lang/Object;)Ljava/lang/Object; (22 bytes) @ 0x00007f980981fc54 [0x00007f980981fbe0+0x74]
J 3658 C1 org.codehaus.groovy.runtime.metaclass.ClosureMetaClass.invokeMethod(Ljava/lang/Class;Ljava/lang/Object;Ljava/lang/String;[Ljava/lang/Object;ZZ)Ljava/lang/Object; (872 bytes) @ 0x00007f98099183bc [0x00007f98099171e0+0x11dc]
J 1912 C1 groovy.lang.MetaClassImpl.invokeMethod(Ljava/lang/Object;Ljava/lang/String;[Ljava/lang/Object;)Ljava/lang/Object; (14 bytes) @ 0x00007f980955c51c [0x00007f980955c4c0+0x5c]
J 4113 C1 groovy.lang.Closure.call([Ljava/lang/Object;)Ljava/lang/Object; (30 bytes) @ 0x00007f9809a052fc [0x00007f9809a05280+0x7c]
J 8700 C1 groovy.lang.Closure.call()Ljava/lang/Object; (10 bytes) @ 0x00007f980a28414c [0x00007f980a284100+0x4c]
J 10287 C1 org.grails.taglib.TagBodyClosure.captureClosureOutput(Ljava/lang/Object;Z)Ljava/lang/Object; (214 bytes) @ 0x00007f980a5b72c4 [0x00007f980a5b6cc0+0x604]
J 10286 C1 org.grails.taglib.TagBodyClosure.call()Ljava/lang/Object; (7 bytes) @ 0x00007f980a5b66c4 [0x00007f980a5b6680+0x44]
J 10464 C1 org.grails.plugins.web.taglib.SitemeshTagLib.captureTagContent(Lorg/grails/buffer/GrailsPrintWriter;Ljava/lang/String;Ljava/util/Map;Ljava/lang/Object;Z)Ljava/lang/Object; (402 bytes) @ 0x00007f980a61245c [0x00007f980a612280+0x1dc]
J 11278 C1 org.grails.plugins.web.taglib.SitemeshTagLib.captureTagContent(Lorg/grails/buffer/GrailsPrintWriter;Ljava/lang/String;Ljava/util/Map;Ljava/lang/Object;)Ljava/lang/Object; (31 bytes) @ 0x00007f980a8076c4 [0x00007f980a807560+0x164]
j  org.grails.plugins.web.taglib.SitemeshTagLib$_closure3.doCall(Ljava/util/Map;Ljava/lang/Object;)Ljava/lang/Object;+37
j  sun.reflect.GeneratedMethodAccessor340.invoke(Ljava/lang/Object;[Ljava/lang/Object;)Ljava/lang/Object;+48
J 791 C1 sun.reflect.DelegatingMethodAccessorImpl.invoke(Ljava/lang/Object;[Ljava/lang/Object;)Ljava/lang/Object; (10 bytes) @ 0x00007f9809395f04 [0x00007f9809395ec0+0x44]
J 790 C1 java.lang.reflect.Method.invoke(Ljava/lang/Object;[Ljava/lang/Object;)Ljava/lang/Object; (62 bytes) @ 0x00007f9809395b14 [0x00007f9809395a20+0xf4]
J 1913 C1 org.springsource.loaded.ri.ReflectiveInterceptor.jlrMethodInvoke(Ljava/lang/reflect/Method;Ljava/lang/Object;[Ljava/lang/Object;)Ljava/lang/Object; (2214 bytes) @ 0x00007f980955ed24 [0x00007f980955d5a0+0x1784]
J 3684 C1 org.codehaus.groovy.reflection.CachedMethod.invoke(Ljava/lang/Object;[Ljava/lang/Object;)Ljava/lang/Object; (70 bytes) @ 0x00007f98094d9d74 [0x00007f98094d9d40+0x34]
J 3157 C1 groovy.lang.MetaMethod.doMethodInvoke(Ljava/lang/Object;[Ljava/lang/Object;)Ljava/lang/Object; (22 bytes) @ 0x00007f980981fc54 [0x00007f980981fbe0+0x74]
J 3658 C1 org.codehaus.groovy.runtime.metaclass.ClosureMetaClass.invokeMethod(Ljava/lang/Class;Ljava/lang/Object;Ljava/lang/String;[Ljava/lang/Object;ZZ)Ljava/lang/Object; (872 bytes) @ 0x00007f98099183bc [0x00007f98099171e0+0x11dc]
J 1912 C1 groovy.lang.MetaClassImpl.invokeMethod(Ljava/lang/Object;Ljava/lang/String;[Ljava/lang/Object;)Ljava/lang/Object; (14 bytes) @ 0x00007f980955c51c [0x00007f980955c4c0+0x5c]
J 4113 C1 groovy.lang.Closure.call([Ljava/lang/Object;)Ljava/lang/Object; (30 bytes) @ 0x00007f9809a052fc [0x00007f9809a05280+0x7c]
J 9314 C1 org.grails.gsp.GroovyPage.invokeTagLibClosure(Ljava/lang/String;Ljava/lang/String;Lgroovy/lang/Closure;Ljava/util/Map;Lgroovy/lang/Closure;ZLjava/util/Map;)V (239 bytes) @ 0x00007f980a399bec [0x00007f980a3995a0+0x64c]
J 9311 C1 org.grails.gsp.GroovyPage.invokeTag(Ljava/lang/String;Ljava/lang/String;ILjava/util/Map;I)V (791 bytes) @ 0x00007f980a3908d4 [0x00007f980a38fec0+0xa14]
J 10486 C1 org.grails.gsp.GroovyPage$invokeTag$4.callCurrent(Lgroovy/lang/GroovyObject;[Ljava/lang/Object;)Ljava/lang/Object; (59 bytes) @ 0x00007f980a61dfb4 [0x00007f980a61dd40+0x274]
j  home_angeldat_Documents__2018_05_27Ulsaventon_grails_app_views_usuarios_perfil_gsp.run()Ljava/lang/Object;+206
j  org.grails.gsp.GroovyPageWritable.doWriteTo(Lorg/grails/taglib/encoder/OutputContext;Ljava/io/Writer;)Ljava/io/Writer;+373
j  org.grails.gsp.GroovyPageWritable.writeTo(Ljava/io/Writer;)Ljava/io/Writer;+13
j  org.grails.web.servlet.view.GroovyPageView.renderTemplate(Ljava/util/Map;Lorg/grails/web/servlet/mvc/GrailsWebRequest;Ljavax/servlet/http/HttpServletRequest;Ljavax/servlet/http/HttpServletResponse;)V+64
j  org.grails.web.servlet.view.AbstractGrailsView.renderWithinGrailsWebRequest(Ljava/util/Map;Ljavax/servlet/http/HttpServletRequest;Ljavax/servlet/http/HttpServletResponse;)V+54
j  org.grails.web.servlet.view.AbstractGrailsView.renderMergedOutputModel(Ljava/util/Map;Ljavax/servlet/http/HttpServletRequest;Ljavax/servlet/http/HttpServletResponse;)V+10
J 12181 C1 org.springframework.web.servlet.view.AbstractView.render(Ljava/util/Map;Ljavax/servlet/http/HttpServletRequest;Ljavax/servlet/http/HttpServletResponse;)V (92 bytes) @ 0x00007f980a9f6d74 [0x00007f980a9f69c0+0x3b4]
j  org.grails.web.sitemesh.GrailsLayoutView.renderInnerView(Ljava/util/Map;Lorg/grails/web/servlet/mvc/GrailsWebRequest;Ljavax/servlet/http/HttpServletRequest;Ljavax/servlet/http/HttpServletResponse;Lorg/grails/web/sitemesh/GrailsContentBufferingResponse;)V+30
j  org.grails.web.sitemesh.GrailsLayoutView.obtainContent(Ljava/util/Map;Lorg/grails/web/servlet/mvc/GrailsWebRequest;Ljavax/servlet/http/HttpServletRequest;Ljavax/servlet/http/HttpServletResponse;)Lcom/opensymphony/sitemesh/Content;+86
j  org.grails.web.sitemesh.GrailsLayoutView.renderTemplate(Ljava/util/Map;Lorg/grails/web/servlet/mvc/GrailsWebRequest;Ljavax/servlet/http/HttpServletRequest;Ljavax/servlet/http/HttpServletResponse;)V+47
j  org.grails.web.servlet.view.AbstractGrailsView.renderWithinGrailsWebRequest(Ljava/util/Map;Ljavax/servlet/http/HttpServletRequest;Ljavax/servlet/http/HttpServletResponse;)V+54
j  org.grails.web.servlet.view.AbstractGrailsView.renderMergedOutputModel(Ljava/util/Map;Ljavax/servlet/http/HttpServletRequest;Ljavax/servlet/http/HttpServletResponse;)V+10
J 12181 C1 org.springframework.web.servlet.view.AbstractView.render(Ljava/util/Map;Ljavax/servlet/http/HttpServletRequest;Ljavax/servlet/http/HttpServletResponse;)V (92 bytes) @ 0x00007f980a9f6d74 [0x00007f980a9f69c0+0x3b4]
j  org.springframework.web.servlet.DispatcherServlet.render(Lorg/springframework/web/servlet/ModelAndView;Ljavax/servlet/http/HttpServletRequest;Ljavax/servlet/http/HttpServletResponse;)V+246
j  org.springframework.web.servlet.DispatcherServlet.processDispatchResult(Ljavax/servlet/http/HttpServletRequest;Ljavax/servlet/http/HttpServletResponse;Lorg/springframework/web/servlet/HandlerExecutionChain;Lorg/springframework/web/servlet/ModelAndView;Ljava/lang/Exception;)V+99
j  org.springframework.web.servlet.DispatcherServlet.doDispatch(Ljavax/servlet/http/HttpServletRequest;Ljavax/servlet/http/HttpServletResponse;)V+424
j  org.springframework.web.servlet.DispatcherServlet.doService(Ljavax/servlet/http/HttpServletRequest;Ljavax/servlet/http/HttpServletResponse;)V+307
j  org.springframework.web.servlet.FrameworkServlet.processRequest(Ljavax/servlet/http/HttpServletRequest;Ljavax/servlet/http/HttpServletResponse;)V+71
j  org.springframework.web.servlet.FrameworkServlet.doGet(Ljavax/servlet/http/HttpServletRequest;Ljavax/servlet/http/HttpServletResponse;)V+3
j  javax.servlet.http.HttpServlet.service(Ljavax/servlet/http/HttpServletRequest;Ljavax/servlet/http/HttpServletResponse;)V+35
j  org.springframework.web.servlet.FrameworkServlet.service(Ljavax/servlet/http/HttpServletRequest;Ljavax/servlet/http/HttpServletResponse;)V+33
j  javax.servlet.http.HttpServlet.service(Ljavax/servlet/ServletRequest;Ljavax/servlet/ServletResponse;)V+31
J 8076 C1 org.apache.catalina.core.ApplicationFilterChain.internalDoFilter(Ljavax/servlet/ServletRequest;Ljavax/servlet/ServletResponse;)V (388 bytes) @ 0x00007f980a10c614 [0x00007f980a10c400+0x214]
J 8516 C1 org.apache.catalina.core.ApplicationFilterChain.doFilter(Ljavax/servlet/ServletRequest;Ljavax/servlet/ServletResponse;)V (105 bytes) @ 0x00007f980a23d0b4 [0x00007f980a23d080+0x34]
j  org.apache.tomcat.websocket.server.WsFilter.doFilter(Ljavax/servlet/ServletRequest;Ljavax/servlet/ServletResponse;Ljavax/servlet/FilterChain;)V+21
J 8076 C1 org.apache.catalina.core.ApplicationFilterChain.internalDoFilter(Ljavax/servlet/ServletRequest;Ljavax/servlet/ServletResponse;)V (388 bytes) @ 0x00007f980a10c884 [0x00007f980a10c400+0x484]
J 8516 C1 org.apache.catalina.core.ApplicationFilterChain.doFilter(Ljavax/servlet/ServletRequest;Ljavax/servlet/ServletResponse;)V (105 bytes) @ 0x00007f980a23d0b4 [0x00007f980a23d080+0x34]
j  org.springframework.boot.web.filter.ApplicationContextHeaderFilter.doFilterInternal(Ljavax/servlet/http/HttpServletRequest;Ljavax/servlet/http/HttpServletResponse;Ljavax/servlet/FilterChain;)V+20
J 8239 C1 org.springframework.web.filter.OncePerRequestFilter.doFilter(Ljavax/servlet/ServletRequest;Ljavax/servlet/ServletResponse;Ljavax/servlet/FilterChain;)V (139 bytes) @ 0x00007f980a1a0204 [0x00007f980a19ff80+0x284]
J 8076 C1 org.apache.catalina.core.ApplicationFilterChain.internalDoFilter(Ljavax/servlet/ServletRequest;Ljavax/servlet/ServletResponse;)V (388 bytes) @ 0x00007f980a10c884 [0x00007f980a10c400+0x484]
J 8516 C1 org.apache.catalina.core.ApplicationFilterChain.doFilter(Ljavax/servlet/ServletRequest;Ljavax/servlet/ServletResponse;)V (105 bytes) @ 0x00007f980a23d0b4 [0x00007f980a23d080+0x34]
J 10824 C1 org.springframework.boot.actuate.trace.WebRequestTraceFilter.doFilterInternal(Ljavax/servlet/http/HttpServletRequest;Ljavax/servlet/http/HttpServletResponse;Ljavax/servlet/FilterChain;)V (168 bytes) @ 0x00007f980a6d69d4 [0x00007f980a6d6900+0xd4]
J 8239 C1 org.springframework.web.filter.OncePerRequestFilter.doFilter(Ljavax/servlet/ServletRequest;Ljavax/servlet/ServletResponse;Ljavax/servlet/FilterChain;)V (139 bytes) @ 0x00007f980a1a0204 [0x00007f980a19ff80+0x284]
J 8076 C1 org.apache.catalina.core.ApplicationFilterChain.internalDoFilter(Ljavax/servlet/ServletRequest;Ljavax/servlet/ServletResponse;)V (388 bytes) @ 0x00007f980a10c884 [0x00007f980a10c400+0x484]
J 8516 C1 org.apache.catalina.core.ApplicationFilterChain.doFilter(Ljavax/servlet/ServletRequest;Ljavax/servlet/ServletResponse;)V (105 bytes) @ 0x00007f980a23d0b4 [0x00007f980a23d080+0x34]
J 9796 C1 org.springframework.security.web.FilterChainProxy$VirtualFilterChain.doFilter(Ljavax/servlet/ServletRequest;Ljavax/servlet/ServletResponse;)V (198 bytes) @ 0x00007f980a4996ec [0x00007f980a498d20+0x9cc]
j  org.springframework.security.web.access.intercept.FilterSecurityInterceptor.invoke(Lorg/springframework/security/web/FilterInvocation;)V+87
j  org.springframework.security.web.access.intercept.FilterSecurityInterceptor.doFilter(Ljavax/servlet/ServletRequest;Ljavax/servlet/ServletResponse;Ljavax/servlet/FilterChain;)V+15
J 9796 C1 org.springframework.security.web.FilterChainProxy$VirtualFilterChain.doFilter(Ljavax/servlet/ServletRequest;Ljavax/servlet/ServletResponse;)V (198 bytes) @ 0x00007f980a49968c [0x00007f980a498d20+0x96c]
j  org.springframework.security.web.access.ExceptionTranslationFilter.doFilter(Ljavax/servlet/ServletRequest;Ljavax/servlet/ServletResponse;Ljavax/servlet/FilterChain;)V+17
j  grails.plugin.springsecurity.web.UpdateRequestContextHolderExceptionTranslationFilter.doFilter(Ljavax/servlet/ServletRequest;Ljavax/servlet/ServletResponse;Ljavax/servlet/FilterChain;)V+161
J 9796 C1 org.springframework.security.web.FilterChainProxy$VirtualFilterChain.doFilter(Ljavax/servlet/ServletRequest;Ljavax/servlet/ServletResponse;)V (198 bytes) @ 0x00007f980a49968c [0x00007f980a498d20+0x96c]
j  grails.plugin.springsecurity.web.filter.GrailsAnonymousAuthenticationFilter.doFilter(Ljavax/servlet/ServletRequest;Ljavax/servlet/ServletResponse;Ljavax/servlet/FilterChain;)V+18
J 9796 C1 org.springframework.security.web.FilterChainProxy$VirtualFilterChain.doFilter(Ljavax/servlet/ServletRequest;Ljavax/servlet/ServletResponse;)V (198 bytes) @ 0x00007f980a49968c [0x00007f980a498d20+0x96c]
j  org.springframework.security.web.authentication.rememberme.RememberMeAuthenticationFilter.doFilter(Ljavax/servlet/ServletRequest;Ljavax/servlet/ServletResponse;Ljavax/servlet/FilterChain;)V+332
J 9796 C1 org.springframework.security.web.FilterChainProxy$VirtualFilterChain.doFilter(Ljavax/servlet/ServletRequest;Ljavax/servlet/ServletResponse;)V (198 bytes) @ 0x00007f980a49968c [0x00007f980a498d20+0x96c]
j  org.springframework.security.web.servletapi.SecurityContextHolderAwareRequestFilter.doFilter(Ljavax/servlet/ServletRequest;Ljavax/servlet/ServletResponse;Ljavax/servlet/FilterChain;)V+19
J 9796 C1 org.springframework.security.web.FilterChainProxy$VirtualFilterChain.doFilter(Ljavax/servlet/ServletRequest;Ljavax/servlet/ServletResponse;)V (198 bytes) @ 0x00007f980a49968c [0x00007f980a498d20+0x96c]
j  org.springframework.security.web.authentication.AbstractAuthenticationProcessingFilter.doFilter(Ljavax/servlet/ServletRequest;Ljavax/servlet/ServletResponse;Ljavax/servlet/FilterChain;)V+28
J 9796 C1 org.springframework.security.web.FilterChainProxy$VirtualFilterChain.doFilter(Ljavax/servlet/ServletRequest;Ljavax/servlet/ServletResponse;)V (198 bytes) @ 0x00007f980a49968c [0x00007f980a498d20+0x96c]
...<more frames>...


---------------  P R O C E S S  ---------------

Java Threads: ( => current thread )
  0x00007f9818017000 JavaThread "DestroyJavaVM" [_thread_blocked, id=8742, stack(0x00007f981fe8f000,0x00007f981ff8f000)]
  0x00007f9819a8b000 JavaThread "Thread-6" daemon [_thread_blocked, id=8804, stack(0x00007f97c04d8000,0x00007f97c05d9000)]
  0x00007f9819a88800 JavaThread "Thread-8" [_thread_blocked, id=8803, stack(0x00007f97c05d9000,0x00007f97c06da000)]
  0x00007f9819a76000 JavaThread "Thread-7" daemon [_thread_in_native, id=8802, stack(0x00007f97c06da000,0x00007f97c07db000)]
  0x00007f9819a4e000 JavaThread "http-nio-8080-AsyncTimeout" daemon [_thread_blocked, id=8801, stack(0x00007f97c07db000,0x00007f97c08dc000)]
  0x00007f9819a37000 JavaThread "http-nio-8080-Acceptor-0" daemon [_thread_in_native, id=8800, stack(0x00007f97c08dc000,0x00007f97c09dd000)]
  0x00007f9819a34800 JavaThread "http-nio-8080-ClientPoller-1" daemon [_thread_in_native, id=8799, stack(0x00007f97c09dd000,0x00007f97c0ade000)]
  0x00007f9819a33800 JavaThread "http-nio-8080-ClientPoller-0" daemon [_thread_in_native, id=8798, stack(0x00007f97c0ade000,0x00007f97c0bdf000)]
  0x00007f9819a23800 JavaThread "http-nio-8080-exec-10" daemon [_thread_blocked, id=8797, stack(0x00007f97c0bdf000,0x00007f97c0ce0000)]
  0x00007f9819a21800 JavaThread "http-nio-8080-exec-9" daemon [_thread_blocked, id=8796, stack(0x00007f97c0ce0000,0x00007f97c0de1000)]
=>0x00007f981962a000 JavaThread "http-nio-8080-exec-8" daemon [_thread_in_Java, id=8795, stack(0x00007f97c0de1000,0x00007f97c0ee2000)]
  0x00007f9819628000 JavaThread "http-nio-8080-exec-7" daemon [_thread_blocked, id=8794, stack(0x00007f97c0ee2000,0x00007f97c0fe3000)]
  0x00007f9819626000 JavaThread "http-nio-8080-exec-6" daemon [_thread_blocked, id=8793, stack(0x00007f97c0fe3000,0x00007f97c10e4000)]
  0x00007f9819624000 JavaThread "http-nio-8080-exec-5" daemon [_thread_blocked, id=8792, stack(0x00007f97c10e4000,0x00007f97c11e5000)]
  0x00007f9819622000 JavaThread "http-nio-8080-exec-4" daemon [_thread_blocked, id=8791, stack(0x00007f97c11e5000,0x00007f97c12e6000)]
  0x00007f9819620800 JavaThread "http-nio-8080-exec-3" daemon [_thread_blocked, id=8790, stack(0x00007f97c12e6000,0x00007f97c13e7000)]
  0x00007f981961f000 JavaThread "http-nio-8080-exec-2" daemon [_thread_blocked, id=8789, stack(0x00007f97c13e7000,0x00007f97c14e8000)]
  0x00007f9819a67000 JavaThread "http-nio-8080-exec-1" daemon [_thread_blocked, id=8788, stack(0x00007f97c14e8000,0x00007f97c15e9000)]
  0x00007f9819a69000 JavaThread "NioBlockingSelector.BlockPoller-1" daemon [_thread_in_native, id=8787, stack(0x00007f97c15e9000,0x00007f97c16ea000)]
  0x00007f9819909000 JavaThread "container-0" [_thread_blocked, id=8779, stack(0x00007f97c1cea000,0x00007f97c1deb000)]
  0x00007f9819901000 JavaThread "ContainerBackgroundProcessor[StandardEngine[Tomcat]]" daemon [_thread_blocked, id=8778, stack(0x00007f97c1deb000,0x00007f97c1eec000)]
  0x00007f9819435000 JavaThread "Tomcat JDBC Pool Cleaner[414493378:1528092608510]" daemon [_thread_blocked, id=8772, stack(0x00007f98007c1000,0x00007f98008c2000)]
  0x00007f9818825000 JavaThread "FileSystemWatcher: files=#69 cl=sun.misc.Launcher$AppClassLoader@18b4aac2" daemon [_thread_blocked, id=8760, stack(0x00007f98014e4000,0x00007f98015e5000)]
  0x00007f98187a3800 JavaThread "Service Thread" daemon [_thread_blocked, id=8758, stack(0x00007f98016f9000,0x00007f98017fa000)]
  0x00007f981878a800 JavaThread "C1 CompilerThread2" daemon [_thread_blocked, id=8757, stack(0x00007f98017fb000,0x00007f98018fb000)]
  0x00007f9818788000 JavaThread "C2 CompilerThread1" daemon [_thread_blocked, id=8756, stack(0x00007f98018fc000,0x00007f98019fc000)]
  0x00007f9818792800 JavaThread "C2 CompilerThread0" daemon [_thread_blocked, id=8755, stack(0x00007f98019fd000,0x00007f9801afd000)]
  0x00007f981818b000 JavaThread "Signal Dispatcher" daemon [_thread_blocked, id=8754, stack(0x00007f9801d5b000,0x00007f9801e5c000)]
  0x00007f9818157800 JavaThread "Finalizer" daemon [_thread_blocked, id=8752, stack(0x00007f9801ff8000,0x00007f98020f9000)]
  0x00007f9818153000 JavaThread "Reference Handler" daemon [_thread_blocked, id=8751, stack(0x00007f98020f9000,0x00007f98021fa000)]

Other Threads:
  0x00007f981814b000 VMThread [stack: 0x00007f98021fb000,0x00007f98022fb000] [id=8750]
  0x00007f98187a6000 WatcherThread [stack: 0x00007f98015f9000,0x00007f98016f9000] [id=8759]

VM state:not at safepoint (normal execution)

VM Mutex/Monitor currently owned by a thread: None

Heap:
 PSYoungGen      total 241152K, used 131818K [0x00000000f0000000, 0x0000000100000000, 0x0000000100000000)
  eden space 219136K, 58% used [0x00000000f0000000,0x00000000f7ccfa30,0x00000000fd600000)
  from space 22016K, 18% used [0x00000000fea80000,0x00000000fee6b1b8,0x0000000100000000)
  to   space 20992K, 0% used [0x00000000fd600000,0x00000000fd600000,0x00000000fea80000)
 ParOldGen       total 524288K, used 139480K [0x00000000d0000000, 0x00000000f0000000, 0x00000000f0000000)
  object space 524288K, 26% used [0x00000000d0000000,0x00000000d88363f8,0x00000000f0000000)
 Metaspace       used 76802K, capacity 82410K, committed 82584K, reserved 1120256K
  class space    used 10001K, capacity 11620K, committed 11688K, reserved 1048576K

Card table byte_map: [0x00007f981ccc4000,0x00007f981ce45000] byte_map_base: 0x00007f981c644000

Marking Bits: (ParMarkBitMap*) 0x00007f981f17e140
 Begin Bits: [0x00007f9802800000, 0x00007f9803400000)
 End Bits:   [0x00007f9803400000, 0x00007f9804000000)

Polling page: 0x00007f981ffc2000

CodeCache: size=245760Kb used=28324Kb max_used=28324Kb free=217435Kb
 bounds [0x00007f9809000000, 0x00007f980abb0000, 0x00007f9818000000]
 total_blobs=13578 nmethods=12784 adapters=707
 compilation: enabled

Compilation events (10 events):
Event: 1098.881 Thread 0x00007f981878a800 12952       1       org.springsource.loaded.Utils::toParamClasses (41 bytes)
Event: 1098.881 Thread 0x00007f981878a800 nmethod 12952 0x00007f980aba7ed0 code [0x00007f980aba8060, 0x00007f980aba82f8]
Event: 1098.881 Thread 0x00007f981878a800 12953       1       sl.org.objectweb.asm.Type::getReturnType (18 bytes)
Event: 1098.882 Thread 0x00007f981878a800 nmethod 12953 0x00007f980aba8490 code [0x00007f980aba8620, 0x00007f980aba8868]
Event: 1098.882 Thread 0x00007f981878a800 12955   !   1       org.springsource.loaded.jvm.JVM::newMethod (112 bytes)
Event: 1098.883 Thread 0x00007f981878a800 nmethod 12955 0x00007f980aba89d0 code [0x00007f980aba8be0, 0x00007f980aba9618]
Event: 1098.883 Thread 0x00007f981878a800 12954       1       org.springsource.loaded.Utils::slashedNamesToClasses (32 bytes)
Event: 1098.883 Thread 0x00007f981878a800 nmethod 12954 0x00007f980abaa310 code [0x00007f980abaa4a0, 0x00007f980abaa758]
Event: 1098.883 Thread 0x00007f981878a800 12956   !   1       sun.reflect.GeneratedConstructorAccessor148::newInstance (281 bytes)
Event: 1098.884 Thread 0x00007f981878a800 nmethod 12956 0x00007f980abaa950 code [0x00007f980abaaba0, 0x00007f980abab8c8]

GC Heap History (10 events):
Event: 780.750 GC heap before
{Heap before GC invocations=69 (full 3):
 PSYoungGen      total 230400K, used 204457K [0x00000000f0000000, 0x0000000100000000, 0x0000000100000000)
  eden space 200192K, 99% used [0x00000000f0000000,0x00000000fc36b2d8,0x00000000fc380000)
  from space 30208K, 14% used [0x00000000fc380000,0x00000000fc7bf460,0x00000000fe100000)
  to   space 28160K, 0% used [0x00000000fe480000,0x00000000fe480000,0x0000000100000000)
 ParOldGen       total 524288K, used 139036K [0x00000000d0000000, 0x00000000f0000000, 0x00000000f0000000)
  object space 524288K, 26% used [0x00000000d0000000,0x00000000d87c73e8,0x00000000f0000000)
 Metaspace       used 75351K, capacity 80696K, committed 80792K, reserved 1118208K
  class space    used 9831K, capacity 11396K, committed 11432K, reserved 1048576K
Event: 780.762 GC heap after
Heap after GC invocations=69 (full 3):
 PSYoungGen      total 235520K, used 5060K [0x00000000f0000000, 0x0000000100000000, 0x0000000100000000)
  eden space 207360K, 0% used [0x00000000f0000000,0x00000000f0000000,0x00000000fca80000)
  from space 28160K, 17% used [0x00000000fe480000,0x00000000fe9711b8,0x0000000100000000)
  to   space 26624K, 0% used [0x00000000fca80000,0x00000000fca80000,0x00000000fe480000)
 ParOldGen       total 524288K, used 139076K [0x00000000d0000000, 0x00000000f0000000, 0x00000000f0000000)
  object space 524288K, 26% used [0x00000000d0000000,0x00000000d87d13e8,0x00000000f0000000)
 Metaspace       used 75351K, capacity 80696K, committed 80792K, reserved 1118208K
  class space    used 9831K, capacity 11396K, committed 11432K, reserved 1048576K
}
Event: 793.496 GC heap before
{Heap before GC invocations=70 (full 3):
 PSYoungGen      total 235520K, used 212420K [0x00000000f0000000, 0x0000000100000000, 0x0000000100000000)
  eden space 207360K, 100% used [0x00000000f0000000,0x00000000fca80000,0x00000000fca80000)
  from space 28160K, 17% used [0x00000000fe480000,0x00000000fe9711b8,0x0000000100000000)
  to   space 26624K, 0% used [0x00000000fca80000,0x00000000fca80000,0x00000000fe480000)
 ParOldGen       total 524288K, used 139076K [0x00000000d0000000, 0x00000000f0000000, 0x00000000f0000000)
  object space 524288K, 26% used [0x00000000d0000000,0x00000000d87d13e8,0x00000000f0000000)
 Metaspace       used 75383K, capacity 80762K, committed 80792K, reserved 1118208K
  class space    used 9837K, capacity 11407K, committed 11432K, reserved 1048576K
Event: 793.505 GC heap after
Heap after GC invocations=70 (full 3):
 PSYoungGen      total 233984K, used 5124K [0x00000000f0000000, 0x0000000100000000, 0x0000000100000000)
  eden space 207360K, 0% used [0x00000000f0000000,0x00000000f0000000,0x00000000fca80000)
  from space 26624K, 19% used [0x00000000fca80000,0x00000000fcf81110,0x00000000fe480000)
  to   space 25088K, 0% used [0x00000000fe780000,0x00000000fe780000,0x0000000100000000)
 ParOldGen       total 524288K, used 139108K [0x00000000d0000000, 0x00000000f0000000, 0x00000000f0000000)
  object space 524288K, 26% used [0x00000000d0000000,0x00000000d87d93e8,0x00000000f0000000)
 Metaspace       used 75383K, capacity 80762K, committed 80792K, reserved 1118208K
  class space    used 9837K, capacity 11407K, committed 11432K, reserved 1048576K
}
Event: 806.855 GC heap before
{Heap before GC invocations=71 (full 3):
 PSYoungGen      total 233984K, used 212460K [0x00000000f0000000, 0x0000000100000000, 0x0000000100000000)
  eden space 207360K, 99% used [0x00000000f0000000,0x00000000fca7a038,0x00000000fca80000)
  from space 26624K, 19% used [0x00000000fca80000,0x00000000fcf81110,0x00000000fe480000)
  to   space 25088K, 0% used [0x00000000fe780000,0x00000000fe780000,0x0000000100000000)
 ParOldGen       total 524288K, used 139108K [0x00000000d0000000, 0x00000000f0000000, 0x00000000f0000000)
  object space 524288K, 26% used [0x00000000d0000000,0x00000000d87d93e8,0x00000000f0000000)
 Metaspace       used 75414K, capacity 80858K, committed 81048K, reserved 1118208K
  class space    used 9846K, capacity 11423K, committed 11432K, reserved 1048576K
Event: 806.870 GC heap after
Heap after GC invocations=71 (full 3):
 PSYoungGen      total 238592K, used 3794K [0x00000000f0000000, 0x0000000100000000, 0x0000000100000000)
  eden space 213504K, 0% used [0x00000000f0000000,0x00000000f0000000,0x00000000fd080000)
  from space 25088K, 15% used [0x00000000fe780000,0x00000000feb34ae8,0x0000000100000000)
  to   space 23552K, 0% used [0x00000000fd080000,0x00000000fd080000,0x00000000fe780000)
 ParOldGen       total 524288K, used 139132K [0x00000000d0000000, 0x00000000f0000000, 0x00000000f0000000)
  object space 524288K, 26% used [0x00000000d0000000,0x00000000d87df3e8,0x00000000f0000000)
 Metaspace       used 75414K, capacity 80858K, committed 81048K, reserved 1118208K
  class space    used 9846K, capacity 11423K, committed 11432K, reserved 1048576K
}
Event: 934.835 GC heap before
{Heap before GC invocations=72 (full 3):
 PSYoungGen      total 238592K, used 216955K [0x00000000f0000000, 0x0000000100000000, 0x0000000100000000)
  eden space 213504K, 99% used [0x00000000f0000000,0x00000000fd02a120,0x00000000fd080000)
  from space 25088K, 15% used [0x00000000fe780000,0x00000000feb34ae8,0x0000000100000000)
  to   space 23552K, 0% used [0x00000000fd080000,0x00000000fd080000,0x00000000fe780000)
 ParOldGen       total 524288K, used 139132K [0x00000000d0000000, 0x00000000f0000000, 0x00000000f0000000)
  object space 524288K, 26% used [0x00000000d0000000,0x00000000d87df3e8,0x00000000f0000000)
 Metaspace       used 75415K, capacity 80858K, committed 81048K, reserved 1118208K
  class space    used 9846K, capacity 11423K, committed 11432K, reserved 1048576K
Event: 934.843 GC heap after
Heap after GC invocations=72 (full 3):
 PSYoungGen      total 237056K, used 5751K [0x00000000f0000000, 0x0000000100000000, 0x0000000100000000)
  eden space 213504K, 0% used [0x00000000f0000000,0x00000000f0000000,0x00000000fd080000)
  from space 23552K, 24% used [0x00000000fd080000,0x00000000fd61deb8,0x00000000fe780000)
  to   space 22016K, 0% used [0x00000000fea80000,0x00000000fea80000,0x0000000100000000)
 ParOldGen       total 524288K, used 139456K [0x00000000d0000000, 0x00000000f0000000, 0x00000000f0000000)
  object space 524288K, 26% used [0x00000000d0000000,0x00000000d88303f8,0x00000000f0000000)
 Metaspace       used 75415K, capacity 80858K, committed 81048K, reserved 1118208K
  class space    used 9846K, capacity 11423K, committed 11432K, reserved 1048576K
}
Event: 1076.508 GC heap before
{Heap before GC invocations=73 (full 3):
 PSYoungGen      total 237056K, used 219239K [0x00000000f0000000, 0x0000000100000000, 0x0000000100000000)
  eden space 213504K, 99% used [0x00000000f0000000,0x00000000fd07bf58,0x00000000fd080000)
  from space 23552K, 24% used [0x00000000fd080000,0x00000000fd61deb8,0x00000000fe780000)
  to   space 22016K, 0% used [0x00000000fea80000,0x00000000fea80000,0x0000000100000000)
 ParOldGen       total 524288K, used 139456K [0x00000000d0000000, 0x00000000f0000000, 0x00000000f0000000)
  object space 524288K, 26% used [0x00000000d0000000,0x00000000d88303f8,0x00000000f0000000)
 Metaspace       used 75529K, capacity 81072K, committed 81176K, reserved 1118208K
  class space    used 9871K, capacity 11470K, committed 11560K, reserved 1048576K
Event: 1076.516 GC heap after
Heap after GC invocations=73 (full 3):
 PSYoungGen      total 241152K, used 4012K [0x00000000f0000000, 0x0000000100000000, 0x0000000100000000)
  eden space 219136K, 0% used [0x00000000f0000000,0x00000000f0000000,0x00000000fd600000)
  from space 22016K, 18% used [0x00000000fea80000,0x00000000fee6b1b8,0x0000000100000000)
  to   space 20992K, 0% used [0x00000000fd600000,0x00000000fd600000,0x00000000fea80000)
 ParOldGen       total 524288K, used 139480K [0x00000000d0000000, 0x00000000f0000000, 0x00000000f0000000)
  object space 524288K, 26% used [0x00000000d0000000,0x00000000d88363f8,0x00000000f0000000)
 Metaspace       used 75529K, capacity 81072K, committed 81176K, reserved 1118208K
  class space    used 9871K, capacity 11470K, committed 11560K, reserved 1048576K
}

Deoptimization events (0 events):
No events

Classes redefined (0 events):
No events

Internal exceptions (10 events):
Event: 1098.884 Thread 0x00007f981962a000 Exception <a 'java/lang/ArrayIndexOutOfBoundsException'> (0x00000000f7c56a28) thrown at [/build/java8-openjdk/src/jdk8u-jdk8u172-b11/hotspot/src/share/vm/runtime/sharedRuntime.cpp, line 605]
Event: 1098.884 Thread 0x00007f981962a000 Exception <a 'java/lang/ArrayIndexOutOfBoundsException'> (0x00000000f7c5a798) thrown at [/build/java8-openjdk/src/jdk8u-jdk8u172-b11/hotspot/src/share/vm/runtime/sharedRuntime.cpp, line 605]
Event: 1098.884 Thread 0x00007f981962a000 Exception <a 'java/lang/ArrayIndexOutOfBoundsException'> (0x00000000f7c5d4d0) thrown at [/build/java8-openjdk/src/jdk8u-jdk8u172-b11/hotspot/src/share/vm/runtime/sharedRuntime.cpp, line 605]
Event: 1098.884 Thread 0x00007f981962a000 Exception <a 'java/lang/ArrayIndexOutOfBoundsException'> (0x00000000f7c626a0) thrown at [/build/java8-openjdk/src/jdk8u-jdk8u172-b11/hotspot/src/share/vm/runtime/sharedRuntime.cpp, line 605]
Event: 1098.884 Thread 0x00007f981962a000 Exception <a 'java/lang/ArrayIndexOutOfBoundsException'> (0x00000000f7c67e58) thrown at [/build/java8-openjdk/src/jdk8u-jdk8u172-b11/hotspot/src/share/vm/runtime/sharedRuntime.cpp, line 605]
Event: 1098.884 Thread 0x00007f981962a000 Exception <a 'java/lang/ArrayIndexOutOfBoundsException'> (0x00000000f7c6caf0) thrown at [/build/java8-openjdk/src/jdk8u-jdk8u172-b11/hotspot/src/share/vm/runtime/sharedRuntime.cpp, line 605]
Event: 1098.884 Thread 0x00007f981962a000 Exception <a 'java/lang/ArrayIndexOutOfBoundsException'> (0x00000000f7c73558) thrown at [/build/java8-openjdk/src/jdk8u-jdk8u172-b11/hotspot/src/share/vm/runtime/sharedRuntime.cpp, line 605]
Event: 1098.884 Thread 0x00007f981962a000 Exception <a 'java/lang/ArrayIndexOutOfBoundsException'> (0x00000000f7c78598) thrown at [/build/java8-openjdk/src/jdk8u-jdk8u172-b11/hotspot/src/share/vm/runtime/sharedRuntime.cpp, line 605]
Event: 1098.884 Thread 0x00007f981962a000 Exception <a 'java/lang/ArrayIndexOutOfBoundsException'> (0x00000000f7c7c290) thrown at [/build/java8-openjdk/src/jdk8u-jdk8u172-b11/hotspot/src/share/vm/runtime/sharedRuntime.cpp, line 605]
Event: 1098.884 Thread 0x00007f981962a000 Exception <a 'java/lang/ArrayIndexOutOfBoundsException'> (0x00000000f7c7e2c8) thrown at [/build/java8-openjdk/src/jdk8u-jdk8u172-b11/hotspot/src/share/vm/runtime/sharedRuntime.cpp, line 605]

Events (10 events):
Event: 1098.878 loading class mx/edu/ulsaoaxaca/aventon/ChoferBeanInfo
Event: 1098.878 loading class mx/edu/ulsaoaxaca/aventon/ChoferBeanInfo done
Event: 1098.878 loading class mx/edu/ulsaoaxaca/aventon/ChoferBeanInfo
Event: 1098.878 loading class mx/edu/ulsaoaxaca/aventon/ChoferBeanInfo done
Event: 1098.878 loading class mx/edu/ulsaoaxaca/aventon/ChoferCustomizer
Event: 1098.878 loading class mx/edu/ulsaoaxaca/aventon/ChoferCustomizer done
Event: 1098.878 loading class mx/edu/ulsaoaxaca/aventon/ChoferCustomizer
Event: 1098.878 loading class mx/edu/ulsaoaxaca/aventon/ChoferCustomizer done
Event: 1098.879 loading class mx/edu/ulsaoaxaca/aventon/ChoferCustomizer
Event: 1098.879 loading class mx/edu/ulsaoaxaca/aventon/ChoferCustomizer done


Dynamic libraries:
d0000000-100b6a000 rw-p 00000000 00:00 0 
100b6a000-140000000 ---p 00000000 00:00 0 
55b3db180000-55b3db181000 r-xp 00000000 08:04 5374950                    /usr/lib/jvm/java-8-openjdk/jre/bin/java
55b3db380000-55b3db381000 r--p 00000000 08:04 5374950                    /usr/lib/jvm/java-8-openjdk/jre/bin/java
55b3db381000-55b3db382000 rw-p 00001000 08:04 5374950                    /usr/lib/jvm/java-8-openjdk/jre/bin/java
55b3db848000-55b3db869000 rw-p 00000000 00:00 0                          [heap]
7f9784000000-7f97841ee000 rw-p 00000000 00:00 0 
7f97841ee000-7f9788000000 ---p 00000000 00:00 0 
7f978b800000-7f978b940000 rw-p 00000000 00:00 0 
7f978b940000-7f978ba00000 ---p 00000000 00:00 0 
7f978ba00000-7f978bc00000 rw-p 00000000 00:00 0 
7f978bc00000-7f978be00000 rw-p 00000000 00:00 0 
7f978be00000-7f978c000000 rw-p 00000000 00:00 0 
7f978c000000-7f978c46c000 rw-p 00000000 00:00 0 
7f978c46c000-7f9790000000 ---p 00000000 00:00 0 
7f9790000000-7f9790068000 rw-p 00000000 00:00 0 
7f9790068000-7f9794000000 ---p 00000000 00:00 0 
7f9794000000-7f979445a000 rw-p 00000000 00:00 0 
7f979445a000-7f9798000000 ---p 00000000 00:00 0 
7f9798000000-7f979810f000 rw-p 00000000 00:00 0 
7f979810f000-7f979c000000 ---p 00000000 00:00 0 
7f979c000000-7f979c182000 rw-p 00000000 00:00 0 
7f979c182000-7f97a0000000 ---p 00000000 00:00 0 
7f97a0000000-7f97a003d000 rw-p 00000000 00:00 0 
7f97a003d000-7f97a4000000 ---p 00000000 00:00 0 
7f97a4000000-7f97a426f000 rw-p 00000000 00:00 0 
7f97a426f000-7f97a8000000 ---p 00000000 00:00 0 
7f97a8000000-7f97a8082000 rw-p 00000000 00:00 0 
7f97a8082000-7f97ac000000 ---p 00000000 00:00 0 
7f97ac000000-7f97ac021000 rw-p 00000000 00:00 0 
7f97ac021000-7f97b0000000 ---p 00000000 00:00 0 
7f97b0000000-7f97b006d000 rw-p 00000000 00:00 0 
7f97b006d000-7f97b4000000 ---p 00000000 00:00 0 
7f97b4000000-7f97b4021000 rw-p 00000000 00:00 0 
7f97b4021000-7f97b8000000 ---p 00000000 00:00 0 
7f97b8000000-7f97b8021000 rw-p 00000000 00:00 0 
7f97b8021000-7f97bc000000 ---p 00000000 00:00 0 
7f97bc000000-7f97bc08d000 rw-p 00000000 00:00 0 
7f97bc08d000-7f97c0000000 ---p 00000000 00:00 0 
7f97c00d8000-7f97c02d8000 rw-p 00000000 00:00 0 
7f97c02d8000-7f97c04d8000 rw-p 00000000 00:00 0 
7f97c04d8000-7f97c04db000 ---p 00000000 00:00 0 
7f97c04db000-7f97c05d9000 rw-p 00000000 00:00 0 
7f97c05d9000-7f97c05dc000 ---p 00000000 00:00 0 
7f97c05dc000-7f97c06da000 rw-p 00000000 00:00 0 
7f97c06da000-7f97c06dd000 ---p 00000000 00:00 0 
7f97c06dd000-7f97c07db000 rw-p 00000000 00:00 0 
7f97c07db000-7f97c07de000 ---p 00000000 00:00 0 
7f97c07de000-7f97c08dc000 rw-p 00000000 00:00 0 
7f97c08dc000-7f97c08df000 ---p 00000000 00:00 0 
7f97c08df000-7f97c09dd000 rw-p 00000000 00:00 0 
7f97c09dd000-7f97c09e0000 ---p 00000000 00:00 0 
7f97c09e0000-7f97c0ade000 rw-p 00000000 00:00 0 
7f97c0ade000-7f97c0ae1000 ---p 00000000 00:00 0 
7f97c0ae1000-7f97c0bdf000 rw-p 00000000 00:00 0 
7f97c0bdf000-7f97c0be2000 ---p 00000000 00:00 0 
7f97c0be2000-7f97c0ce0000 rw-p 00000000 00:00 0 
7f97c0ce0000-7f97c0ce3000 ---p 00000000 00:00 0 
7f97c0ce3000-7f97c0de1000 rw-p 00000000 00:00 0 
7f97c0de1000-7f97c0de4000 ---p 00000000 00:00 0 
7f97c0de4000-7f97c0ee2000 rw-p 00000000 00:00 0 
7f97c0ee2000-7f97c0ee5000 ---p 00000000 00:00 0 
7f97c0ee5000-7f97c0fe3000 rw-p 00000000 00:00 0 
7f97c0fe3000-7f97c0fe6000 ---p 00000000 00:00 0 
7f97c0fe6000-7f97c10e4000 rw-p 00000000 00:00 0 
7f97c10e4000-7f97c10e7000 ---p 00000000 00:00 0 
7f97c10e7000-7f97c11e5000 rw-p 00000000 00:00 0 
7f97c11e5000-7f97c11e8000 ---p 00000000 00:00 0 
7f97c11e8000-7f97c12e6000 rw-p 00000000 00:00 0 
7f97c12e6000-7f97c12e9000 ---p 00000000 00:00 0 
7f97c12e9000-7f97c13e7000 rw-p 00000000 00:00 0 
7f97c13e7000-7f97c13ea000 ---p 00000000 00:00 0 
7f97c13ea000-7f97c14e8000 rw-p 00000000 00:00 0 
7f97c14e8000-7f97c14eb000 ---p 00000000 00:00 0 
7f97c14eb000-7f97c15e9000 rw-p 00000000 00:00 0 
7f97c15e9000-7f97c15ec000 ---p 00000000 00:00 0 
7f97c15ec000-7f97c18ea000 rw-p 00000000 00:00 0 
7f97c18ea000-7f97c1aea000 rw-p 00000000 00:00 0 
7f97c1aea000-7f97c1cea000 rw-p 00000000 00:00 0 
7f97c1cea000-7f97c1ced000 ---p 00000000 00:00 0 
7f97c1ced000-7f97c1deb000 rw-p 00000000 00:00 0 
7f97c1deb000-7f97c1dee000 ---p 00000000 00:00 0 
7f97c1dee000-7f97c20e8000 rw-p 00000000 00:00 0 
7f97c20e8000-7f97c20ef000 ---p 00000000 00:00 0 
7f97c20ef000-7f97c23ed000 rw-p 00000000 00:00 0 
7f97c23ed000-7f97c25ed000 rw-p 00000000 00:00 0 
7f97c25ed000-7f97c27ed000 rw-p 00000000 00:00 0 
7f97c27ed000-7f97c29ed000 rw-p 00000000 00:00 0 
7f97c29ed000-7f97c2bed000 rw-p 00000000 00:00 0 
7f97c2bed000-7f97c2ded000 rw-p 00000000 00:00 0 
7f97c2ded000-7f97c2fed000 rw-p 00000000 00:00 0 
7f97c2fed000-7f97c31ed000 rw-p 00000000 00:00 0 
7f97c31ed000-7f97c33ed000 rw-p 00000000 00:00 0 
7f97c33ed000-7f97c35ed000 rw-p 00000000 00:00 0 
7f97c35ed000-7f97c37ed000 rw-p 00000000 00:00 0 
7f97c37ed000-7f97c39ed000 rw-p 00000000 00:00 0 
7f97c39ed000-7f97c3bed000 rw-p 00000000 00:00 0 
7f97c3bed000-7f97c3bfe000 r-xp 00000000 08:04 5374905                    /usr/lib/jvm/java-8-openjdk/jre/lib/amd64/libnio.so
7f97c3bfe000-7f97c3dfe000 ---p 00011000 08:04 5374905                    /usr/lib/jvm/java-8-openjdk/jre/lib/amd64/libnio.so
7f97c3dfe000-7f97c3dff000 r--p 00011000 08:04 5374905                    /usr/lib/jvm/java-8-openjdk/jre/lib/amd64/libnio.so
7f97c3dff000-7f97c3e00000 rw-p 00012000 08:04 5374905                    /usr/lib/jvm/java-8-openjdk/jre/lib/amd64/libnio.so
7f97c3e00000-7f97c4000000 rw-p 00000000 00:00 0 
7f97c4000000-7f97c41c3000 rw-p 00000000 00:00 0 
7f97c41c3000-7f97c8000000 ---p 00000000 00:00 0 
7f97c8000000-7f97c8040000 rw-p 00000000 00:00 0 
7f97c8040000-7f97cc000000 ---p 00000000 00:00 0 
7f97cc000000-7f97cc021000 rw-p 00000000 00:00 0 
7f97cc021000-7f97d0000000 ---p 00000000 00:00 0 
7f97d0000000-7f97d004c000 rw-p 00000000 00:00 0 
7f97d004c000-7f97d4000000 ---p 00000000 00:00 0 
7f97d4000000-7f97d4cdb000 rw-p 00000000 00:00 0 
7f97d4cdb000-7f97d8000000 ---p 00000000 00:00 0 
7f97d8000000-7f97d8021000 rw-p 00000000 00:00 0 
7f97d8021000-7f97dc000000 ---p 00000000 00:00 0 
7f97dc000000-7f97dc06e000 rw-p 00000000 00:00 0 
7f97dc06e000-7f97e0000000 ---p 00000000 00:00 0 
7f97e0000000-7f97e0021000 rw-p 00000000 00:00 0 
7f97e0021000-7f97e4000000 ---p 00000000 00:00 0 
7f97e4000000-7f97e4021000 rw-p 00000000 00:00 0 
7f97e4021000-7f97e8000000 ---p 00000000 00:00 0 
7f97e8000000-7f97e8021000 rw-p 00000000 00:00 0 
7f97e8021000-7f97ec000000 ---p 00000000 00:00 0 
7f97ec000000-7f97ec0bb000 rw-p 00000000 00:00 0 
7f97ec0bb000-7f97f0000000 ---p 00000000 00:00 0 
7f97f0000000-7f97f0021000 rw-p 00000000 00:00 0 
7f97f0021000-7f97f4000000 ---p 00000000 00:00 0 
7f97f4000000-7f97f4035000 rw-p 00000000 00:00 0 
7f97f4035000-7f97f8000000 ---p 00000000 00:00 0 
7f97f8000000-7f97f8032000 rw-p 00000000 00:00 0 
7f97f8032000-7f97fc000000 ---p 00000000 00:00 0 
7f97fc000000-7f97fc043000 rw-p 00000000 00:00 0 
7f97fc043000-7f9800000000 ---p 00000000 00:00 0 
7f98000ac000-7f98000b6000 r--s 00116000 08:04 5374879                    /usr/lib/jvm/java-8-openjdk/jre/lib/ext/localedata.jar
7f98000b6000-7f98000bb000 r--s 002f9000 08:04 5374306                    /usr/lib/jvm/java-8-openjdk/jre/lib/charsets.jar
7f98000bb000-7f98002bb000 rw-p 00000000 00:00 0 
7f98002bb000-7f98004bb000 rw-p 00000000 00:00 0 
7f98004bb000-7f98004be000 ---p 00000000 00:00 0 
7f98004be000-7f98007bc000 rw-p 00000000 00:00 0 
7f98007bc000-7f98007c1000 r--s 0009d000 08:04 5374361                    /usr/lib/jvm/java-8-openjdk/jre/lib/jsse.jar
7f98007c1000-7f98007c4000 ---p 00000000 00:00 0 
7f98007c4000-7f98008c2000 rw-p 00000000 00:00 0 
7f98008c2000-7f98008ca000 r-xp 00000000 08:04 5374917                    /usr/lib/jvm/java-8-openjdk/jre/lib/amd64/libmanagement.so
7f98008ca000-7f9800aca000 ---p 00008000 08:04 5374917                    /usr/lib/jvm/java-8-openjdk/jre/lib/amd64/libmanagement.so
7f9800aca000-7f9800acb000 r--p 00008000 08:04 5374917                    /usr/lib/jvm/java-8-openjdk/jre/lib/amd64/libmanagement.so
7f9800acb000-7f9800acc000 rw-p 00009000 08:04 5374917                    /usr/lib/jvm/java-8-openjdk/jre/lib/amd64/libmanagement.so
7f9800acc000-7f9800ccc000 rw-p 00000000 00:00 0 
7f9800ccc000-7f9800ecc000 rw-p 00000000 00:00 0 
7f9800ecc000-7f98010cc000 rw-p 00000000 00:00 0 
7f98010cc000-7f98012cc000 rw-p 00000000 00:00 0 
7f98012cc000-7f98012e3000 r-xp 00000000 08:04 5374927                    /usr/lib/jvm/java-8-openjdk/jre/lib/amd64/libnet.so
7f98012e3000-7f98014e2000 ---p 00017000 08:04 5374927                    /usr/lib/jvm/java-8-openjdk/jre/lib/amd64/libnet.so
7f98014e2000-7f98014e3000 r--p 00016000 08:04 5374927                    /usr/lib/jvm/java-8-openjdk/jre/lib/amd64/libnet.so
7f98014e3000-7f98014e4000 rw-p 00017000 08:04 5374927                    /usr/lib/jvm/java-8-openjdk/jre/lib/amd64/libnet.so
7f98014e4000-7f98014e7000 ---p 00000000 00:00 0 
7f98014e7000-7f98015e5000 rw-p 00000000 00:00 0 
7f98015e5000-7f98015f8000 r--s 00346000 08:04 5374390                    /usr/lib/jvm/java-8-openjdk/jre/lib/resources.jar
7f98015f8000-7f98015f9000 ---p 00000000 00:00 0 
7f98015f9000-7f98016f9000 rw-p 00000000 00:00 0 
7f98016f9000-7f98016fc000 ---p 00000000 00:00 0 
7f98016fc000-7f98017fa000 rw-p 00000000 00:00 0 
7f98017fa000-7f98017fb000 ---p 00000000 00:00 0 
7f98017fb000-7f98017fe000 ---p 00000000 00:00 0 
7f98017fe000-7f98018fb000 rw-p 00000000 00:00 0 
7f98018fb000-7f98018fc000 ---p 00000000 00:00 0 
7f98018fc000-7f98018ff000 ---p 00000000 00:00 0 
7f98018ff000-7f98019fc000 rw-p 00000000 00:00 0 
7f98019fc000-7f98019fd000 ---p 00000000 00:00 0 
7f98019fd000-7f9801a00000 ---p 00000000 00:00 0 
7f9801a00000-7f9801afd000 rw-p 00000000 00:00 0 
7f9801afd000-7f9801b04000 r--s 00065000 08:04 923521                     /home/angeldat/.gradle/caches/modules-2/files-2.1/org.springframework/springloaded/1.2.8.RELEASE/b60bac05b0451cdc1863bfec617f39aa0dcaaa43/springloaded-1.2.8.RELEASE.jar
7f9801b04000-7f9801b3d000 r--s 00382000 08:04 8389602                    /home/angeldat/.gradle/caches/modules-2/files-2.1/com.google.javascript/closure-compiler-unshaded/v20160713/7df7b683e16c93f65361a15356283599ba012c78/closure-compiler-unshaded-v20160713.jar
7f9801b3d000-7f9801b4a000 r--s 00109000 08:04 8258486                    /home/angeldat/.gradle/caches/modules-2/files-2.1/org.mozilla/rhino/1.7R4/e982f2136574b9a423186fbaeaaa98dc3e5a5288/rhino-1.7R4.jar
7f9801b4a000-7f9801b57000 r--s 00083000 08:04 8519781                    /home/angeldat/.gradle/caches/modules-2/files-2.1/commons-collections/commons-collections/3.2.2/8ad72fe39fa8c91eaaf12aadb21e0c3661fe26d5/commons-collections-3.2.2.jar
7f9801b57000-7f9801b5e000 r--s 0003f000 08:04 8520623                    /home/angeldat/.gradle/caches/modules-2/files-2.1/commons-codec/commons-codec/1.10/4b95f4897fa13f2cd904aee711aeafc0c5295cd8/commons-codec-1.10.jar
7f9801b5e000-7f9801b62000 r--s 0000c000 08:04 8519725                    /home/angeldat/.gradle/caches/modules-2/files-2.1/javax.validation/validation-api/1.1.0.Final/8613ae82954779d518631e05daa73a6a954817d5/validation-api-1.1.0.Final.jar
7f9801b62000-7f9801b65000 r--s 00029000 08:04 8519763                    /home/angeldat/.gradle/caches/modules-2/files-2.1/commons-validator/commons-validator/1.5.1/86d05a46e8f064b300657f751b5a98c62807e2a0/commons-validator-1.5.1.jar
7f9801b65000-7f9801b6b000 r--s 00027000 08:04 8520621                    /home/angeldat/.gradle/caches/modules-2/files-2.1/opensymphony/sitemesh/2.4/fa84c82cce30a9a632c08dd2277d63993d972cf5/sitemesh-2.4.jar
7f9801b6b000-7f9801b6d000 r--s 00007000 08:04 1727889                    /home/angeldat/.gradle/caches/modules-2/files-2.1/org.grails/grails-web-taglib/3.3.1/ca323146797a4ff2bb4f630890f4c400a0860395/grails-web-taglib-3.3.1.jar
7f9801b6d000-7f9801b70000 r--s 00015000 08:04 1727887                    /home/angeldat/.gradle/caches/modules-2/files-2.1/org.grails/grails-taglib/3.3.1/772e8b5f992f6602cab07c7a58ab2924f97eed02/grails-taglib-3.3.1.jar
7f9801b70000-7f9801b73000 r--s 0001d000 08:04 8005669                    /home/angeldat/.gradle/caches/modules-2/files-2.1/org.codehaus.groovy/groovy-json/2.4.15/f6f6890181821246398cd44ba1fdf74f55717697/groovy-json-2.4.15.jar
7f9801b73000-7f9801b77000 r--s 00042000 08:04 1848804                    /home/angeldat/.gradle/caches/modules-2/files-2.1/com.fasterxml.jackson.core/jackson-core/2.8.11/876ead1db19f0c9e79c9789273a3ef8c6fd6c29b/jackson-core-2.8.11.jar
7f9801b77000-7f9801b7a000 r--s 0000b000 08:04 8520613                    /home/angeldat/.gradle/caches/modules-2/files-2.1/com.fasterxml.jackson.core/jackson-annotations/2.8.0/45b426f7796b741035581a176744d91090e2e6fb/jackson-annotations-2.8.0.jar
7f9801b7a000-7f9801b7b000 r--s 00005000 08:04 1848802                    /home/angeldat/.gradle/caches/modules-2/files-2.1/org.grails/grails-codecs/3.3.5/bb53358f64ca12133716c228c4d73e35ad8fdfa2/grails-codecs-3.3.5.jar
7f9801b7b000-7f9801b84000 r--s 0002d000 08:04 7996360                    /home/angeldat/.gradle/caches/modules-2/files-2.1/xml-apis/xml-apis/1.4.01/3789d9fada2d3d458c4ba2de349d48780f381ee3/xml-apis-1.4.01.jar
7f9801b84000-7f9801b86000 r--s 00008000 08:04 8127417                    /home/angeldat/.gradle/caches/modules-2/files-2.1/javax.el/javax.el-api/2.2.4/1287562cc3f0ff5439ded6f2949e73ce1c0edaab/javax.el-api-2.2.4.jar
7f9801b86000-7f9801b97000 r--s 000a1000 08:04 6694096                    /home/angeldat/.gradle/caches/modules-2/files-2.1/org.hibernate/hibernate-validator/5.3.6.Final/4c730be8bf55a8e9a61e79a2f2c079abf48b718/hibernate-validator-5.3.6.Final.jar
7f9801b97000-7f9801b9f000 r--s 0005f000 08:04 7086883                    /home/angeldat/.gradle/caches/modules-2/files-2.1/org.grails/grails-datastore-gorm-hibernate-core/6.1.9.RELEASE/2e6cbb775454d058418ad721eb2da8de705ac68e/grails-datastore-gorm-hibernate-core-6.1.9.RELEASE.jar
7f9801b9f000-7f9801bb1000 r--s 000b9000 08:04 6694131                    /home/angeldat/.gradle/caches/modules-2/files-2.1/org.springframework/spring-web/4.3.16.RELEASE/9321f7c56e8c4561c92aa62f48a0cefe0a667315/spring-web-4.3.16.RELEASE.jar
7f9801bb1000-7f9801bb6000 r--s 00026000 08:04 7738196                    /home/angeldat/.gradle/caches/modules-2/files-2.1/org.grails/scaffolding-core/1.1.1/c79e9bd310896f3afbba331170c54fa2ce7f9a5d/scaffolding-core-1.1.1.jar
7f9801bb6000-7f9801bb9000 r--s 00013000 08:04 7086887                    /home/angeldat/.gradle/caches/modules-2/files-2.1/org.grails/grails-datastore-gorm-validation/6.1.9.RELEASE/c1685a5eb890339816c3e256bd43367b1149cdef/grails-datastore-gorm-validation-6.1.9.RELEASE.jar
7f9801bb9000-7f9801bbb000 r--s 00014000 08:04 8520609                    /home/angeldat/.gradle/caches/modules-2/files-2.1/org.apache.tomcat.embed/tomcat-embed-logging-log4j/8.5.2/53bdd1eebc7393713261d178ac096a742423f940/tomcat-embed-logging-log4j-8.5.2.jar
7f9801bbb000-7f9801bcc000 r--s 000d1000 08:04 7086881                    /home/angeldat/.gradle/caches/modules-2/files-2.1/org.grails/grails-datastore-gorm/6.1.9.RELEASE/10aa03cbea4784b3b6b49d876796c987732b2ab1/grails-datastore-gorm-6.1.9.RELEASE.jar
7f9801bcc000-7f9801bcf000 r--s 00012000 08:04 7221307                    /home/angeldat/.gradle/caches/modules-2/files-2.1/org.codehaus.groovy/groovy-sql/2.4.15/591ed2582868cb47fcac04eb50923faf52bfd231/groovy-sql-2.4.15.jar
7f9801bcf000-7f9801bd9000 r--s 00060000 08:04 8136165                    /home/angeldat/.gradle/caches/modules-2/files-2.1/org.springframework/spring-jdbc/4.3.16.RELEASE/cf5cd0a29f58cdcd572a97b3becdb7a9ba970363/spring-jdbc-4.3.16.RELEASE.jar
7f9801bd9000-7f9801bdb000 r--s 00006000 08:04 1325223                    /home/angeldat/.gradle/caches/modules-2/files-2.1/org.grails/grails-plugin-domain-class/3.3.5/874a96c80b6ab4ebb34f61cfc4fb17edaf6a9640/grails-plugin-domain-class-3.3.5.jar
7f9801bdb000-7f9801bdc000 r--s 00004000 08:04 1848800                    /home/angeldat/.gradle/caches/modules-2/files-2.1/org.grails/grails-plugin-validation/3.3.5/96a80c98395abaa28f6d5151b8c1139cf8181b72/grails-plugin-validation-3.3.5.jar
7f9801bdc000-7f9801bde000 r--s 00009000 08:04 1848798                    /home/angeldat/.gradle/caches/modules-2/files-2.1/org.grails/grails-plugin-mimetypes/3.3.5/86d6387a8b9f64f93e6a6301e9aeb20d5d1e3825/grails-plugin-mimetypes-3.3.5.jar
7f9801bde000-7f9801be0000 r--s 0000b000 08:04 1727877                    /home/angeldat/.gradle/caches/modules-2/files-2.1/org.grails/grails-web-sitemesh/3.3.1/d639808f26ff1e16e32cb86129fd847961575abe/grails-web-sitemesh-3.3.1.jar
7f9801be0000-7f9801be2000 r--s 00011000 08:04 1727875                    /home/angeldat/.gradle/caches/modules-2/files-2.1/org.grails/grails-web-gsp/3.3.1/5670ed8376f739528fdb21de0514d2cc22c5a276/grails-web-gsp-3.3.1.jar
7f9801be2000-7f9801be3000 r--s 00005000 08:04 1848796                    /home/angeldat/.gradle/caches/modules-2/files-2.1/org.grails/grails-web-mvc/3.3.5/5b2728e2706a397fd60273e4f5b65a790346925c/grails-web-mvc-3.3.5.jar
7f9801be3000-7f9801be6000 r--s 0002a000 08:04 1848794                    /home/angeldat/.gradle/caches/modules-2/files-2.1/org.grails/grails-web-url-mappings/3.3.5/3fac37aef348f80c302e89958258432a928011fb/grails-web-url-mappings-3.3.5.jar
7f9801be6000-7f9801be9000 r--s 00014000 08:04 1848792                    /home/angeldat/.gradle/caches/modules-2/files-2.1/org.grails/grails-web-databinding/3.3.5/7f2613bfa271bf5489b33112363daaa238b75fee/grails-web-databinding-3.3.5.jar
7f9801be9000-7f9801bee000 r--s 00029000 08:04 1848790                    /home/angeldat/.gradle/caches/modules-2/files-2.1/org.springframework/spring-context-support/4.3.16.RELEASE/20e29ea325ce57dedde799f02d5771a697c87e93/spring-context-support-4.3.16.RELEASE.jar
7f9801bee000-7f9801bff000 r--s 000d0000 08:04 1848788                    /home/angeldat/.gradle/caches/modules-2/files-2.1/org.springframework/spring-webmvc/4.3.16.RELEASE/2a171b1d701e450860bd5544a87a727048639a45/spring-webmvc-4.3.16.RELEASE.jar
7f9801bff000-7f9801c02000 r--s 00027000 08:04 1727863                    /home/angeldat/.gradle/caches/modules-2/files-2.1/org.grails/grails-gsp/3.3.1/88115473871aeb898b590958ef2ba8a9cbd7dbb0/grails-gsp-3.3.1.jar
7f9801c02000-7f9801c06000 r--s 00029000 08:04 1848786                    /home/angeldat/.gradle/caches/modules-2/files-2.1/org.grails/grails-encoder/3.3.5/57ef39d4d0b15f869e2adf36cf2e78802fa49071/grails-encoder-3.3.5.jar
7f9801c06000-7f9801c09000 r--s 0000f000 08:04 1848784                    /home/angeldat/.gradle/caches/modules-2/files-2.1/org.grails/grails-databinding/3.3.5/c987cba7ec80819f37173f7abc04453c629ac3cf/grails-databinding-3.3.5.jar
7f9801c09000-7f9801c0b000 r--s 00002000 08:04 2895321                    /home/angeldat/.gradle/caches/modules-2/files-2.1/org.apache.tomcat/tomcat-annotations-api/8.5.29/5505a72b5e7d6c2324d3f104cdd613a5770b4601/tomcat-annotations-api-8.5.29.jar
7f9801c0b000-7f9801c1d000 r--s 0011f000 08:04 1848782                    /home/angeldat/.gradle/caches/modules-2/files-2.1/com.fasterxml.jackson.core/jackson-databind/2.8.11.1/341edc63fdd8b44e17b2c36abbc9b451d8fd05a5/jackson-databind-2.8.11.1.jar
7f9801c1d000-7f9801c1e000 r--s 00003000 08:04 8519717                    /home/angeldat/.gradle/caches/modules-2/files-2.1/javax.transaction/jta/1.1/2ca09f0b36ca7d71b762e14ea2ff09d5eac57558/jta-1.1.jar
7f9801c1e000-7f9801c24000 r--s 0003d000 08:04 7209936                    /home/angeldat/.gradle/caches/modules-2/files-2.1/org.yaml/snakeyaml/1.17/7a27ea250c5130b2922b86dea63cbb1cc10a660c/snakeyaml-1.17.jar
7f9801c24000-7f9801c27000 r--s 00016000 08:04 8266230                    /home/angeldat/.gradle/caches/modules-2/files-2.1/org.codehaus.groovy/groovy-templates/2.4.15/b5cbe971f2950452c1d431ea0135dd8de2d5f58e/groovy-templates-2.4.15.jar
7f9801c27000-7f9801c2b000 r--s 00031000 08:04 8136097                    /home/angeldat/.gradle/caches/modules-2/files-2.1/org.codehaus.groovy/groovy-xml/2.4.15/40865f59469e6b0808c9c304bd17038997220c72/groovy-xml-2.4.15.jar
7f9801c2b000-7f9801c34000 r--s 00054000 08:04 1848778                    /home/angeldat/.gradle/caches/modules-2/files-2.1/org.springframework/spring-aop/4.3.16.RELEASE/2c74e87bbf99e7cb6903046e19345a04f843d817/spring-aop-4.3.16.RELEASE.jar
7f9801c34000-7f9801c36000 r--s 0000e000 08:04 6947778                    /home/angeldat/.gradle/caches/modules-2/files-2.1/commons-logging/commons-logging/1.2/4bfc12adfe4842bf07b657f0369c4cb522955686/commons-logging-1.2.jar
7f9801c36000-7f9801c41000 r--s 0006a000 08:04 8520577                    /home/angeldat/.gradle/caches/modules-2/files-2.1/ch.qos.logback/logback-core/1.1.11/88b8df40340eed549fb07e2613879bf6b006704d/logback-core-1.1.11.jar
7f9801c41000-7f9801c46000 r--s 0003e000 08:04 1848780                    /home/angeldat/.gradle/caches/modules-2/files-2.1/org.springframework/spring-expression/4.3.16.RELEASE/f69b403faa1dd97df212217aece1ad3497dfdf2c/spring-expression-4.3.16.RELEASE.jar
7f9801c46000-7f9801c48000 r--s 00000000 08:04 8520573                    /home/angeldat/.gradle/caches/modules-2/files-2.1/aopalliance/aopalliance/1.0/235ba8b489512805ac13a8f9ea77a1ca5ebe3e8/aopalliance-1.0.jar
7f9801c48000-7f9801c4c000 r--s 00049000 08:04 6958617                    /home/angeldat/.gradle/caches/modules-2/files-2.1/com.bertramlabs.plugins/asset-pipeline-core/2.14.8/4e1c17bbfb623fc66df7e5577a0be11973749cd7/asset-pipeline-core-2.14.8.jar
7f9801c4c000-7f9801c4e000 r--s 0000b000 08:04 1848776                    /home/angeldat/.gradle/caches/modules-2/files-2.1/org.apache.tomcat/tomcat-juli/8.5.29/61b2514e169d96c7f5c2e1a9cf6901b493fb2301/tomcat-juli-8.5.29.jar
7f9801c4e000-7f9801c50000 r--s 00007000 08:04 6947792                    /home/angeldat/.gradle/caches/modules-2/files-2.1/javax.el/el-api/2.1.2-b03/1ac087d9d1a632d2ff82fa1e8b6610aca025ff2a/el-api-2.1.2-b03.jar
7f9801c50000-7f9801c52000 r--s 0001f000 08:04 1592640                    /home/angeldat/.gradle/caches/modules-2/files-2.1/org.grails/grails-web-jsp/3.3.1/e45c3adb5f6fc6c7761227457d09114ec41c55fe/grails-web-jsp-3.3.1.jar
7f9801c52000-7f9801c53000 r--s 00004000 08:04 1848774                    /home/angeldat/.gradle/caches/modules-2/files-2.1/org.grails/grails-plugin-codecs/3.3.5/17d86b4a21b9146e3e3b4bd8f9bccf0d7a7e2fbe/grails-plugin-codecs-3.3.5.jar
7f9801c53000-7f9801c58000 r--s 00041000 08:04 8389652                    /home/angeldat/.gradle/caches/modules-2/files-2.1/commons-lang/commons-lang/2.6/ce1edb914c94ebc388f086c6827e8bdeec71ac2/commons-lang-2.6.jar
7f9801c58000-7f9801c5a000 r--s 0000b000 08:04 1592636                    /home/angeldat/.gradle/caches/modules-2/files-2.1/org.grails/grails-web-gsp-taglib/3.3.1/28e0c0776c9f5c6109b79a89860161db3369fe81/grails-web-gsp-taglib-3.3.1.jar
7f9801c5a000-7f9801c5d000 r--s 00010000 08:04 7078847                    /home/angeldat/.gradle/caches/modules-2/files-2.1/org.hibernate.common/hibernate-commons-annotations/5.0.1.Final/71e1cff3fcb20d3b3af4f3363c3ddb24d33c6879/hibernate-commons-annotations-5.0.1.Final.jar
7f9801c5d000-7f9801c62000 r--s 00048000 08:04 6947776                    /home/angeldat/.gradle/caches/modules-2/files-2.1/dom4j/dom4j/1.6.1/5d3ccc056b6f056dbf0dddfdf43894b9065a8f94/dom4j-1.6.1.jar
7f9801c62000-7f9801c64000 r--s 0000e000 08:04 7612501                    /home/angeldat/.gradle/caches/modules-2/files-2.1/com.fasterxml/classmate/1.3.4/3d5f48f10bbe4eb7bd862f10c0583be2e0053c6/classmate-1.3.4.jar
7f9801c64000-7f9801c67000 r--s 0002b000 08:04 6685673                    /home/angeldat/.gradle/caches/modules-2/files-2.1/org.jboss/jandex/2.0.3.Final/bfc4d6257dbff7a33a357f0de116be6ff951d849/jandex-2.0.3.Final.jar
7f9801c67000-7f9801c68000 r--s 00003000 08:04 6425904                    /home/angeldat/.gradle/caches/modules-2/files-2.1/org.apache.geronimo.specs/geronimo-jta_1.1_spec/1.1.1/aabab3165b8ea936b9360abbf448459c0d04a5a4/geronimo-jta_1.1_spec-1.1.1.jar
7f9801c68000-7f9801c6d000 r--s 00068000 08:04 7866986                    /home/angeldat/.gradle/caches/modules-2/files-2.1/antlr/antlr/2.7.7/83cd2cd674a217ade95a4bb83a8a14f351f48bd0/antlr-2.7.7.jar
7f9801c6d000-7f9801c6f000 r--s 0000f000 08:04 7087150                    /home/angeldat/.gradle/caches/modules-2/files-2.1/org.jboss.logging/jboss-logging/3.3.2.Final/3789d00e859632e6c6206adc0c71625559e6e3b0/jboss-logging-3.3.2.Final.jar
7f9801c6f000-7f9801c79000 r--s 0006b000 08:04 6313569                    /home/angeldat/.gradle/caches/modules-2/files-2.1/org.springframework/spring-orm/4.3.16.RELEASE/9cbd490a3839d5f3d91731bf15593383ca0544f5/spring-orm-4.3.16.RELEASE.jar
7f9801c79000-7f9801c7d000 r--s 00039000 08:04 6958609                    /home/angeldat/.gradle/caches/modules-2/files-2.1/org.grails/grails-datastore-gorm-hibernate5/6.1.9.RELEASE/274a7467d54e74a7420eb667fed35ab034a3328c/grails-datastore-gorm-hibernate5-6.1.9.RELEASE.jar
7f9801c7d000-7f9801c80000 r--s 00012000 08:04 6958607                    /home/angeldat/.gradle/caches/modules-2/files-2.1/org.grails/grails-datastore-gorm-support/6.1.9.RELEASE/fc05459427731c62210c061610346a45ea8dd1df/grails-datastore-gorm-support-6.1.9.RELEASE.jar
7f9801c80000-7f9801c81000 r--s 00002000 08:04 6958592                    /home/angeldat/.gradle/caches/modules-2/files-2.1/org.grails/grails-datastore-web/6.1.9.RELEASE/3c33ef78b5d5787896ac305bc153354b3ffb5dab/grails-datastore-web-6.1.9.RELEASE.jar
7f9801c81000-7f9801c83000 r--s 00003000 08:04 3014677                    /home/angeldat/.gradle/caches/modules-2/files-2.1/org.grails/grails-events-compat/3.3.2/1250482ac83841a19c75b150777a2d2c28592d33/grails-events-compat-3.3.2.jar
7f9801c83000-7f9801c85000 r--s 0000b000 08:04 3014673                    /home/angeldat/.gradle/caches/modules-2/files-2.1/org.grails/grails-events/3.3.2/a4c70fc8c391d8060d715ea68bfe4ff87761fd02/grails-events-3.3.2.jar
7f9801c85000-7f9801c87000 r--s 0001f000 08:04 1592634                    /home/angeldat/.gradle/caches/modules-2/files-2.1/org.grails.plugins/fields/2.2.5/cdad4a9faa86560d4ff2c0bda6f2e981bdc2ce2d/fields-2.2.5.jar
7f9801c87000-7f9801c8a000 r--s 0000e000 08:04 3014669                    /home/angeldat/.gradle/caches/modules-2/files-2.1/org.grails/grails-async/3.3.2/df2d4d6d96161b1105298a951c6fff31dd52e1e9/grails-async-3.3.2.jar
7f9801c8a000-7f9801c94000 r--s 000aa000 08:04 6425912                    /home/angeldat/.gradle/caches/modules-2/files-2.1/org.javassist/javassist/3.21.0-GA/598244f595db5c5fb713731eddbb1c91a58d959b/javassist-3.21.0-GA.jar
7f9801c94000-7f9801c97000 r--s 00016000 08:04 1848772                    /home/angeldat/.gradle/caches/modules-2/files-2.1/org.grails/grails-validation/3.3.5/d98e5f0fe2b7df929f68fa336332ac8b6f03834c/grails-validation-3.3.5.jar
7f9801c97000-7f9801c9b000 r--s 0001e000 08:04 3014665                    /home/angeldat/.gradle/caches/modules-2/files-2.1/org.grails.plugins/converters/3.3.1/afc1ea5fa7d7d52e83017856fa5a651d38145048/converters-3.3.1.jar
7f9801c9b000-7f9801c9d000 r--s 00005000 08:04 1848770                    /home/angeldat/.gradle/caches/modules-2/files-2.1/org.grails/grails-plugin-datasource/3.3.5/ce6dfd15744d82206480a2b0e3d2f4d071669e56/grails-plugin-datasource-3.3.5.jar
7f9801c9d000-7f9801ca0000 r--s 00019000 08:04 1848768                    /home/angeldat/.gradle/caches/modules-2/files-2.1/org.grails/grails-plugin-controllers/3.3.5/654e1420497c21506596f63655901174df47c6de/grails-plugin-controllers-3.3.5.jar
7f9801ca0000-7f9801ca4000 r--s 00028000 08:04 1848764                    /home/angeldat/.gradle/caches/modules-2/files-2.1/org.grails/grails-web-common/3.3.5/148d0719ca6a20897ad1ad57951af3b62fbf252/grails-web-common-3.3.5.jar
7f9801ca4000-7f9801ca9000 r--s 0003a000 08:04 1848762                    /home/angeldat/.gradle/caches/modules-2/files-2.1/org.apache.tomcat.embed/tomcat-embed-websocket/8.5.29/37786f4ca8a1597a91a0f437e659a76d1fcc5bf1/tomcat-embed-websocket-8.5.29.jar
7f9801ca9000-7f9801cad000 r--s 00037000 08:04 1848760                    /home/angeldat/.gradle/caches/modules-2/files-2.1/org.apache.tomcat.embed/tomcat-embed-el/8.5.29/893fb2c87ec1aa248a7911d76c0c06b3fca6bc9b/tomcat-embed-el-8.5.29.jar
7f9801cad000-7f9801cd7000 r--s 002cc000 08:04 1590657                    /home/angeldat/.gradle/caches/modules-2/files-2.1/org.apache.tomcat.embed/tomcat-embed-core/8.5.29/51eac5adde4bc019261b787cb99e5548206908e6/tomcat-embed-core-8.5.29.jar
7f9801cd7000-7f9801ce7000 r--s 00079000 08:04 1848758                    /home/angeldat/.gradle/caches/modules-2/files-2.1/org.springframework.boot/spring-boot-actuator/1.5.12.RELEASE/991a88f9cf6ec8009a8698afd557c8d8bf61beaa/spring-boot-actuator-1.5.12.RELEASE.jar
7f9801ce7000-7f9801cf5000 r--s 00081000 08:04 7086875                    /home/angeldat/.gradle/caches/modules-2/files-2.1/org.grails/grails-datastore-core/6.1.9.RELEASE/9e23bf7bd0bdbcb1f3077cef552f4b86dfa7a015/grails-datastore-core-6.1.9.RELEASE.jar
7f9801cf5000-7f9801d0e000 r--s 000fe000 08:04 6953518                    /home/angeldat/.gradle/caches/modules-2/files-2.1/org.springframework/spring-context/4.3.16.RELEASE/b56bbfb12b8c388443589fc5d4f2f0f1774dc44d/spring-context-4.3.16.RELEASE.jar
7f9801d0e000-7f9801d5b000 r--s 0042b000 08:04 6175243                    /home/angeldat/.gradle/caches/modules-2/files-2.1/org.codehaus.groovy/groovy/2.4.15/74b7e0b99526c569e3a59cb84dbcc6204d601ee6/groovy-2.4.15.jar
7f9801d5b000-7f9801d5e000 ---p 00000000 00:00 0 
7f9801d5e000-7f9801e5c000 rw-p 00000000 00:00 0 
7f9801e5c000-7f9801ff8000 r--p 00000000 08:04 4464818                    /usr/lib/locale/locale-archive
7f9801ff8000-7f9801ffb000 ---p 00000000 00:00 0 
7f9801ffb000-7f98020f9000 rw-p 00000000 00:00 0 
7f98020f9000-7f98020fc000 ---p 00000000 00:00 0 
7f98020fc000-7f98021fa000 rw-p 00000000 00:00 0 
7f98021fa000-7f98021fb000 ---p 00000000 00:00 0 
7f98021fb000-7f9804000000 rw-p 00000000 00:00 0 
7f9804000000-7f9804022000 rw-p 00000000 00:00 0 
7f9804022000-7f9808000000 ---p 00000000 00:00 0 
7f9808000000-7f9808001000 r--s 00007000 08:04 3014675                    /home/angeldat/.gradle/caches/modules-2/files-2.1/org.grails/grails-events-transform/3.3.2/645c93ccb03ea27a23d6ac25265b01e5a63b9525/grails-events-transform-3.3.2.jar
7f9808001000-7f9808002000 r--s 00005000 08:04 1848766                    /home/angeldat/.gradle/caches/modules-2/files-2.1/org.grails/grails-web/3.3.5/db0eb1e480accfe0cc1205a51aba0baad1f39588/grails-web-3.3.5.jar
7f9808002000-7f9808003000 r--s 00000000 08:04 1848756                    /home/angeldat/.gradle/caches/modules-2/files-2.1/org.springframework.boot/spring-boot-starter/1.5.12.RELEASE/e4f0748fa765a0416638920058289f6db6ee0e36/spring-boot-starter-1.5.12.RELEASE.jar
7f9808003000-7f9808007000 r--s 00040000 08:04 8520529                    /home/angeldat/.gradle/caches/modules-2/files-2.1/xalan/serializer/2.7.2/24247f3bb052ee068971393bdb83e04512bb1c3c/serializer-2.7.2.jar
7f9808007000-7f9808008000 r--s 00009000 08:04 1848754                    /home/angeldat/.gradle/caches/modules-2/files-2.1/org.grails/grails-spring/3.3.5/e02606d3c5442b947ea0b154e9355fca11f804ed/grails-spring-3.3.5.jar
7f9808008000-7f980800c000 r--s 0003a000 08:04 6175249                    /home/angeldat/.gradle/caches/modules-2/files-2.1/org.grails/grails-bootstrap/3.3.5/ec64a0726351ee07d688a347e5f6e6b7bf0bf1f4/grails-bootstrap-3.3.5.jar
7f980800c000-7f980801a000 r--s 000ad000 08:04 7740528                    /home/angeldat/.gradle/caches/modules-2/files-2.1/org.springframework/spring-beans/4.3.16.RELEASE/2a0cb663069001e0b210d509f7b1904888557e63/spring-beans-4.3.16.RELEASE.jar
7f980801a000-7f9808022000 r--s 0003a000 08:04 8397829                    /home/angeldat/.gradle/caches/modules-2/files-2.1/org.springframework/spring-tx/4.3.16.RELEASE/459e1741827ea59775c4e322d5964714065bed42/spring-tx-4.3.16.RELEASE.jar
7f9808022000-7f98080f9000 r--s 007a9000 08:04 8520517                    /home/angeldat/.gradle/caches/modules-2/files-2.1/net.sf.ehcache/ehcache/2.10.4/9022b1eedfafa11039597b1c1918c1abe414df93/ehcache-2.10.4.jar
7f98080f9000-7f9809000000 rw-p 00000000 00:00 0 
7f9809000000-7f980abb0000 rwxp 00000000 00:00 0 
7f980abb0000-7f9818000000 ---p 00000000 00:00 0 
7f9818000000-7f9819bcf000 rw-p 00000000 00:00 0 
7f9819bcf000-7f981c000000 ---p 00000000 00:00 0 
7f981c000000-7f981c017000 r--s 000fe000 08:04 8266236                    /home/angeldat/.gradle/caches/modules-2/files-2.1/org.springframework/spring-core/4.3.16.RELEASE/fe3f4186562c0dfa70a09510f886cc11a483ddde/spring-core-4.3.16.RELEASE.jar
7f981c017000-7f981c01b000 r--s 00019000 08:04 8519711                    /home/angeldat/.gradle/caches/modules-2/files-2.1/com.googlecode.concurrentlinkedhashmap/concurrentlinkedhashmap-lru/1.4.2/2eaf3d3c9746d526ff7e5b93931d482c3887e6ac/concurrentlinkedhashmap-lru-1.4.2.jar
7f981c01b000-7f981c020000 r--s 00017000 08:04 7734200                    /home/angeldat/.gradle/caches/modules-2/files-2.1/org.hibernate.javax.persistence/hibernate-jpa-2.1-api/1.0.0.Final/5e731d961297e5a07290bfaf3db1fbc8bbbf405a/hibernate-jpa-2.1-api-1.0.0.Final.jar
7f981c020000-7f981c022000 r--s 00009000 08:04 7209934                    /home/angeldat/.gradle/caches/modules-2/files-2.1/org.slf4j/slf4j-api/1.7.25/da76ca59f6a57ee3102f8f9bd9cee742973efa8a/slf4j-api-1.7.25.jar
7f981c022000-7f981c032000 r--s 00096000 08:04 7481564                    /home/angeldat/.gradle/caches/modules-2/files-2.1/org.springframework.boot/spring-boot/1.5.12.RELEASE/bc41c1da2bbb4eaebfc5b464b0a993ca8ef83156/spring-boot-1.5.12.RELEASE.jar
7f981c032000-7f981c034000 r--s 00004000 08:04 7996358                    /home/angeldat/.gradle/caches/modules-2/files-2.1/org.slf4j/log4j-over-slf4j/1.7.25/a87bb47468f47ee7aabbd54f93e133d4215769c3/log4j-over-slf4j-1.7.25.jar
7f981c034000-7f981c036000 r--s 00000000 08:04 7078869                    /home/angeldat/.gradle/caches/modules-2/files-2.1/org.slf4j/jul-to-slf4j/1.7.25/af5364cd6679bfffb114f0dec8a157aaa283b76/jul-to-slf4j-1.7.25.jar
7f981c036000-7f981c038000 r--s 00003000 08:04 6304116                    /home/angeldat/.gradle/caches/modules-2/files-2.1/org.slf4j/jcl-over-slf4j/1.7.25/f8c32b13ff142a513eeb5b6330b1588dcb2c0461/jcl-over-slf4j-1.7.25.jar
7f981c038000-7f981c03f000 r--s 00045000 08:04 8520523                    /home/angeldat/.gradle/caches/modules-2/files-2.1/ch.qos.logback/logback-classic/1.1.11/ccedfbacef4a6515d2983e3f89ed753d5d4fb665/logback-classic-1.1.11.jar
7f981c03f000-7f981c04a000 r--s 00054000 08:04 8527345                    /home/angeldat/.gradle/caches/modules-2/files-2.1/org.springframework.security/spring-security-web/4.2.5.RELEASE/66c07732d421568c8e4ab3f3693b6f87c13c4efd/spring-security-web-4.2.5.RELEASE.jar
7f981c04a000-7f981c056000 r--s 00056000 08:04 8136707                    /home/angeldat/.gradle/caches/modules-2/files-2.1/org.springframework.security/spring-security-core/4.2.5.RELEASE/37dde461931879627d8ca312dc2b698dc1e9d329/spring-security-core-4.2.5.RELEASE.jar
7f981c056000-7f981c058000 r--s 0001e000 08:04 6446695                    /home/angeldat/.gradle/caches/modules-2/files-2.1/com.bertramlabs.plugins/asset-pipeline-grails/2.14.8/b7a8bc6c1a6d7c499cd1a001d6d886365062b9e7/asset-pipeline-grails-2.14.8.jar
7f981c058000-7f981c05b000 r--s 00022000 08:04 1848752                    /home/angeldat/.gradle/caches/modules-2/files-2.1/org.apache.tomcat/tomcat-jdbc/8.5.29/5fc2bee83633735b31831b7fffa13040100b5eae/tomcat-jdbc-8.5.29.jar
7f981c05b000-7f981c06b000 r--s 001c7000 08:04 1848750                    /home/angeldat/.gradle/caches/modules-2/files-2.1/com.h2database/h2/1.4.197/bb391050048ca8ae3e32451b5a3714ecd3596a46/h2-1.4.197.jar
7f981c06b000-7f981c06e000 r--s 00018000 08:04 8520509                    /home/angeldat/.gradle/caches/modules-2/files-2.1/org.glassfish.web/el-impl/2.1.2-b03/6bab1211b6e6b191fdbf06067bd05d2f75a62ac0/el-impl-2.1.2-b03.jar
7f981c06e000-7f981c073000 r--s 0004b000 08:04 1592614                    /home/angeldat/.gradle/caches/modules-2/files-2.1/org.grails.plugins/gsp/3.3.1/7b40598abe73d8535b2dd4503467d5c0c415b7b5/gsp-3.3.1.jar
7f981c073000-7f981c0df000 r--s 0050a000 08:04 6685665                    /home/angeldat/.gradle/caches/modules-2/files-2.1/org.hibernate/hibernate-core/5.1.5.Final/28366d161d448e82370e5bbd871eb2835ba0fb7b/hibernate-core-5.1.5.Final.jar
7f981c0df000-7f981c0e0000 r--s 00006000 08:04 6958535                    /home/angeldat/.gradle/caches/modules-2/files-2.1/org.grails.plugins/hibernate5/6.1.9/3ad17a7ecdc78dd76624439ded9fb92c675dbc38/hibernate5-6.1.9.jar
7f981c0e0000-7f981c0e1000 r--s 00001000 08:04 2897956                    /home/angeldat/.gradle/caches/modules-2/files-2.1/org.grails.plugins/events/3.3.2/c43aed0886464bc62b8ef2c4963ea1bedeb19e6/events-3.3.2.jar
7f981c0e1000-7f981c0e3000 r--s 00006000 08:04 2897954                    /home/angeldat/.gradle/caches/modules-2/files-2.1/org.grails.plugins/scaffolding/3.4.1/3794a2154aa473fd2281e1e36de398815a63e740/scaffolding-3.4.1.jar
7f981c0e3000-7f981c0e6000 r--s 0000c000 08:04 2897952                    /home/angeldat/.gradle/caches/modules-2/files-2.1/org.grails.plugins/async/3.3.2/849be6dcabfba176078915404451c4b4479c6d49/async-3.3.2.jar
7f981c0e6000-7f981c0e8000 r--s 00011000 08:04 8520499                    /home/angeldat/.gradle/caches/modules-2/files-2.1/org.grails.plugins/cache/4.0.0/72be24e2f8b3e5407048f5cc5186dcd32e8de841/cache-4.0.0.jar
7f981c0e8000-7f981c0ea000 r--s 00004000 08:04 1848746                    /home/angeldat/.gradle/caches/modules-2/files-2.1/org.grails/grails-plugin-url-mappings/3.3.5/5356c136fe22fea698ee60968abc88cf58cf0fbf/grails-plugin-url-mappings-3.3.5.jar
7f981c0ea000-7f981c0f8000 r--s 000b0000 08:04 1848729                    /home/angeldat/.gradle/caches/modules-2/files-2.1/org.grails/grails-core/3.3.5/8044ecc48da9a8427953ffb1b7fe0a169b5b75eb/grails-core-3.3.5.jar
7f981c0f8000-7f981c3fb000 rw-p 00000000 00:00 0 
7f981c3fb000-7f981c5ca000 r--s 03c31000 08:04 5374378                    /usr/lib/jvm/java-8-openjdk/jre/lib/rt.jar
7f981c5ca000-7f981c7c0000 rw-p 00000000 00:00 0 
7f981c7c0000-7f981c7c1000 ---p 00000000 00:00 0 
7f981c7c1000-7f981c8c1000 rw-p 00000000 00:00 0 
7f981c8c1000-7f981c8c2000 ---p 00000000 00:00 0 
7f981c8c2000-7f981c9c2000 rw-p 00000000 00:00 0 
7f981c9c2000-7f981c9c3000 ---p 00000000 00:00 0 
7f981c9c3000-7f981cac3000 rw-p 00000000 00:00 0 
7f981cac3000-7f981cac4000 ---p 00000000 00:00 0 
7f981cac4000-7f981ceb4000 rw-p 00000000 00:00 0 
7f981ceb4000-7f981d205000 ---p 00000000 00:00 0 
7f981d205000-7f981d20d000 r-xp 00000000 08:04 5374909                    /usr/lib/jvm/java-8-openjdk/jre/lib/amd64/libzip.so
7f981d20d000-7f981d40c000 ---p 00008000 08:04 5374909                    /usr/lib/jvm/java-8-openjdk/jre/lib/amd64/libzip.so
7f981d40c000-7f981d40d000 r--p 00007000 08:04 5374909                    /usr/lib/jvm/java-8-openjdk/jre/lib/amd64/libzip.so
7f981d40d000-7f981d40e000 rw-p 00008000 08:04 5374909                    /usr/lib/jvm/java-8-openjdk/jre/lib/amd64/libzip.so
7f981d40e000-7f981d419000 r-xp 00000000 08:04 4457234                    /usr/lib/libnss_files-2.27.so
7f981d419000-7f981d618000 ---p 0000b000 08:04 4457234                    /usr/lib/libnss_files-2.27.so
7f981d618000-7f981d619000 r--p 0000a000 08:04 4457234                    /usr/lib/libnss_files-2.27.so
7f981d619000-7f981d61a000 rw-p 0000b000 08:04 4457234                    /usr/lib/libnss_files-2.27.so
7f981d61a000-7f981d620000 rw-p 00000000 00:00 0 
7f981d620000-7f981d62a000 r-xp 00000000 08:04 5374939                    /usr/lib/jvm/java-8-openjdk/jre/lib/amd64/libinstrument.so
7f981d62a000-7f981d829000 ---p 0000a000 08:04 5374939                    /usr/lib/jvm/java-8-openjdk/jre/lib/amd64/libinstrument.so
7f981d829000-7f981d82a000 r--p 00009000 08:04 5374939                    /usr/lib/jvm/java-8-openjdk/jre/lib/amd64/libinstrument.so
7f981d82a000-7f981d82b000 rw-p 0000a000 08:04 5374939                    /usr/lib/jvm/java-8-openjdk/jre/lib/amd64/libinstrument.so
7f981d82b000-7f981d859000 r-xp 00000000 08:04 5374908                    /usr/lib/jvm/java-8-openjdk/jre/lib/amd64/libjava.so
7f981d859000-7f981da58000 ---p 0002e000 08:04 5374908                    /usr/lib/jvm/java-8-openjdk/jre/lib/amd64/libjava.so
7f981da58000-7f981da59000 r--p 0002d000 08:04 5374908                    /usr/lib/jvm/java-8-openjdk/jre/lib/amd64/libjava.so
7f981da59000-7f981da5b000 rw-p 0002e000 08:04 5374908                    /usr/lib/jvm/java-8-openjdk/jre/lib/amd64/libjava.so
7f981da5b000-7f981da68000 r-xp 00000000 08:04 5374935                    /usr/lib/jvm/java-8-openjdk/jre/lib/amd64/libverify.so
7f981da68000-7f981dc67000 ---p 0000d000 08:04 5374935                    /usr/lib/jvm/java-8-openjdk/jre/lib/amd64/libverify.so
7f981dc67000-7f981dc69000 r--p 0000c000 08:04 5374935                    /usr/lib/jvm/java-8-openjdk/jre/lib/amd64/libverify.so
7f981dc69000-7f981dc6a000 rw-p 0000e000 08:04 5374935                    /usr/lib/jvm/java-8-openjdk/jre/lib/amd64/libverify.so
7f981dc6a000-7f981dc71000 r-xp 00000000 08:04 4457082                    /usr/lib/librt-2.27.so
7f981dc71000-7f981de70000 ---p 00007000 08:04 4457082                    /usr/lib/librt-2.27.so
7f981de70000-7f981de71000 r--p 00006000 08:04 4457082                    /usr/lib/librt-2.27.so
7f981de71000-7f981de72000 rw-p 00007000 08:04 4457082                    /usr/lib/librt-2.27.so
7f981de72000-7f981e005000 r-xp 00000000 08:04 4456934                    /usr/lib/libm-2.27.so
7f981e005000-7f981e205000 ---p 00193000 08:04 4456934                    /usr/lib/libm-2.27.so
7f981e205000-7f981e206000 r--p 00193000 08:04 4456934                    /usr/lib/libm-2.27.so
7f981e206000-7f981e207000 rw-p 00194000 08:04 4456934                    /usr/lib/libm-2.27.so
7f981e207000-7f981eeae000 r-xp 00000000 08:04 5374940                    /usr/lib/jvm/java-8-openjdk/jre/lib/amd64/server/libjvm.so
7f981eeae000-7f981f0ad000 ---p 00ca7000 08:04 5374940                    /usr/lib/jvm/java-8-openjdk/jre/lib/amd64/server/libjvm.so
7f981f0ad000-7f981f142000 r--p 00ca6000 08:04 5374940                    /usr/lib/jvm/java-8-openjdk/jre/lib/amd64/server/libjvm.so
7f981f142000-7f981f16a000 rw-p 00d3b000 08:04 5374940                    /usr/lib/jvm/java-8-openjdk/jre/lib/amd64/server/libjvm.so
7f981f16a000-7f981f19b000 rw-p 00000000 00:00 0 
7f981f19b000-7f981f34e000 r-xp 00000000 08:04 4457992                    /usr/lib/libc-2.27.so
7f981f34e000-7f981f54d000 ---p 001b3000 08:04 4457992                    /usr/lib/libc-2.27.so
7f981f54d000-7f981f551000 r--p 001b2000 08:04 4457992                    /usr/lib/libc-2.27.so
7f981f551000-7f981f553000 rw-p 001b6000 08:04 4457992                    /usr/lib/libc-2.27.so
7f981f553000-7f981f557000 rw-p 00000000 00:00 0 
7f981f557000-7f981f55a000 r-xp 00000000 08:04 4457023                    /usr/lib/libdl-2.27.so
7f981f55a000-7f981f759000 ---p 00003000 08:04 4457023                    /usr/lib/libdl-2.27.so
7f981f759000-7f981f75a000 r--p 00002000 08:04 4457023                    /usr/lib/libdl-2.27.so
7f981f75a000-7f981f75b000 rw-p 00003000 08:04 4457023                    /usr/lib/libdl-2.27.so
7f981f75b000-7f981f769000 r-xp 00000000 08:04 5374943                    /usr/lib/jvm/java-8-openjdk/jre/lib/amd64/jli/libjli.so
7f981f769000-7f981f968000 ---p 0000e000 08:04 5374943                    /usr/lib/jvm/java-8-openjdk/jre/lib/amd64/jli/libjli.so
7f981f968000-7f981f969000 r--p 0000d000 08:04 5374943                    /usr/lib/jvm/java-8-openjdk/jre/lib/amd64/jli/libjli.so
7f981f969000-7f981f96a000 rw-p 0000e000 08:04 5374943                    /usr/lib/jvm/java-8-openjdk/jre/lib/amd64/jli/libjli.so
7f981f96a000-7f981f980000 r-xp 00000000 08:04 4462489                    /usr/lib/libz.so.1.2.11
7f981f980000-7f981fb7f000 ---p 00016000 08:04 4462489                    /usr/lib/libz.so.1.2.11
7f981fb7f000-7f981fb80000 r--p 00015000 08:04 4462489                    /usr/lib/libz.so.1.2.11
7f981fb80000-7f981fb81000 rw-p 00016000 08:04 4462489                    /usr/lib/libz.so.1.2.11
7f981fb81000-7f981fb9a000 r-xp 00000000 08:04 4458056                    /usr/lib/libpthread-2.27.so
7f981fb9a000-7f981fd99000 ---p 00019000 08:04 4458056                    /usr/lib/libpthread-2.27.so
7f981fd99000-7f981fd9a000 r--p 00018000 08:04 4458056                    /usr/lib/libpthread-2.27.so
7f981fd9a000-7f981fd9b000 rw-p 00019000 08:04 4458056                    /usr/lib/libpthread-2.27.so
7f981fd9b000-7f981fd9f000 rw-p 00000000 00:00 0 
7f981fd9f000-7f981fdc4000 r-xp 00000000 08:04 4457993                    /usr/lib/ld-2.27.so
7f981fdc4000-7f981fdc5000 r--s 00008000 08:04 1848748                    /home/angeldat/.gradle/caches/modules-2/files-2.1/org.grails/grails-plugin-interceptors/3.3.5/418b6584c2c9ab486ddf8820da7ae2c1efed2cfb/grails-plugin-interceptors-3.3.5.jar
7f981fdc5000-7f981fde5000 r--s 000e6000 08:04 1848727                    /home/angeldat/.gradle/caches/modules-2/files-2.1/org.springframework.boot/spring-boot-autoconfigure/1.5.12.RELEASE/932ab2609793ebc00576cbae77085bb83e5c9008/spring-boot-autoconfigure-1.5.12.RELEASE.jar
7f981fde5000-7f981fe8e000 rw-p 00000000 00:00 0 
7f981fe8e000-7f981fe8f000 ---p 00000000 00:00 0 
7f981fe8f000-7f981fe92000 ---p 00000000 00:00 0 
7f981fe92000-7f981ff93000 rw-p 00000000 00:00 0 
7f981ff93000-7f981ff95000 r--s 00003000 08:04 1848743                    /home/angeldat/.gradle/caches/modules-2/files-2.1/org.grails/grails-plugin-services/3.3.5/5cbba2e186c8ca351fe30eef52b525fd7c68f4f8/grails-plugin-services-3.3.5.jar
7f981ff95000-7f981ff96000 r--s 00003000 08:04 1848741                    /home/angeldat/.gradle/caches/modules-2/files-2.1/org.grails/grails-plugin-i18n/3.3.5/5c35bb21615ea91332f9abce3f64a34daec6c182/grails-plugin-i18n-3.3.5.jar
7f981ff96000-7f981ff97000 r--s 00004000 08:04 1848739                    /home/angeldat/.gradle/caches/modules-2/files-2.1/org.grails/grails-plugin-databinding/3.3.5/91a4ae7fbd038eb5fbee5b3d6f2ae6291c562d34/grails-plugin-databinding-3.3.5.jar
7f981ff97000-7f981ff9b000 r--s 00031000 08:04 1848737                    /home/angeldat/.gradle/caches/modules-2/files-2.1/org.grails/grails-plugin-rest/3.3.5/225fd803f4047cf880ec8c16227f38fa0e53d630/grails-plugin-rest-3.3.5.jar
7f981ff9b000-7f981ff9c000 r--s 00000000 08:04 1848735                    /home/angeldat/.gradle/caches/modules-2/files-2.1/org.grails/grails-logging/3.3.5/cd27aad74b27447d2aebe1a85b4fbc89af2d3c3d/grails-logging-3.3.5.jar
7f981ff9c000-7f981ff9d000 r--s 00001000 08:04 7480941                    /home/angeldat/.gradle/caches/modules-2/files-2.1/org.grails/grails-web-boot/3.3.5/96b9ec5a3904970ecb1dd5d2d783bb54e46339f/grails-web-boot-3.3.5.jar
7f981ff9d000-7f981ff9e000 r--s 00000000 08:04 1848733                    /home/angeldat/.gradle/caches/modules-2/files-2.1/org.springframework.boot/spring-boot-starter-tomcat/1.5.12.RELEASE/a4e81f071d2b5a9c9fb5a219b361b683a8eb3d91/spring-boot-starter-tomcat-1.5.12.RELEASE.jar
7f981ff9e000-7f981ff9f000 r--s 00000000 08:04 1848731                    /home/angeldat/.gradle/caches/modules-2/files-2.1/org.springframework.boot/spring-boot-starter-actuator/1.5.12.RELEASE/492b2762b659ff66970bda22802d06e1b4ce9f5b/spring-boot-starter-actuator-1.5.12.RELEASE.jar
7f981ff9f000-7f981ffa0000 r--s 00000000 08:04 1848725                    /home/angeldat/.gradle/caches/modules-2/files-2.1/org.springframework.boot/spring-boot-starter-logging/1.5.12.RELEASE/88b9a16ff87f0a7faec7848e9a5626ffbbac588f/spring-boot-starter-logging-1.5.12.RELEASE.jar
7f981ffa0000-7f981ffaa000 r--s 00079000 08:04 6308610                    /home/angeldat/.gradle/caches/modules-2/files-2.1/org.grails.plugins/spring-security-core/3.2.1/787fbf150eed167b226be8cc3d7c84d0370a5eaa/spring-security-core-3.2.1.jar
7f981ffaa000-7f981ffb9000 rw-p 00000000 00:00 0 
7f981ffb9000-7f981ffc1000 rw-s 00000000 00:27 215                        /tmp/hsperfdata_angeldat/8739
7f981ffc1000-7f981ffc2000 rw-p 00000000 00:00 0 
7f981ffc2000-7f981ffc3000 r--p 00000000 00:00 0 
7f981ffc3000-7f981ffc4000 r--p 00024000 08:04 4457993                    /usr/lib/ld-2.27.so
7f981ffc4000-7f981ffc5000 rw-p 00025000 08:04 4457993                    /usr/lib/ld-2.27.so
7f981ffc5000-7f981ffc6000 rw-p 00000000 00:00 0 
7fffca5cb000-7fffca5f2000 rw-p 00000000 00:00 0                          [stack]
7fffca5f7000-7fffca5fa000 r--p 00000000 00:00 0                          [vvar]
7fffca5fa000-7fffca5fc000 r-xp 00000000 00:00 0                          [vdso]
ffffffffff600000-ffffffffff601000 r-xp 00000000 00:00 0                  [vsyscall]

VM Arguments:
jvm_args: -Dendpoints.shutdown.enabled=true -Denv=development -Dfull.stacktrace=false -Dgrails.env=development -Dgrails.full.stacktrace=false -Dinfo.app.grailsVersion=3.3.5 -Dinfo.app.name=_2018_05_27Ulsaventon -Dinfo.app.version=0.1 -Djdk.reflect.allowGetCallerClass=true -Drun.active=true -Dspring.output.ansi.enabled=always -Dspring.profiles.active -Dspringloaded=inclusions=grails.plugins..*;synchronize=true;allowSplitPackages=true;cacheDir=/home/angeldat/Documents/_2018_05_27Ulsaventon/build/springloaded -Dverbose=false -XX:+TieredCompilation -XX:TieredStopAtLevel=1 -XX:CICompilerCount=3 -javaagent:/home/angeldat/.gradle/caches/modules-2/files-2.1/org.springframework/springloaded/1.2.8.RELEASE/b60bac05b0451cdc1863bfec617f39aa0dcaaa43/springloaded-1.2.8.RELEASE.jar -Xverify:none -Xms768m -Xmx768m -Dfile.encoding=UTF-8 -Duser.country=US -Duser.language=en -Duser.variant 
java_command: _2018_05_27ulsaventon.Application
java_class_path (initial): /home/angeldat/Documents/_2018_05_27Ulsaventon/src/main/resources:/home/angeldat/Documents/_2018_05_27Ulsaventon/grails-app/views:/home/angeldat/Documents/_2018_05_27Ulsaventon/grails-app/i18n:/home/angeldat/Documents/_2018_05_27Ulsaventon/grails-app/conf:/home/angeldat/Documents/_2018_05_27Ulsaventon/build/classes/main:/home/angeldat/Documents/_2018_05_27Ulsaventon/build/resources/main:/home/angeldat/Documents/_2018_05_27Ulsaventon/gsp-classes:/home/angeldat/.gradle/caches/modules-2/files-2.1/org.grails.plugins/spring-security-core/3.2.1/787fbf150eed167b226be8cc3d7c84d0370a5eaa/spring-security-core-3.2.1.jar:/home/angeldat/.gradle/caches/modules-2/files-2.1/org.springframework.boot/spring-boot-starter-logging/1.5.12.RELEASE/88b9a16ff87f0a7faec7848e9a5626ffbbac588f/spring-boot-starter-logging-1.5.12.RELEASE.jar:/home/angeldat/.gradle/caches/modules-2/files-2.1/org.springframework.boot/spring-boot-autoconfigure/1.5.12.RELEASE/932ab2609793ebc00576cbae77085bb83e5c9008/spring-boot-autoconfigure-1.5.12.RELEASE.jar:/home/angeldat/.gradle/caches/modules-2/files-2.1/org.grails/grails-core/3.3.5/8044ecc48da9a8427953ffb1b7fe0a169b5b75eb/grails-core-3.3.5.jar:/home/angeldat/.gradle/caches/modules-2/files-2.1/org.springframework.boot/spring-boot-starter-actuator/1.5.12.RELEASE/492b2762b659ff66970bda22802d06e1b4ce9f5b/spring-boot-starter-actuator-1.5.12.RELEASE.jar:/home/angeldat/.gradle/caches/modules-2/files-2.1/org.springframework.boot/spring-boot-starter-tomcat/1.5.12.RELEASE/a4e81f071d2b5a9c9fb5a219b361b683a8eb3d91/spring-boot-starter-tomcat-1.5.12.RELEASE.jar:/home/angeldat/.gradle/caches/modules-2/files-2.1/org.grails/grails-web-boot/3.3.5/96b9ec5a3904970ecb1dd5d2d783bb54e46339f/grails-web-boot-3.3.5.jar:/home/angeldat/.gradle/caches/modules-2/files-2.1/org.grails/grails-logging/3.3.5/cd27aad74b27447d2aebe1a85b4fbc89af2d3c3d/grails-logging-3.3.5.jar:/home/angeldat/.gradle/caches/modules-2/files-2.1/org.grails/grails-plugin-rest/3.3.5/225fd803f
Launcher Type: SUN_STANDARD

Environment Variables:
PATH=/usr/local/bin:/usr/bin:/bin:/usr/local/sbin:/usr/lib/jvm/default/bin:/usr/bin/site_perl:/usr/bin/vendor_perl:/usr/bin/core_perl
SHELL=/bin/bash
DISPLAY=:0.0

Signal Handlers:
SIGSEGV: [libjvm.so+0xaac6c0], sa_mask[0]=11111111011111111101111111111110, sa_flags=SA_RESTART|SA_SIGINFO
SIGBUS: [libjvm.so+0xaac6c0], sa_mask[0]=11111111011111111101111111111110, sa_flags=SA_RESTART|SA_SIGINFO
SIGFPE: [libjvm.so+0x8e2e80], sa_mask[0]=11111111011111111101111111111110, sa_flags=SA_RESTART|SA_SIGINFO
SIGPIPE: [libjvm.so+0x8e2e80], sa_mask[0]=11111111011111111101111111111110, sa_flags=SA_RESTART|SA_SIGINFO
SIGXFSZ: [libjvm.so+0x8e2e80], sa_mask[0]=11111111011111111101111111111110, sa_flags=SA_RESTART|SA_SIGINFO
SIGILL: [libjvm.so+0x8e2e80], sa_mask[0]=11111111011111111101111111111110, sa_flags=SA_RESTART|SA_SIGINFO
SIGUSR1: SIG_DFL, sa_mask[0]=00000000000000000000000000000000, sa_flags=none
SIGUSR2: [libjvm.so+0x8e2d30], sa_mask[0]=00100000000000000000000000000000, sa_flags=SA_RESTART|SA_SIGINFO
SIGHUP: [libjvm.so+0x8e31e0], sa_mask[0]=11111111011111111101111111111110, sa_flags=SA_RESTART|SA_SIGINFO
SIGINT: [libjvm.so+0x8e31e0], sa_mask[0]=11111111011111111101111111111110, sa_flags=SA_RESTART|SA_SIGINFO
SIGTERM: [libjvm.so+0x8e31e0], sa_mask[0]=11111111011111111101111111111110, sa_flags=SA_RESTART|SA_SIGINFO
SIGQUIT: [libjvm.so+0x8e31e0], sa_mask[0]=11111111011111111101111111111110, sa_flags=SA_RESTART|SA_SIGINFO


---------------  S Y S T E M  ---------------

OS:DISTRIB_ID=ManjaroLinux
DISTRIB_RELEASE=17.1.10
DISTRIB_CODENAME=Hakoila
DISTRIB_DESCRIPTION="Manjaro Linux"

uname:Linux 4.14.47-1-MANJARO #1 SMP PREEMPT Thu May 31 06:19:52 UTC 2018 x86_64
libc:glibc 2.27 NPTL 2.27 
rlimit: STACK 8192k, CORE infinity, NPROC 15314, NOFILE 4096, AS infinity
load average:0.41 0.75 1.03

/proc/meminfo:
MemTotal:        3934168 kB
MemFree:          169364 kB
MemAvailable:     712516 kB
Buffers:          314360 kB
Cached:           551572 kB
SwapCached:        14924 kB
Active:          2561724 kB
Inactive:         942252 kB
Active(anon):    2184640 kB
Inactive(anon):   611224 kB
Active(file):     377084 kB
Inactive(file):   331028 kB
Unevictable:         400 kB
Mlocked:             400 kB
SwapTotal:       2097148 kB
SwapFree:        1511720 kB
Dirty:               796 kB
Writeback:             0 kB
AnonPages:       2635244 kB
Mapped:           339628 kB
Shmem:            178392 kB
Slab:             135348 kB
SReclaimable:      78992 kB
SUnreclaim:        56356 kB
KernelStack:       10592 kB
PageTables:        45816 kB
NFS_Unstable:          0 kB
Bounce:                0 kB
WritebackTmp:          0 kB
CommitLimit:     4064232 kB
Committed_AS:    8945112 kB
VmallocTotal:   34359738367 kB
VmallocUsed:           0 kB
VmallocChunk:          0 kB
HardwareCorrupted:     0 kB
AnonHugePages:    720896 kB
ShmemHugePages:        0 kB
ShmemPmdMapped:        0 kB
HugePages_Total:       0
HugePages_Free:        0
HugePages_Rsvd:        0
HugePages_Surp:        0
Hugepagesize:       2048 kB
DirectMap4k:      270908 kB
DirectMap2M:     3815424 kB


CPU:total 4 (initial active 4) (2 cores per cpu, 2 threads per core) family 6 model 42 stepping 7, cmov, cx8, fxsr, mmx, sse, sse2, sse3, ssse3, sse4.1, sse4.2, popcnt, avx, aes, clmul, ht, tsc, tscinvbit

/proc/cpuinfo:
processor	: 0
vendor_id	: GenuineIntel
cpu family	: 6
model		: 42
model name	: Intel(R) Core(TM) i5-2410M CPU @ 2.30GHz
stepping	: 7
microcode	: 0x2d
cpu MHz		: 888.467
cache size	: 3072 KB
physical id	: 0
siblings	: 4
core id		: 0
cpu cores	: 2
apicid		: 0
initial apicid	: 0
fpu		: yes
fpu_exception	: yes
cpuid level	: 13
wp		: yes
flags		: fpu vme de pse tsc msr pae mce cx8 apic sep mtrr pge mca cmov pat pse36 clflush dts acpi mmx fxsr sse sse2 ss ht tm pbe syscall nx rdtscp lm constant_tsc arch_perfmon pebs bts nopl xtopology nonstop_tsc cpuid aperfmperf pni pclmulqdq dtes64 monitor ds_cpl vmx est tm2 ssse3 cx16 xtpr pdcm pcid sse4_1 sse4_2 x2apic popcnt tsc_deadline_timer aes xsave avx lahf_lm epb pti ibrs ibpb stibp tpr_shadow vnmi flexpriority ept vpid xsaveopt dtherm ida arat pln pts
bugs		: cpu_meltdown spectre_v1 spectre_v2 spec_store_bypass
bogomips	: 4591.98
clflush size	: 64
cache_alignment	: 64
address sizes	: 36 bits physical, 48 bits virtual
power management:

processor	: 1
vendor_id	: GenuineIntel
cpu family	: 6
model		: 42
model name	: Intel(R) Core(TM) i5-2410M CPU @ 2.30GHz
stepping	: 7
microcode	: 0x2d
cpu MHz		: 914.768
cache size	: 3072 KB
physical id	: 0
siblings	: 4
core id		: 0
cpu cores	: 2
apicid		: 1
initial apicid	: 1
fpu		: yes
fpu_exception	: yes
cpuid level	: 13
wp		: yes
flags		: fpu vme de pse tsc msr pae mce cx8 apic sep mtrr pge mca cmov pat pse36 clflush dts acpi mmx fxsr sse sse2 ss ht tm pbe syscall nx rdtscp lm constant_tsc arch_perfmon pebs bts nopl xtopology nonstop_tsc cpuid aperfmperf pni pclmulqdq dtes64 monitor ds_cpl vmx est tm2 ssse3 cx16 xtpr pdcm pcid sse4_1 sse4_2 x2apic popcnt tsc_deadline_timer aes xsave avx lahf_lm epb pti ibrs ibpb stibp tpr_shadow vnmi flexpriority ept vpid xsaveopt dtherm ida arat pln pts
bugs		: cpu_meltdown spectre_v1 spectre_v2 spec_store_bypass
bogomips	: 4591.98
clflush size	: 64
cache_alignment	: 64
address sizes	: 36 bits physical, 48 bits virtual
power management:

processor	: 2
vendor_id	: GenuineIntel
cpu family	: 6
model		: 42
model name	: Intel(R) Core(TM) i5-2410M CPU @ 2.30GHz
stepping	: 7
microcode	: 0x2d
cpu MHz		: 860.919
cache size	: 3072 KB
physical id	: 0
siblings	: 4
core id		: 1
cpu cores	: 2
apicid		: 2
initial apicid	: 2
fpu		: yes
fpu_exception	: yes
cpuid level	: 13
wp		: yes
flags		: fpu vme de pse tsc msr pae mce cx8 apic sep mtrr pge mca cmov pat pse36 clflush dts acpi mmx fxsr sse sse2 ss ht tm pbe syscall nx rdtscp lm constant_tsc arch_perfmon pebs bts nopl xtopology nonstop_tsc cpuid aperfmperf pni pclmulqdq dtes64 monitor ds_cpl vmx est tm2 ssse3 cx16 xtpr pdcm pcid sse4_1 sse4_2 x2apic popcnt tsc_deadline_timer aes xsave avx lahf_lm epb pti ibrs ibpb stibp tpr_shadow vnmi flexpriority ept vpid xsaveopt dtherm ida arat pln pts
bugs		: cpu_meltdown spectre_v1 spectre_v2 spec_store_bypass
bogomips	: 4591.98
clflush size	: 64
cache_alignment	: 64
address sizes	: 36 bits physical, 48 bits virtual
power management:

processor	: 3
vendor_id	: GenuineIntel
cpu family	: 6
model		: 42
model name	: Intel(R) Core(TM) i5-2410M CPU @ 2.30GHz
stepping	: 7
microcode	: 0x2d
cpu MHz		: 918.902
cache size	: 3072 KB
physical id	: 0
siblings	: 4
core id		: 1
cpu cores	: 2
apicid		: 3
initial apicid	: 3
fpu		: yes
fpu_exception	: yes
cpuid level	: 13
wp		: yes
flags		: fpu vme de pse tsc msr pae mce cx8 apic sep mtrr pge mca cmov pat pse36 clflush dts acpi mmx fxsr sse sse2 ss ht tm pbe syscall nx rdtscp lm constant_tsc arch_perfmon pebs bts nopl xtopology nonstop_tsc cpuid aperfmperf pni pclmulqdq dtes64 monitor ds_cpl vmx est tm2 ssse3 cx16 xtpr pdcm pcid sse4_1 sse4_2 x2apic popcnt tsc_deadline_timer aes xsave avx lahf_lm epb pti ibrs ibpb stibp tpr_shadow vnmi flexpriority ept vpid xsaveopt dtherm ida arat pln pts
bugs		: cpu_meltdown spectre_v1 spectre_v2 spec_store_bypass
bogomips	: 4591.98
clflush size	: 64
cache_alignment	: 64
address sizes	: 36 bits physical, 48 bits virtual
power management:



Memory: 4k page, physical 3934168k(169364k free), swap 2097148k(1511720k free)

vm_info: OpenJDK 64-Bit Server VM (25.172-b11) for linux-amd64 JRE (1.8.0_172-b11), built on Apr 26 2018 02:09:23 by "builduser" with gcc 7.3.1 20180406

time: Wed Jun  6 01:28:06 2018
elapsed time: 1099 seconds (0d 0h 18m 19s)

